Using pre-set license
Built from '2022.1/staging' branch; Version is '2022.1.24f1 (709dddfb713f) revision 7380445'; Using compiler version '192829333'; Build Type 'Release'
OS: 'Windows 10  (10.0.19044) 64bit Professional' Language: 'ko' Physical Memory: 16252 MB
BatchMode: 1, IsHumanControllingUs: 0, StartBugReporterOnCrash: 0, Is64bit: 1, IsPro: 1

COMMAND LINE ARGUMENTS:
C:\Program Files\Unity\Hub\Editor\2022.1.24f1\Editor\Unity.exe
-adb2
-batchMode
-noUpm
-name
AssetImportWorker1
-projectPath
D:/projects/2Dproject/project/2Dproject
-logFile
Logs/AssetImportWorker1.log
-srvPort
6962
Successfully changed project path to: D:/projects/2Dproject/project/2Dproject
D:/projects/2Dproject/project/2Dproject
[UnityMemory] Configuration Parameters - Can be set up in boot.config
    "memorysetup-bucket-allocator-granularity=16"
    "memorysetup-bucket-allocator-bucket-count=8"
    "memorysetup-bucket-allocator-block-size=33554432"
    "memorysetup-bucket-allocator-block-count=8"
    "memorysetup-main-allocator-block-size=16777216"
    "memorysetup-thread-allocator-block-size=16777216"
    "memorysetup-gfx-main-allocator-block-size=16777216"
    "memorysetup-gfx-thread-allocator-block-size=16777216"
    "memorysetup-cache-allocator-block-size=4194304"
    "memorysetup-typetree-allocator-block-size=2097152"
    "memorysetup-profiler-bucket-allocator-granularity=16"
    "memorysetup-profiler-bucket-allocator-bucket-count=8"
    "memorysetup-profiler-bucket-allocator-block-size=33554432"
    "memorysetup-profiler-bucket-allocator-block-count=8"
    "memorysetup-profiler-allocator-block-size=16777216"
    "memorysetup-profiler-editor-allocator-block-size=1048576"
    "memorysetup-temp-allocator-size-main=16777216"
    "memorysetup-job-temp-allocator-block-size=2097152"
    "memorysetup-job-temp-allocator-block-size-background=1048576"
    "memorysetup-job-temp-allocator-reduction-small-platforms=262144"
    "memorysetup-temp-allocator-size-background-worker=32768"
    "memorysetup-temp-allocator-size-job-worker=262144"
    "memorysetup-temp-allocator-size-preload-manager=33554432"
    "memorysetup-temp-allocator-size-nav-mesh-worker=65536"
    "memorysetup-temp-allocator-size-audio-worker=65536"
    "memorysetup-temp-allocator-size-cloud-worker=32768"
    "memorysetup-temp-allocator-size-gi-baking-worker=262144"
    "memorysetup-temp-allocator-size-gfx=262144"
Refreshing native plugins compatible for Editor in 210.02 ms, found 3 plugins.
Preloading 0 native plugins for Editor in 0.00 ms.
Initialize engine version: 2022.1.24f1 (709dddfb713f)
[Subsystems] Discovering subsystems at path C:/Program Files/Unity/Hub/Editor/2022.1.24f1/Editor/Data/Resources/UnitySubsystems
[Subsystems] Discovering subsystems at path D:/projects/2Dproject/project/2Dproject/Assets
GfxDevice: creating device client; threaded=0; jobified=0
Direct3D:
    Version:  Direct3D 11.0 [level 11.1]
    Renderer: NVIDIA GeForce RTX 3070 (ID=0x2488)
    Vendor:   NVIDIA
    VRAM:     8043 MB
    Driver:   31.0.15.1694
Initialize mono
Mono path[0] = 'C:/Program Files/Unity/Hub/Editor/2022.1.24f1/Editor/Data/Managed'
Mono path[1] = 'C:/Program Files/Unity/Hub/Editor/2022.1.24f1/Editor/Data/MonoBleedingEdge/lib/mono/unityjit-win32'
Mono config path = 'C:/Program Files/Unity/Hub/Editor/2022.1.24f1/Editor/Data/MonoBleedingEdge/etc'
Using monoOptions --debugger-agent=transport=dt_socket,embedding=1,server=y,suspend=n,address=127.0.0.1:56128
Begin MonoManager ReloadAssembly
Registering precompiled unity dll's ...
Register platform support module: C:/Program Files/Unity/Hub/Editor/2022.1.24f1/Editor/Data/PlaybackEngines/WindowsStandaloneSupport/UnityEditor.WindowsStandalone.Extensions.dll
Registered in 0.009392 seconds.
Native extension for WindowsStandalone target not found
Refreshing native plugins compatible for Editor in 212.13 ms, found 3 plugins.
Preloading 0 native plugins for Editor in 0.00 ms.
Mono: successfully reloaded assembly
- Completed reload, in  0.908 seconds
Domain Reload Profiling:
	ReloadAssembly (908ms)
		BeginReloadAssembly (87ms)
			ExecutionOrderSort (0ms)
			DisableScriptedObjects (0ms)
			BackupInstance (0ms)
			ReleaseScriptingObjects (0ms)
			CreateAndSetChildDomain (1ms)
		EndReloadAssembly (673ms)
			LoadAssemblies (84ms)
			RebuildTransferFunctionScriptingTraits (0ms)
			SetupTypeCache (134ms)
				TypeCache.Initialize (134ms)
					TypeCache.ScanAssembly (132ms)
				ResolveRequiredComponents (0ms)
			ReleaseScriptCaches (0ms)
			RebuildScriptCaches (42ms)
			SetupLoadedEditorAssemblies (425ms)
				LogAssemblyErrors (0ms)
				InitializePlatformSupportModulesInManaged (11ms)
				SetLoadedEditorAssemblies (9ms)
				RefreshPlugins (212ms)
				BeforeProcessingInitializeOnLoad (2ms)
				ProcessInitializeOnLoadAttributes (143ms)
				ProcessInitializeOnLoadMethodAttributes (48ms)
				AfterProcessingInitializeOnLoad (0ms)
				EditorAssembliesLoaded (0ms)
			ExecutionOrderSort2 (0ms)
			AwakeInstancesAfterBackupRestoration (0ms)
Platform modules already initialized, skipping
Registering precompiled user dll's ...
Registered in 0.006128 seconds.
Begin MonoManager ReloadAssembly
Native extension for WindowsStandalone target not found
Refreshing native plugins compatible for Editor in 177.38 ms, found 3 plugins.
Preloading 0 native plugins for Editor in 0.00 ms.
Mono: successfully reloaded assembly
- Completed reload, in  1.334 seconds
Domain Reload Profiling:
	ReloadAssembly (1335ms)
		BeginReloadAssembly (143ms)
			ExecutionOrderSort (0ms)
			DisableScriptedObjects (7ms)
			BackupInstance (0ms)
			ReleaseScriptingObjects (0ms)
			CreateAndSetChildDomain (24ms)
		EndReloadAssembly (1060ms)
			LoadAssemblies (111ms)
			RebuildTransferFunctionScriptingTraits (0ms)
			SetupTypeCache (250ms)
				TypeCache.Initialize (247ms)
					TypeCache.ScanAssembly (243ms)
				ResolveRequiredComponents (3ms)
			ReleaseScriptCaches (1ms)
			RebuildScriptCaches (58ms)
			SetupLoadedEditorAssemblies (588ms)
				LogAssemblyErrors (0ms)
				InitializePlatformSupportModulesInManaged (6ms)
				SetLoadedEditorAssemblies (8ms)
				RefreshPlugins (177ms)
				BeforeProcessingInitializeOnLoad (83ms)
				ProcessInitializeOnLoadAttributes (258ms)
				ProcessInitializeOnLoadMethodAttributes (43ms)
				AfterProcessingInitializeOnLoad (12ms)
				EditorAssembliesLoaded (0ms)
			ExecutionOrderSort2 (0ms)
			AwakeInstancesAfterBackupRestoration (7ms)
Platform modules already initialized, skipping
========================================================================
Worker process is ready to serve import requests
Launched and connected shader compiler UnityShaderCompiler.exe after 0.13 seconds
Refreshing native plugins compatible for Editor in 3.76 ms, found 3 plugins.
Preloading 0 native plugins for Editor in 0.00 ms.
Unloading 2512 Unused Serialized files (Serialized files now loaded: 0)
Unloading 34 unused Assets / (58.2 KB). Loaded Objects now: 2975.
Memory consumption went from 429.8 MB to 429.7 MB.
Total: 3.033200 ms (FindLiveObjects: 0.209700 ms CreateObjectMapping: 0.131100 ms MarkObjects: 2.618300 ms  DeleteObjects: 0.072900 ms)

AssetImportParameters requested are different than current active one (requested -> active):
  custom:video-decoder-ogg-theora: a1e56fd34408186e4bbccfd4996cb3dc -> 
  custom:container-muxer-webm: aa71ff27fc2769a1b78a27578f13a17b -> 
  custom:container-demuxer-webm: 4f35f7cbe854078d1ac9338744f61a02 -> 
  custom:video-encoder-webm-vp8: eb34c28f22e8b96e1ab97ce403110664 -> 
  custom:audio-encoder-webm-vorbis: bf7c407c2cedff20999df2af8eb42d56 -> 
  custom:framework-win-MediaFoundation: 216162199b28c13a410421893ffa2e32 -> 
  custom:container-demuxer-ogg: 62fdf1f143b41e24485cea50d1cbac27 -> 
  custom:video-decoder-webm-vp8: 9c59270c3fd7afecdb556c50c9e8de78 -> 
  custom:audio-decoder-ogg-vorbis: bf7c407c2cedff20999df2af8eb42d56 -> 
========================================================================
Received Import Request.
  Time since last request: 283993.486652 seconds.
  path: Assets/Pixel Heroes Pack/Sprites/EnvironmentTiles.png
  artifactKey: Guid(b2a7e0834b194fb4a9c2bdf360e7ec27) Importer(815301076,1909f56bfc062723c751e8b465ee728b)
Start importing Assets/Pixel Heroes Pack/Sprites/EnvironmentTiles.png using Guid(b2a7e0834b194fb4a9c2bdf360e7ec27) Importer(815301076,1909f56bfc062723c751e8b465ee728b)  -> (artifact id: 'c9ca13a19104f6f9e0325b50bcdc7cf1') in 0.266225 seconds 
========================================================================
Received Import Request.
  Time since last request: 0.000019 seconds.
  path: Assets/Pixel Heroes Pack
  artifactKey: Guid(c84cbf9a120b9dd4e92e776752cccc2c) Importer(815301076,1909f56bfc062723c751e8b465ee728b)
Start importing Assets/Pixel Heroes Pack using Guid(c84cbf9a120b9dd4e92e776752cccc2c) Importer(815301076,1909f56bfc062723c751e8b465ee728b)  -> (artifact id: '8f6f67a05294e14019d15d786880a109') in 0.005714 seconds 
========================================================================
Received Prepare
Registering precompiled user dll's ...
Registered in 0.006554 seconds.
Begin MonoManager ReloadAssembly
Native extension for WindowsStandalone target not found
Refreshing native plugins compatible for Editor in 1.99 ms, found 3 plugins.
Preloading 0 native plugins for Editor in 0.00 ms.
Mono: successfully reloaded assembly
- Completed reload, in  1.094 seconds
Domain Reload Profiling:
	ReloadAssembly (1094ms)
		BeginReloadAssembly (176ms)
			ExecutionOrderSort (0ms)
			DisableScriptedObjects (8ms)
			BackupInstance (0ms)
			ReleaseScriptingObjects (0ms)
			CreateAndSetChildDomain (35ms)
		EndReloadAssembly (823ms)
			LoadAssemblies (128ms)
			RebuildTransferFunctionScriptingTraits (0ms)
			SetupTypeCache (228ms)
				TypeCache.Initialize (223ms)
					TypeCache.ScanAssembly (219ms)
				ResolveRequiredComponents (5ms)
			ReleaseScriptCaches (2ms)
			RebuildScriptCaches (62ms)
			SetupLoadedEditorAssemblies (388ms)
				LogAssemblyErrors (0ms)
				InitializePlatformSupportModulesInManaged (12ms)
				SetLoadedEditorAssemblies (7ms)
				RefreshPlugins (2ms)
				BeforeProcessingInitializeOnLoad (75ms)
				ProcessInitializeOnLoadAttributes (243ms)
				ProcessInitializeOnLoadMethodAttributes (40ms)
				AfterProcessingInitializeOnLoad (9ms)
				EditorAssembliesLoaded (0ms)
			ExecutionOrderSort2 (0ms)
			AwakeInstancesAfterBackupRestoration (8ms)
Platform modules already initialized, skipping
Refreshing native plugins compatible for Editor in 2.93 ms, found 3 plugins.
Preloading 0 native plugins for Editor in 0.00 ms.
Unloading 2501 Unused Serialized files (Serialized files now loaded: 0)
Unloading 21 unused Assets / (32.5 KB). Loaded Objects now: 2985.
Memory consumption went from 431.7 MB to 431.6 MB.
Total: 3.169500 ms (FindLiveObjects: 0.176200 ms CreateObjectMapping: 0.108200 ms MarkObjects: 2.862500 ms  DeleteObjects: 0.022000 ms)

AssetImportParameters requested are different than current active one (requested -> active):
  custom:video-decoder-ogg-theora: a1e56fd34408186e4bbccfd4996cb3dc -> 
  custom:container-muxer-webm: aa71ff27fc2769a1b78a27578f13a17b -> 
  custom:container-demuxer-webm: 4f35f7cbe854078d1ac9338744f61a02 -> 
  custom:video-encoder-webm-vp8: eb34c28f22e8b96e1ab97ce403110664 -> 
  custom:audio-encoder-webm-vorbis: bf7c407c2cedff20999df2af8eb42d56 -> 
  custom:framework-win-MediaFoundation: 216162199b28c13a410421893ffa2e32 -> 
  custom:container-demuxer-ogg: 62fdf1f143b41e24485cea50d1cbac27 -> 
  custom:video-decoder-webm-vp8: 9c59270c3fd7afecdb556c50c9e8de78 -> 
  custom:audio-decoder-ogg-vorbis: bf7c407c2cedff20999df2af8eb42d56 -> 
========================================================================
Received Import Request.
  Time since last request: 125.046142 seconds.
  path: Assets/Pixel Heroes Pack/ColorSwap/swap_texture.png
  artifactKey: Guid(b7955ae421f994e4a9fdaead7eee1078) Importer(815301076,1909f56bfc062723c751e8b465ee728b)
Start importing Assets/Pixel Heroes Pack/ColorSwap/swap_texture.png using Guid(b7955ae421f994e4a9fdaead7eee1078) Importer(815301076,1909f56bfc062723c751e8b465ee728b)  -> (artifact id: '9cd24b35327402c280bc1000b9fb7f39') in 0.065344 seconds 
========================================================================
Received Import Request.
  Time since last request: 6.301499 seconds.
  path: Assets/Pixel Heroes Pack/Environment/EnvironmentTiles_0.asset
  artifactKey: Guid(a10908d73aab26e40a904320ccfbb8ac) Importer(815301076,1909f56bfc062723c751e8b465ee728b)
Start importing Assets/Pixel Heroes Pack/Environment/EnvironmentTiles_0.asset using Guid(a10908d73aab26e40a904320ccfbb8ac) Importer(815301076,1909f56bfc062723c751e8b465ee728b)  -> (artifact id: 'a030063ef88f2792dd5c5cf1f442b791') in 0.042815 seconds 
========================================================================
Received Import Request.
  Time since last request: 0.000020 seconds.
  path: Assets/Pixel Heroes Pack/Environment/EnvironmentTiles_2.asset
  artifactKey: Guid(5fab5a3016e513240a5f50e9112b7c17) Importer(815301076,1909f56bfc062723c751e8b465ee728b)
Start importing Assets/Pixel Heroes Pack/Environment/EnvironmentTiles_2.asset using Guid(5fab5a3016e513240a5f50e9112b7c17) Importer(815301076,1909f56bfc062723c751e8b465ee728b)  -> (artifact id: 'e2313bdf9b51352eaeeb8f57205c4ed3') in 0.027017 seconds 
========================================================================
Received Prepare
Registering precompiled user dll's ...
Registered in 0.005537 seconds.
Begin MonoManager ReloadAssembly
Native extension for WindowsStandalone target not found
Refreshing native plugins compatible for Editor in 3.09 ms, found 3 plugins.
Preloading 0 native plugins for Editor in 0.00 ms.
Mono: successfully reloaded assembly
- Completed reload, in  1.308 seconds
Domain Reload Profiling:
	ReloadAssembly (1309ms)
		BeginReloadAssembly (168ms)
			ExecutionOrderSort (0ms)
			DisableScriptedObjects (9ms)
			BackupInstance (0ms)
			ReleaseScriptingObjects (0ms)
			CreateAndSetChildDomain (45ms)
		EndReloadAssembly (1014ms)
			LoadAssemblies (118ms)
			RebuildTransferFunctionScriptingTraits (0ms)
			SetupTypeCache (326ms)
				TypeCache.Initialize (323ms)
					TypeCache.ScanAssembly (317ms)
				ResolveRequiredComponents (4ms)
			ReleaseScriptCaches (1ms)
			RebuildScriptCaches (65ms)
			SetupLoadedEditorAssemblies (442ms)
				LogAssemblyErrors (0ms)
				InitializePlatformSupportModulesInManaged (16ms)
				SetLoadedEditorAssemblies (10ms)
				RefreshPlugins (3ms)
				BeforeProcessingInitializeOnLoad (91ms)
				ProcessInitializeOnLoadAttributes (266ms)
				ProcessInitializeOnLoadMethodAttributes (44ms)
				AfterProcessingInitializeOnLoad (12ms)
				EditorAssembliesLoaded (0ms)
			ExecutionOrderSort2 (0ms)
			AwakeInstancesAfterBackupRestoration (12ms)
Platform modules already initialized, skipping
Refreshing native plugins compatible for Editor in 6.57 ms, found 3 plugins.
Preloading 0 native plugins for Editor in 0.00 ms.
Unloading 2501 Unused Serialized files (Serialized files now loaded: 0)
Unloading 21 unused Assets / (32.5 KB). Loaded Objects now: 2992.
Memory consumption went from 431.7 MB to 431.7 MB.
Total: 2.922900 ms (FindLiveObjects: 0.214400 ms CreateObjectMapping: 0.147400 ms MarkObjects: 2.534600 ms  DeleteObjects: 0.025400 ms)

AssetImportParameters requested are different than current active one (requested -> active):
  custom:video-decoder-ogg-theora: a1e56fd34408186e4bbccfd4996cb3dc -> 
  custom:container-muxer-webm: aa71ff27fc2769a1b78a27578f13a17b -> 
  custom:container-demuxer-webm: 4f35f7cbe854078d1ac9338744f61a02 -> 
  custom:video-encoder-webm-vp8: eb34c28f22e8b96e1ab97ce403110664 -> 
  custom:audio-encoder-webm-vorbis: bf7c407c2cedff20999df2af8eb42d56 -> 
  custom:framework-win-MediaFoundation: 216162199b28c13a410421893ffa2e32 -> 
  custom:container-demuxer-ogg: 62fdf1f143b41e24485cea50d1cbac27 -> 
  custom:video-decoder-webm-vp8: 9c59270c3fd7afecdb556c50c9e8de78 -> 
  custom:audio-decoder-ogg-vorbis: bf7c407c2cedff20999df2af8eb42d56 -> 
========================================================================
Received Import Request.
  Time since last request: 55.550785 seconds.
  path: Assets/Pixel Heroes Pack/Sprites/Druid/Druid_Death.png
  artifactKey: Guid(2ca7ee980c734bd4d8a971a4e633d84a) Importer(815301076,1909f56bfc062723c751e8b465ee728b)
Start importing Assets/Pixel Heroes Pack/Sprites/Druid/Druid_Death.png using Guid(2ca7ee980c734bd4d8a971a4e633d84a) Importer(815301076,1909f56bfc062723c751e8b465ee728b)  -> (artifact id: '356dda675c7d87a9a02d6b9ee8e8cb1d') in 0.127806 seconds 
========================================================================
Received Import Request.
  Time since last request: 12.196381 seconds.
  path: Assets/Pixel Heroes Pack/Sprites/Alchemist/Alchemist_Attack_Green.png
  artifactKey: Guid(b30cd2ad15e7882488445a03c6bc0a56) Importer(815301076,1909f56bfc062723c751e8b465ee728b)
Start importing Assets/Pixel Heroes Pack/Sprites/Alchemist/Alchemist_Attack_Green.png using Guid(b30cd2ad15e7882488445a03c6bc0a56) Importer(815301076,1909f56bfc062723c751e8b465ee728b)  -> (artifact id: '8babb4b342b2d1ee87610f4047d17e95') in 0.235731 seconds 
========================================================================
Received Import Request.
  Time since last request: 0.000017 seconds.
  path: Assets/Pixel Heroes Pack/Sprites/Alchemist/Barbarian_DeathNoBlood.png
  artifactKey: Guid(e695bfe2f8bac4046b43032563fcaa94) Importer(815301076,1909f56bfc062723c751e8b465ee728b)
Start importing Assets/Pixel Heroes Pack/Sprites/Alchemist/Barbarian_DeathNoBlood.png using Guid(e695bfe2f8bac4046b43032563fcaa94) Importer(815301076,1909f56bfc062723c751e8b465ee728b)  -> (artifact id: '00194136a2bbd10aa8a1bd05fc23699f') in 0.148548 seconds 
========================================================================
Received Import Request.
  Time since last request: 0.000035 seconds.
  path: Assets/Pixel Heroes Pack/Sprites/Alchemist/Alchemist_Attack_Red.png
  artifactKey: Guid(f39e98ca94dd3734985cb270bf111c2e) Importer(815301076,1909f56bfc062723c751e8b465ee728b)
Start importing Assets/Pixel Heroes Pack/Sprites/Alchemist/Alchemist_Attack_Red.png using Guid(f39e98ca94dd3734985cb270bf111c2e) Importer(815301076,1909f56bfc062723c751e8b465ee728b)  -> (artifact id: '410f5054646392645952b589690e4adb') in 0.080508 seconds 
========================================================================
Received Import Request.
  Time since last request: 11.351833 seconds.
  path: Assets/Pixel Heroes Pack/Sprites/Blademaster/Blademaster_Death.png
  artifactKey: Guid(7c953eacead6aa042a5de5b1cc469d3b) Importer(815301076,1909f56bfc062723c751e8b465ee728b)
Start importing Assets/Pixel Heroes Pack/Sprites/Blademaster/Blademaster_Death.png using Guid(7c953eacead6aa042a5de5b1cc469d3b) Importer(815301076,1909f56bfc062723c751e8b465ee728b)  -> (artifact id: '7c9e72a87568aa9853aeb5b0c6170993') in 0.338786 seconds 
========================================================================
Received Import Request.
  Time since last request: 0.000022 seconds.
  path: Assets/Pixel Heroes Pack/Sprites/Blademaster/Blademaster_DeathNoBlood.png
  artifactKey: Guid(48cc28a6b964419458b9f3e599fdf002) Importer(815301076,1909f56bfc062723c751e8b465ee728b)
Start importing Assets/Pixel Heroes Pack/Sprites/Blademaster/Blademaster_DeathNoBlood.png using Guid(48cc28a6b964419458b9f3e599fdf002) Importer(815301076,1909f56bfc062723c751e8b465ee728b)  -> (artifact id: 'fca398b02c5fcdd10a45086b0e6de9a3') in 0.039846 seconds 
========================================================================
Received Import Request.
  Time since last request: 5.092793 seconds.
  path: Assets/Pixel Heroes Pack/Sprites/Fire Mage/Firemage_AttackNoEffects.png
  artifactKey: Guid(a54d17a0cb025d24ca97ed8074f550e7) Importer(815301076,1909f56bfc062723c751e8b465ee728b)
Start importing Assets/Pixel Heroes Pack/Sprites/Fire Mage/Firemage_AttackNoEffects.png using Guid(a54d17a0cb025d24ca97ed8074f550e7) Importer(815301076,1909f56bfc062723c751e8b465ee728b)  -> (artifact id: 'a774e0263f15670b28fa0e3bb1115831') in 0.399223 seconds 
========================================================================
Received Import Request.
  Time since last request: 0.000022 seconds.
  path: Assets/Pixel Heroes Pack/Sprites/Fire Mage/Firemage_DeathNoBlood.png
  artifactKey: Guid(8c28ef122644f1c4eaf0031958fb8001) Importer(815301076,1909f56bfc062723c751e8b465ee728b)
Start importing Assets/Pixel Heroes Pack/Sprites/Fire Mage/Firemage_DeathNoBlood.png using Guid(8c28ef122644f1c4eaf0031958fb8001) Importer(815301076,1909f56bfc062723c751e8b465ee728b)  -> (artifact id: '38bd00d1e1bdb7b4d546c2fe7a4bba08') in 0.080014 seconds 
========================================================================
Received Import Request.
  Time since last request: 2.735051 seconds.
  path: Assets/Pixel Heroes Pack/Sprites/Necromancer/Necromancer_DeathNoBlood.png
  artifactKey: Guid(7e563340b43a4d8429b9a7990d9eb748) Importer(815301076,1909f56bfc062723c751e8b465ee728b)
Start importing Assets/Pixel Heroes Pack/Sprites/Necromancer/Necromancer_DeathNoBlood.png using Guid(7e563340b43a4d8429b9a7990d9eb748) Importer(815301076,1909f56bfc062723c751e8b465ee728b)  -> (artifact id: '586020dde6e4207e8be219cae479ab10') in 0.115450 seconds 
========================================================================
Received Import Request.
  Time since last request: 3.710057 seconds.
  path: Assets/Pixel Heroes Pack/Sprites/Priest/Priest_DeathNoBlood.png
  artifactKey: Guid(e200eb84a79ea0042860267d824750eb) Importer(815301076,1909f56bfc062723c751e8b465ee728b)
Start importing Assets/Pixel Heroes Pack/Sprites/Priest/Priest_DeathNoBlood.png using Guid(e200eb84a79ea0042860267d824750eb) Importer(815301076,1909f56bfc062723c751e8b465ee728b)  -> (artifact id: '535e09d263eb22ce6feddebc431d809c') in 0.214670 seconds 
========================================================================
Received Import Request.
  Time since last request: 0.000017 seconds.
  path: Assets/Pixel Heroes Pack/Sprites/Priest/Priest_Heal.png
  artifactKey: Guid(43e6e795e90df5c4bbb52f64391cf476) Importer(815301076,1909f56bfc062723c751e8b465ee728b)
Start importing Assets/Pixel Heroes Pack/Sprites/Priest/Priest_Heal.png using Guid(43e6e795e90df5c4bbb52f64391cf476) Importer(815301076,1909f56bfc062723c751e8b465ee728b)  -> (artifact id: '476b9dc05ad12c3d09be792e71cc25e6') in 0.136854 seconds 
========================================================================
Received Import Request.
  Time since last request: 2.505143 seconds.
  path: Assets/Pixel Heroes Pack/Sprites/Rogue/Rogue_DeathNoBlood.png
  artifactKey: Guid(e1f80b4362373854d87049f7fdef48ce) Importer(815301076,1909f56bfc062723c751e8b465ee728b)
Start importing Assets/Pixel Heroes Pack/Sprites/Rogue/Rogue_DeathNoBlood.png using Guid(e1f80b4362373854d87049f7fdef48ce) Importer(815301076,1909f56bfc062723c751e8b465ee728b)  -> (artifact id: '1388a2a44b104b1eac43b03deef20258') in 0.087929 seconds 
========================================================================
Received Import Request.
  Time since last request: 0.000017 seconds.
  path: Assets/Pixel Heroes Pack/Sprites/Rogue/Shuriken.png
  artifactKey: Guid(c9425a0a07de17d448634afef40b7445) Importer(815301076,1909f56bfc062723c751e8b465ee728b)
Start importing Assets/Pixel Heroes Pack/Sprites/Rogue/Shuriken.png using Guid(c9425a0a07de17d448634afef40b7445) Importer(815301076,1909f56bfc062723c751e8b465ee728b)  -> (artifact id: '332dff68fe259a2b2d82eb9abaacfe04') in 0.054212 seconds 
========================================================================
Received Import Request.
  Time since last request: 3.649762 seconds.
  path: Assets/Pixel Heroes Pack/Sprites/Storm Mage/StormMage_Attack.png
  artifactKey: Guid(c3bcfe38fa7b95443b7f87baafe9863a) Importer(815301076,1909f56bfc062723c751e8b465ee728b)
Start importing Assets/Pixel Heroes Pack/Sprites/Storm Mage/StormMage_Attack.png using Guid(c3bcfe38fa7b95443b7f87baafe9863a) Importer(815301076,1909f56bfc062723c751e8b465ee728b)  -> (artifact id: '60ee30fdf7cbf1ee6bd95bce9ac86e73') in 0.281664 seconds 
========================================================================
Received Import Request.
  Time since last request: 0.000031 seconds.
  path: Assets/Pixel Heroes Pack/Sprites/Storm Mage/StormMage_DeathNoBlood.png
  artifactKey: Guid(5f4dc471d35a9be4c8ee2bfd376be6ed) Importer(815301076,1909f56bfc062723c751e8b465ee728b)
Start importing Assets/Pixel Heroes Pack/Sprites/Storm Mage/StormMage_DeathNoBlood.png using Guid(5f4dc471d35a9be4c8ee2bfd376be6ed) Importer(815301076,1909f56bfc062723c751e8b465ee728b)  -> (artifact id: '0eb71286864b50f5007865b37afaa1d8') in 0.062625 seconds 
========================================================================
Received Import Request.
  Time since last request: 3.595427 seconds.
  path: Assets/Pixel Heroes Pack/Sprites/Warlock/Warlock_DeathNoBlood.png
  artifactKey: Guid(51d0492331739c146b634ce7dbdea808) Importer(815301076,1909f56bfc062723c751e8b465ee728b)
Start importing Assets/Pixel Heroes Pack/Sprites/Warlock/Warlock_DeathNoBlood.png using Guid(51d0492331739c146b634ce7dbdea808) Importer(815301076,1909f56bfc062723c751e8b465ee728b)  -> (artifact id: '018731acb4dd44bdd247b5704fba398d') in 0.135012 seconds 
========================================================================
Received Import Request.
  Time since last request: 22.531426 seconds.
  path: Assets/SPUM/SPUM_Sprites/BodySource/Species/0_Human/Human_3.png
  artifactKey: Guid(f4fd86b5ee49b470697a84be25c668cb) Importer(815301076,1909f56bfc062723c751e8b465ee728b)
Start importing Assets/SPUM/SPUM_Sprites/BodySource/Species/0_Human/Human_3.png using Guid(f4fd86b5ee49b470697a84be25c668cb) Importer(815301076,1909f56bfc062723c751e8b465ee728b)  -> (artifact id: 'faf8667e2b615cd864035b9b7097b104') in 0.039982 seconds 
========================================================================
Received Prepare
Registering precompiled user dll's ...
Registered in 0.006595 seconds.
Begin MonoManager ReloadAssembly
Native extension for WindowsStandalone target not found
Refreshing native plugins compatible for Editor in 3.02 ms, found 3 plugins.
Preloading 0 native plugins for Editor in 0.00 ms.
Mono: successfully reloaded assembly
- Completed reload, in  1.324 seconds
Domain Reload Profiling:
	ReloadAssembly (1326ms)
		BeginReloadAssembly (170ms)
			ExecutionOrderSort (0ms)
			DisableScriptedObjects (8ms)
			BackupInstance (0ms)
			ReleaseScriptingObjects (0ms)
			CreateAndSetChildDomain (46ms)
		EndReloadAssembly (1034ms)
			LoadAssemblies (121ms)
			RebuildTransferFunctionScriptingTraits (0ms)
			SetupTypeCache (265ms)
				TypeCache.Initialize (261ms)
					TypeCache.ScanAssembly (256ms)
				ResolveRequiredComponents (4ms)
			ReleaseScriptCaches (1ms)
			RebuildScriptCaches (69ms)
			SetupLoadedEditorAssemblies (509ms)
				LogAssemblyErrors (0ms)
				InitializePlatformSupportModulesInManaged (17ms)
				SetLoadedEditorAssemblies (9ms)
				RefreshPlugins (3ms)
				BeforeProcessingInitializeOnLoad (118ms)
				ProcessInitializeOnLoadAttributes (304ms)
				ProcessInitializeOnLoadMethodAttributes (44ms)
				AfterProcessingInitializeOnLoad (12ms)
				EditorAssembliesLoaded (0ms)
			ExecutionOrderSort2 (0ms)
			AwakeInstancesAfterBackupRestoration (12ms)
Platform modules already initialized, skipping
Refreshing native plugins compatible for Editor in 6.98 ms, found 3 plugins.
Preloading 0 native plugins for Editor in 0.00 ms.
Unloading 2501 Unused Serialized files (Serialized files now loaded: 0)
Unloading 21 unused Assets / (32.5 KB). Loaded Objects now: 3026.
Memory consumption went from 431.8 MB to 431.8 MB.
Total: 3.857900 ms (FindLiveObjects: 0.340300 ms CreateObjectMapping: 0.287800 ms MarkObjects: 3.196000 ms  DeleteObjects: 0.032900 ms)

AssetImportParameters requested are different than current active one (requested -> active):
  custom:video-decoder-ogg-theora: a1e56fd34408186e4bbccfd4996cb3dc -> 
  custom:container-muxer-webm: aa71ff27fc2769a1b78a27578f13a17b -> 
  custom:container-demuxer-webm: 4f35f7cbe854078d1ac9338744f61a02 -> 
  custom:video-encoder-webm-vp8: eb34c28f22e8b96e1ab97ce403110664 -> 
  custom:audio-encoder-webm-vorbis: bf7c407c2cedff20999df2af8eb42d56 -> 
  custom:framework-win-MediaFoundation: 216162199b28c13a410421893ffa2e32 -> 
  custom:container-demuxer-ogg: 62fdf1f143b41e24485cea50d1cbac27 -> 
  custom:video-decoder-webm-vp8: 9c59270c3fd7afecdb556c50c9e8de78 -> 
  custom:audio-decoder-ogg-vorbis: bf7c407c2cedff20999df2af8eb42d56 -> 
Editor requested this worker to shutdown with reason: Scaling down because of idle timeout
AssetImportWorker is now disconnected from the server
Process exiting
Exiting without the bug reporter. Application will terminate with return code 0