Using pre-set license
Built from '2022.1/staging' branch; Version is '2022.1.24f1 (709dddfb713f) revision 7380445'; Using compiler version '192829333'; Build Type 'Release'
OS: 'Windows 10  (10.0.19044) 64bit Professional' Language: 'ko' Physical Memory: 16252 MB
BatchMode: 1, IsHumanControllingUs: 0, StartBugReporterOnCrash: 0, Is64bit: 1, IsPro: 1

COMMAND LINE ARGUMENTS:
C:\Program Files\Unity\Hub\Editor\2022.1.24f1\Editor\Unity.exe
-adb2
-batchMode
-noUpm
-name
AssetImportWorker2
-projectPath
D:/projects/2Dproject/project/2Dproject
-logFile
Logs/AssetImportWorker2.log
-srvPort
14570
Successfully changed project path to: D:/projects/2Dproject/project/2Dproject
D:/projects/2Dproject/project/2Dproject
[UnityMemory] Configuration Parameters - Can be set up in boot.config
    "memorysetup-bucket-allocator-granularity=16"
    "memorysetup-bucket-allocator-bucket-count=8"
    "memorysetup-bucket-allocator-block-size=33554432"
    "memorysetup-bucket-allocator-block-count=8"
    "memorysetup-main-allocator-block-size=16777216"
    "memorysetup-thread-allocator-block-size=16777216"
    "memorysetup-gfx-main-allocator-block-size=16777216"
    "memorysetup-gfx-thread-allocator-block-size=16777216"
    "memorysetup-cache-allocator-block-size=4194304"
    "memorysetup-typetree-allocator-block-size=2097152"
    "memorysetup-profiler-bucket-allocator-granularity=16"
    "memorysetup-profiler-bucket-allocator-bucket-count=8"
    "memorysetup-profiler-bucket-allocator-block-size=33554432"
    "memorysetup-profiler-bucket-allocator-block-count=8"
    "memorysetup-profiler-allocator-block-size=16777216"
    "memorysetup-profiler-editor-allocator-block-size=1048576"
    "memorysetup-temp-allocator-size-main=16777216"
    "memorysetup-job-temp-allocator-block-size=2097152"
    "memorysetup-job-temp-allocator-block-size-background=1048576"
    "memorysetup-job-temp-allocator-reduction-small-platforms=262144"
    "memorysetup-temp-allocator-size-background-worker=32768"
    "memorysetup-temp-allocator-size-job-worker=262144"
    "memorysetup-temp-allocator-size-preload-manager=33554432"
    "memorysetup-temp-allocator-size-nav-mesh-worker=65536"
    "memorysetup-temp-allocator-size-audio-worker=65536"
    "memorysetup-temp-allocator-size-cloud-worker=32768"
    "memorysetup-temp-allocator-size-gi-baking-worker=262144"
    "memorysetup-temp-allocator-size-gfx=262144"
Refreshing native plugins compatible for Editor in 202.69 ms, found 3 plugins.
Preloading 0 native plugins for Editor in 0.00 ms.
Initialize engine version: 2022.1.24f1 (709dddfb713f)
[Subsystems] Discovering subsystems at path C:/Program Files/Unity/Hub/Editor/2022.1.24f1/Editor/Data/Resources/UnitySubsystems
[Subsystems] Discovering subsystems at path D:/projects/2Dproject/project/2Dproject/Assets
GfxDevice: creating device client; threaded=0; jobified=0
Direct3D:
    Version:  Direct3D 11.0 [level 11.1]
    Renderer: NVIDIA GeForce RTX 3070 (ID=0x2488)
    Vendor:   NVIDIA
    VRAM:     8043 MB
    Driver:   31.0.15.1694
Initialize mono
Mono path[0] = 'C:/Program Files/Unity/Hub/Editor/2022.1.24f1/Editor/Data/Managed'
Mono path[1] = 'C:/Program Files/Unity/Hub/Editor/2022.1.24f1/Editor/Data/MonoBleedingEdge/lib/mono/unityjit-win32'
Mono config path = 'C:/Program Files/Unity/Hub/Editor/2022.1.24f1/Editor/Data/MonoBleedingEdge/etc'
Using monoOptions --debugger-agent=transport=dt_socket,embedding=1,server=y,suspend=n,address=127.0.0.1:56768
Begin MonoManager ReloadAssembly
Registering precompiled unity dll's ...
Register platform support module: C:/Program Files/Unity/Hub/Editor/2022.1.24f1/Editor/Data/PlaybackEngines/WindowsStandaloneSupport/UnityEditor.WindowsStandalone.Extensions.dll
Registered in 0.009728 seconds.
Native extension for WindowsStandalone target not found
Refreshing native plugins compatible for Editor in 172.96 ms, found 3 plugins.
Preloading 0 native plugins for Editor in 0.00 ms.
Mono: successfully reloaded assembly
- Completed reload, in  1.260 seconds
Domain Reload Profiling:
	ReloadAssembly (1260ms)
		BeginReloadAssembly (89ms)
			ExecutionOrderSort (0ms)
			DisableScriptedObjects (0ms)
			BackupInstance (0ms)
			ReleaseScriptingObjects (0ms)
			CreateAndSetChildDomain (1ms)
		EndReloadAssembly (852ms)
			LoadAssemblies (87ms)
			RebuildTransferFunctionScriptingTraits (0ms)
			SetupTypeCache (355ms)
				TypeCache.Initialize (355ms)
					TypeCache.ScanAssembly (354ms)
				ResolveRequiredComponents (1ms)
			ReleaseScriptCaches (0ms)
			RebuildScriptCaches (32ms)
			SetupLoadedEditorAssemblies (403ms)
				LogAssemblyErrors (0ms)
				InitializePlatformSupportModulesInManaged (10ms)
				SetLoadedEditorAssemblies (7ms)
				RefreshPlugins (173ms)
				BeforeProcessingInitializeOnLoad (2ms)
				ProcessInitializeOnLoadAttributes (145ms)
				ProcessInitializeOnLoadMethodAttributes (65ms)
				AfterProcessingInitializeOnLoad (0ms)
				EditorAssembliesLoaded (0ms)
			ExecutionOrderSort2 (0ms)
			AwakeInstancesAfterBackupRestoration (0ms)
Platform modules already initialized, skipping
Registering precompiled user dll's ...
Registered in 0.005815 seconds.
Begin MonoManager ReloadAssembly
Native extension for WindowsStandalone target not found
Refreshing native plugins compatible for Editor in 162.34 ms, found 3 plugins.
Preloading 0 native plugins for Editor in 0.00 ms.
Mono: successfully reloaded assembly
- Completed reload, in  1.416 seconds
Domain Reload Profiling:
	ReloadAssembly (1417ms)
		BeginReloadAssembly (132ms)
			ExecutionOrderSort (0ms)
			DisableScriptedObjects (6ms)
			BackupInstance (0ms)
			ReleaseScriptingObjects (0ms)
			CreateAndSetChildDomain (21ms)
		EndReloadAssembly (1142ms)
			LoadAssemblies (104ms)
			RebuildTransferFunctionScriptingTraits (0ms)
			SetupTypeCache (312ms)
				TypeCache.Initialize (309ms)
					TypeCache.ScanAssembly (305ms)
				ResolveRequiredComponents (3ms)
			ReleaseScriptCaches (0ms)
			RebuildScriptCaches (57ms)
			SetupLoadedEditorAssemblies (617ms)
				LogAssemblyErrors (0ms)
				InitializePlatformSupportModulesInManaged (5ms)
				SetLoadedEditorAssemblies (7ms)
				RefreshPlugins (162ms)
				BeforeProcessingInitializeOnLoad (73ms)
				ProcessInitializeOnLoadAttributes (317ms)
				ProcessInitializeOnLoadMethodAttributes (42ms)
				AfterProcessingInitializeOnLoad (10ms)
				EditorAssembliesLoaded (0ms)
			ExecutionOrderSort2 (0ms)
			AwakeInstancesAfterBackupRestoration (7ms)
Platform modules already initialized, skipping
========================================================================
Worker process is ready to serve import requests
Launched and connected shader compiler UnityShaderCompiler.exe after 0.16 seconds
Refreshing native plugins compatible for Editor in 3.81 ms, found 3 plugins.
Preloading 0 native plugins for Editor in 0.00 ms.
Unloading 2519 Unused Serialized files (Serialized files now loaded: 0)
Unloading 34 unused Assets / (58.3 KB). Loaded Objects now: 2984.
Memory consumption went from 430.9 MB to 430.8 MB.
Total: 3.796100 ms (FindLiveObjects: 0.243600 ms CreateObjectMapping: 0.210500 ms MarkObjects: 3.256000 ms  DeleteObjects: 0.085100 ms)

AssetImportParameters requested are different than current active one (requested -> active):
  custom:video-decoder-ogg-theora: a1e56fd34408186e4bbccfd4996cb3dc -> 
  custom:container-muxer-webm: aa71ff27fc2769a1b78a27578f13a17b -> 
  custom:container-demuxer-webm: 4f35f7cbe854078d1ac9338744f61a02 -> 
  custom:video-encoder-webm-vp8: eb34c28f22e8b96e1ab97ce403110664 -> 
  custom:audio-encoder-webm-vorbis: bf7c407c2cedff20999df2af8eb42d56 -> 
  custom:framework-win-MediaFoundation: 216162199b28c13a410421893ffa2e32 -> 
  custom:container-demuxer-ogg: 62fdf1f143b41e24485cea50d1cbac27 -> 
  custom:video-decoder-webm-vp8: 9c59270c3fd7afecdb556c50c9e8de78 -> 
  custom:audio-decoder-ogg-vorbis: bf7c407c2cedff20999df2af8eb42d56 -> 
========================================================================
Received Import Request.
  Time since last request: 382587.645888 seconds.
  path: Assets/0. Scenes/Intro.unity
  artifactKey: Guid(1e7e2b386c133fa46a3127160030dca0) Importer(815301076,1909f56bfc062723c751e8b465ee728b)
Start importing Assets/0. Scenes/Intro.unity using Guid(1e7e2b386c133fa46a3127160030dca0) Importer(815301076,1909f56bfc062723c751e8b465ee728b)  -> (artifact id: '85f88be9622a7a8e926ed8e26168bc05') in 0.002877 seconds 
========================================================================
Received Import Request.
  Time since last request: 32.719046 seconds.
  path: Assets/Casual Music Pack/Music Loops
  artifactKey: Guid(30854ed3d71aa6f48b05ae5e48ccee79) Importer(815301076,1909f56bfc062723c751e8b465ee728b)
Start importing Assets/Casual Music Pack/Music Loops using Guid(30854ed3d71aa6f48b05ae5e48ccee79) Importer(815301076,1909f56bfc062723c751e8b465ee728b)  -> (artifact id: '19c45de9406aab8a6698309e98c218d7') in 0.007853 seconds 
========================================================================
Received Import Request.
  Time since last request: 0.895347 seconds.
  path: Assets/Casual Music Pack/Jingles
  artifactKey: Guid(792423c1a02d91446b6ff19d9227b864) Importer(815301076,1909f56bfc062723c751e8b465ee728b)
Start importing Assets/Casual Music Pack/Jingles using Guid(792423c1a02d91446b6ff19d9227b864) Importer(815301076,1909f56bfc062723c751e8b465ee728b)  -> (artifact id: '0394e3d5d3a22ff549e8a00fedbf35aa') in 0.008893 seconds 
========================================================================
Received Import Request.
  Time since last request: 0.729182 seconds.
  path: Assets/Casual Music Pack/Jingles/Negative 1.wav
  artifactKey: Guid(93d0992bb42d01b48a2bcdea7f9e0e10) Importer(815301076,1909f56bfc062723c751e8b465ee728b)
Start importing Assets/Casual Music Pack/Jingles/Negative 1.wav using Guid(93d0992bb42d01b48a2bcdea7f9e0e10) Importer(815301076,1909f56bfc062723c751e8b465ee728b)  -> (artifact id: '8347b3377a3e16f62f5e8966ffb0c76b') in 0.205484 seconds 
========================================================================
Received Import Request.
  Time since last request: 0.000018 seconds.
  path: Assets/Casual Music Pack/Jingles/Negative 10.wav
  artifactKey: Guid(2adabc71101249b41a82cf2e1eab39dc) Importer(815301076,1909f56bfc062723c751e8b465ee728b)
Start importing Assets/Casual Music Pack/Jingles/Negative 10.wav using Guid(2adabc71101249b41a82cf2e1eab39dc) Importer(815301076,1909f56bfc062723c751e8b465ee728b)  -> (artifact id: 'd5fbfe8e39b6ea2637fd99addab93c46') in 0.016293 seconds 
========================================================================
Received Import Request.
  Time since last request: 0.000023 seconds.
  path: Assets/Casual Music Pack/Jingles/Positive 3.wav
  artifactKey: Guid(d15d2dbe42e36cf4fb27f94524e4ace1) Importer(815301076,1909f56bfc062723c751e8b465ee728b)
Start importing Assets/Casual Music Pack/Jingles/Positive 3.wav using Guid(d15d2dbe42e36cf4fb27f94524e4ace1) Importer(815301076,1909f56bfc062723c751e8b465ee728b)  -> (artifact id: '2dfe0e7e64908890cb3c966df6dbc560') in 0.018887 seconds 
========================================================================
Received Import Request.
  Time since last request: 0.000025 seconds.
  path: Assets/Casual Music Pack/Jingles/Positive 6.wav
  artifactKey: Guid(c9d9185a5e57b854b9b8553453d24564) Importer(815301076,1909f56bfc062723c751e8b465ee728b)
Start importing Assets/Casual Music Pack/Jingles/Positive 6.wav using Guid(c9d9185a5e57b854b9b8553453d24564) Importer(815301076,1909f56bfc062723c751e8b465ee728b)  -> (artifact id: '1949abc3caf2334b2cfb862db9649c09') in 0.022389 seconds 
========================================================================
Received Import Request.
  Time since last request: 0.000022 seconds.
  path: Assets/Casual Music Pack/Jingles/Positive 9.wav
  artifactKey: Guid(f2550f92922d74248922d6184f32f68c) Importer(815301076,1909f56bfc062723c751e8b465ee728b)
Start importing Assets/Casual Music Pack/Jingles/Positive 9.wav using Guid(f2550f92922d74248922d6184f32f68c) Importer(815301076,1909f56bfc062723c751e8b465ee728b)  -> (artifact id: 'd796b773df45bdbe394c2842c20cfe0d') in 0.014156 seconds 
========================================================================
Received Import Request.
  Time since last request: 0.000019 seconds.
  path: Assets/Casual Music Pack/Jingles/Negative 9.wav
  artifactKey: Guid(6e1723e405484c447ac8bf74d6c8c074) Importer(815301076,1909f56bfc062723c751e8b465ee728b)
Start importing Assets/Casual Music Pack/Jingles/Negative 9.wav using Guid(6e1723e405484c447ac8bf74d6c8c074) Importer(815301076,1909f56bfc062723c751e8b465ee728b)  -> (artifact id: '8ca4f4dd67afa365e4fb75b15efbad4e') in 0.020227 seconds 
========================================================================
Received Import Request.
  Time since last request: 0.000021 seconds.
  path: Assets/Casual Music Pack/Jingles/Positive 8.wav
  artifactKey: Guid(8f0704be47fad03419c0a6a6c288b1a3) Importer(815301076,1909f56bfc062723c751e8b465ee728b)
Start importing Assets/Casual Music Pack/Jingles/Positive 8.wav using Guid(8f0704be47fad03419c0a6a6c288b1a3) Importer(815301076,1909f56bfc062723c751e8b465ee728b)  -> (artifact id: 'ccf8a882ea7b2bfe9d5b83c3042e24c2') in 0.016940 seconds 
========================================================================
Received Import Request.
  Time since last request: 0.000034 seconds.
  path: Assets/Casual Music Pack/Jingles/Negative 7.wav
  artifactKey: Guid(5e9f7070852054147b31c0155c4a207d) Importer(815301076,1909f56bfc062723c751e8b465ee728b)
Start importing Assets/Casual Music Pack/Jingles/Negative 7.wav using Guid(5e9f7070852054147b31c0155c4a207d) Importer(815301076,1909f56bfc062723c751e8b465ee728b)  -> (artifact id: '7bd85aeeda4b6234f221255e4a9aceca') in 0.026733 seconds 
========================================================================
Received Import Request.
  Time since last request: 0.000023 seconds.
  path: Assets/Casual Music Pack/Jingles/Negative 4.wav
  artifactKey: Guid(6e110cfc2e52ffd4f998055f05d421d8) Importer(815301076,1909f56bfc062723c751e8b465ee728b)
Start importing Assets/Casual Music Pack/Jingles/Negative 4.wav using Guid(6e110cfc2e52ffd4f998055f05d421d8) Importer(815301076,1909f56bfc062723c751e8b465ee728b)  -> (artifact id: 'f1e97453d13d4ef8fe8936166a21b2a7') in 0.016203 seconds 
========================================================================
Received Import Request.
  Time since last request: 31.689610 seconds.
  path: Assets/Casual Music Pack/Ambience
  artifactKey: Guid(42e5b4d3fc47630459ca05b2e061f6eb) Importer(815301076,1909f56bfc062723c751e8b465ee728b)
Start importing Assets/Casual Music Pack/Ambience using Guid(42e5b4d3fc47630459ca05b2e061f6eb) Importer(815301076,1909f56bfc062723c751e8b465ee728b)  -> (artifact id: 'ac39053f2a0a63b5b230e229d4c0f549') in 0.009338 seconds 
========================================================================
Received Import Request.
  Time since last request: 0.051620 seconds.
  path: Assets/Casual Music Pack/Ambience/Amb Beach 1.wav
  artifactKey: Guid(b3411f8054509044c95923ab0a015a1b) Importer(815301076,1909f56bfc062723c751e8b465ee728b)
Start importing Assets/Casual Music Pack/Ambience/Amb Beach 1.wav using Guid(b3411f8054509044c95923ab0a015a1b) Importer(815301076,1909f56bfc062723c751e8b465ee728b)  -> (artifact id: '5f332900c08d885825a928e33889abe5') in 0.013482 seconds 
========================================================================
Received Import Request.
  Time since last request: 0.002291 seconds.
  path: Assets/Casual Music Pack/Ambience/Amb Beach 2.wav
  artifactKey: Guid(a90d418189a62d345b1cc1bab1f50851) Importer(815301076,1909f56bfc062723c751e8b465ee728b)
Start importing Assets/Casual Music Pack/Ambience/Amb Beach 2.wav using Guid(a90d418189a62d345b1cc1bab1f50851) Importer(815301076,1909f56bfc062723c751e8b465ee728b)  -> (artifact id: 'd1c66da569060635515fe60ff6e347c2') in 0.036763 seconds 
========================================================================
Received Import Request.
  Time since last request: 0.001716 seconds.
  path: Assets/Casual Music Pack/Ambience/Amb City 2.wav
  artifactKey: Guid(b4b39c2d1cf3fed4e84d41f3ca411729) Importer(815301076,1909f56bfc062723c751e8b465ee728b)
Start importing Assets/Casual Music Pack/Ambience/Amb City 2.wav using Guid(b4b39c2d1cf3fed4e84d41f3ca411729) Importer(815301076,1909f56bfc062723c751e8b465ee728b)  -> (artifact id: 'f0fa4ea65d772a85fe0a24bc4ff22af5') in 0.014302 seconds 
========================================================================
Received Import Request.
  Time since last request: 0.000018 seconds.
  path: Assets/Casual Music Pack/Ambience/Amb Library.wav
  artifactKey: Guid(18a46cc3e6299cc409b68de6ffbf5e0a) Importer(815301076,1909f56bfc062723c751e8b465ee728b)
Start importing Assets/Casual Music Pack/Ambience/Amb Library.wav using Guid(18a46cc3e6299cc409b68de6ffbf5e0a) Importer(815301076,1909f56bfc062723c751e8b465ee728b)  -> (artifact id: 'da00fd1b2141b4e2a6d17f09490cd0b2') in 0.022543 seconds 
========================================================================
Received Import Request.
  Time since last request: 0.000031 seconds.
  path: Assets/Casual Music Pack/Ambience/Amb School.wav
  artifactKey: Guid(4d016421d6568da4cbab8c93f2f4ae08) Importer(815301076,1909f56bfc062723c751e8b465ee728b)
Start importing Assets/Casual Music Pack/Ambience/Amb School.wav using Guid(4d016421d6568da4cbab8c93f2f4ae08) Importer(815301076,1909f56bfc062723c751e8b465ee728b)  -> (artifact id: 'd5bb0e304680f4b294d98b63a642a1c9') in 0.031871 seconds 
========================================================================
Received Import Request.
  Time since last request: 8.347816 seconds.
  path: Assets/Casual Music Pack/Sound Effects
  artifactKey: Guid(a79fbb654c15f194aaa647c01bee62ce) Importer(815301076,1909f56bfc062723c751e8b465ee728b)
Start importing Assets/Casual Music Pack/Sound Effects using Guid(a79fbb654c15f194aaa647c01bee62ce) Importer(815301076,1909f56bfc062723c751e8b465ee728b)  -> (artifact id: '93090d13bb88eb9a5fff34a55570f7d8') in 0.008313 seconds 
========================================================================
Received Import Request.
  Time since last request: 45.009319 seconds.
  path: Assets/0. Scenes/House.unity
  artifactKey: Guid(7cbf73504a28d7645b6e2cc8c3e11531) Importer(815301076,1909f56bfc062723c751e8b465ee728b)
Start importing Assets/0. Scenes/House.unity using Guid(7cbf73504a28d7645b6e2cc8c3e11531) Importer(815301076,1909f56bfc062723c751e8b465ee728b)  -> (artifact id: 'd49ecd0edd040adae5ab7b3c8de8ec1b') in 0.002419 seconds 
========================================================================
Received Prepare
Registering precompiled user dll's ...
Registered in 0.007066 seconds.
Begin MonoManager ReloadAssembly
Native extension for WindowsStandalone target not found
Refreshing native plugins compatible for Editor in 3.05 ms, found 3 plugins.
Preloading 0 native plugins for Editor in 0.00 ms.
Mono: successfully reloaded assembly
- Completed reload, in  1.538 seconds
Domain Reload Profiling:
	ReloadAssembly (1539ms)
		BeginReloadAssembly (187ms)
			ExecutionOrderSort (0ms)
			DisableScriptedObjects (10ms)
			BackupInstance (0ms)
			ReleaseScriptingObjects (0ms)
			CreateAndSetChildDomain (54ms)
		EndReloadAssembly (1212ms)
			LoadAssemblies (152ms)
			RebuildTransferFunctionScriptingTraits (0ms)
			SetupTypeCache (334ms)
				TypeCache.Initialize (326ms)
					TypeCache.ScanAssembly (316ms)
				ResolveRequiredComponents (7ms)
			ReleaseScriptCaches (4ms)
			RebuildScriptCaches (85ms)
			SetupLoadedEditorAssemblies (541ms)
				LogAssemblyErrors (0ms)
				InitializePlatformSupportModulesInManaged (19ms)
				SetLoadedEditorAssemblies (8ms)
				RefreshPlugins (3ms)
				BeforeProcessingInitializeOnLoad (110ms)
				ProcessInitializeOnLoadAttributes (324ms)
				ProcessInitializeOnLoadMethodAttributes (59ms)
				AfterProcessingInitializeOnLoad (18ms)
				EditorAssembliesLoaded (1ms)
			ExecutionOrderSort2 (0ms)
			AwakeInstancesAfterBackupRestoration (13ms)
Platform modules already initialized, skipping
Refreshing native plugins compatible for Editor in 7.10 ms, found 3 plugins.
Preloading 0 native plugins for Editor in 0.00 ms.
Unloading 2508 Unused Serialized files (Serialized files now loaded: 0)
Unloading 21 unused Assets / (32.5 KB). Loaded Objects now: 2997.
Memory consumption went from 432.9 MB to 432.9 MB.
Total: 5.200000 ms (FindLiveObjects: 0.251200 ms CreateObjectMapping: 0.187000 ms MarkObjects: 4.717700 ms  DeleteObjects: 0.042300 ms)

AssetImportParameters requested are different than current active one (requested -> active):
  custom:video-decoder-ogg-theora: a1e56fd34408186e4bbccfd4996cb3dc -> 
  custom:container-muxer-webm: aa71ff27fc2769a1b78a27578f13a17b -> 
  custom:container-demuxer-webm: 4f35f7cbe854078d1ac9338744f61a02 -> 
  custom:video-encoder-webm-vp8: eb34c28f22e8b96e1ab97ce403110664 -> 
  custom:audio-encoder-webm-vorbis: bf7c407c2cedff20999df2af8eb42d56 -> 
  custom:framework-win-MediaFoundation: 216162199b28c13a410421893ffa2e32 -> 
  custom:container-demuxer-ogg: 62fdf1f143b41e24485cea50d1cbac27 -> 
  custom:video-decoder-webm-vp8: 9c59270c3fd7afecdb556c50c9e8de78 -> 
  custom:audio-decoder-ogg-vorbis: bf7c407c2cedff20999df2af8eb42d56 -> 
========================================================================
Received Prepare
Registering precompiled user dll's ...
Registered in 0.006895 seconds.
Begin MonoManager ReloadAssembly
Native extension for WindowsStandalone target not found
Refreshing native plugins compatible for Editor in 3.97 ms, found 3 plugins.
Preloading 0 native plugins for Editor in 0.00 ms.
Mono: successfully reloaded assembly
- Completed reload, in  1.670 seconds
Domain Reload Profiling:
	ReloadAssembly (1671ms)
		BeginReloadAssembly (227ms)
			ExecutionOrderSort (0ms)
			DisableScriptedObjects (14ms)
			BackupInstance (0ms)
			ReleaseScriptingObjects (0ms)
			CreateAndSetChildDomain (56ms)
		EndReloadAssembly (1254ms)
			LoadAssemblies (163ms)
			RebuildTransferFunctionScriptingTraits (0ms)
			SetupTypeCache (394ms)
				TypeCache.Initialize (388ms)
					TypeCache.ScanAssembly (382ms)
				ResolveRequiredComponents (5ms)
			ReleaseScriptCaches (2ms)
			RebuildScriptCaches (96ms)
			SetupLoadedEditorAssemblies (535ms)
				LogAssemblyErrors (0ms)
				InitializePlatformSupportModulesInManaged (18ms)
				SetLoadedEditorAssemblies (8ms)
				RefreshPlugins (4ms)
				BeforeProcessingInitializeOnLoad (106ms)
				ProcessInitializeOnLoadAttributes (332ms)
				ProcessInitializeOnLoadMethodAttributes (54ms)
				AfterProcessingInitializeOnLoad (11ms)
				EditorAssembliesLoaded (0ms)
			ExecutionOrderSort2 (0ms)
			AwakeInstancesAfterBackupRestoration (14ms)
Platform modules already initialized, skipping
Refreshing native plugins compatible for Editor in 7.36 ms, found 3 plugins.
Preloading 0 native plugins for Editor in 0.00 ms.
Unloading 2508 Unused Serialized files (Serialized files now loaded: 0)
Unloading 21 unused Assets / (32.5 KB). Loaded Objects now: 3000.
Memory consumption went from 432.9 MB to 432.9 MB.
Total: 6.236500 ms (FindLiveObjects: 0.514100 ms CreateObjectMapping: 0.441300 ms MarkObjects: 5.241800 ms  DeleteObjects: 0.037600 ms)

AssetImportParameters requested are different than current active one (requested -> active):
  custom:video-decoder-ogg-theora: a1e56fd34408186e4bbccfd4996cb3dc -> 
  custom:container-muxer-webm: aa71ff27fc2769a1b78a27578f13a17b -> 
  custom:container-demuxer-webm: 4f35f7cbe854078d1ac9338744f61a02 -> 
  custom:video-encoder-webm-vp8: eb34c28f22e8b96e1ab97ce403110664 -> 
  custom:audio-encoder-webm-vorbis: bf7c407c2cedff20999df2af8eb42d56 -> 
  custom:framework-win-MediaFoundation: 216162199b28c13a410421893ffa2e32 -> 
  custom:container-demuxer-ogg: 62fdf1f143b41e24485cea50d1cbac27 -> 
  custom:video-decoder-webm-vp8: 9c59270c3fd7afecdb556c50c9e8de78 -> 
  custom:audio-decoder-ogg-vorbis: bf7c407c2cedff20999df2af8eb42d56 -> 
========================================================================
Received Prepare
Registering precompiled user dll's ...
Registered in 0.005680 seconds.
Begin MonoManager ReloadAssembly
Native extension for WindowsStandalone target not found
Refreshing native plugins compatible for Editor in 5.69 ms, found 3 plugins.
Preloading 0 native plugins for Editor in 0.00 ms.
Mono: successfully reloaded assembly
- Completed reload, in  1.661 seconds
Domain Reload Profiling:
	ReloadAssembly (1662ms)
		BeginReloadAssembly (215ms)
			ExecutionOrderSort (0ms)
			DisableScriptedObjects (12ms)
			BackupInstance (0ms)
			ReleaseScriptingObjects (0ms)
			CreateAndSetChildDomain (55ms)
		EndReloadAssembly (1292ms)
			LoadAssemblies (155ms)
			RebuildTransferFunctionScriptingTraits (0ms)
			SetupTypeCache (372ms)
				TypeCache.Initialize (365ms)
					TypeCache.ScanAssembly (359ms)
				ResolveRequiredComponents (6ms)
			ReleaseScriptCaches (2ms)
			RebuildScriptCaches (103ms)
			SetupLoadedEditorAssemblies (591ms)
				LogAssemblyErrors (0ms)
				InitializePlatformSupportModulesInManaged (18ms)
				SetLoadedEditorAssemblies (11ms)
				RefreshPlugins (6ms)
				BeforeProcessingInitializeOnLoad (112ms)
				ProcessInitializeOnLoadAttributes (366ms)
				ProcessInitializeOnLoadMethodAttributes (64ms)
				AfterProcessingInitializeOnLoad (13ms)
				EditorAssembliesLoaded (0ms)
			ExecutionOrderSort2 (0ms)
			AwakeInstancesAfterBackupRestoration (17ms)
Platform modules already initialized, skipping
Refreshing native plugins compatible for Editor in 9.43 ms, found 3 plugins.
Preloading 0 native plugins for Editor in 0.00 ms.
Unloading 2508 Unused Serialized files (Serialized files now loaded: 0)
Unloading 21 unused Assets / (32.5 KB). Loaded Objects now: 3003.
Memory consumption went from 432.9 MB to 432.9 MB.
Total: 6.040000 ms (FindLiveObjects: 0.377600 ms CreateObjectMapping: 0.269900 ms MarkObjects: 5.318900 ms  DeleteObjects: 0.071800 ms)

AssetImportParameters requested are different than current active one (requested -> active):
  custom:video-decoder-ogg-theora: a1e56fd34408186e4bbccfd4996cb3dc -> 
  custom:container-muxer-webm: aa71ff27fc2769a1b78a27578f13a17b -> 
  custom:container-demuxer-webm: 4f35f7cbe854078d1ac9338744f61a02 -> 
  custom:video-encoder-webm-vp8: eb34c28f22e8b96e1ab97ce403110664 -> 
  custom:audio-encoder-webm-vorbis: bf7c407c2cedff20999df2af8eb42d56 -> 
  custom:framework-win-MediaFoundation: 216162199b28c13a410421893ffa2e32 -> 
  custom:container-demuxer-ogg: 62fdf1f143b41e24485cea50d1cbac27 -> 
  custom:video-decoder-webm-vp8: 9c59270c3fd7afecdb556c50c9e8de78 -> 
  custom:audio-decoder-ogg-vorbis: bf7c407c2cedff20999df2af8eb42d56 -> 
========================================================================
Received Prepare
Registering precompiled user dll's ...
Registered in 0.006925 seconds.
Begin MonoManager ReloadAssembly
Native extension for WindowsStandalone target not found
Refreshing native plugins compatible for Editor in 3.16 ms, found 3 plugins.
Preloading 0 native plugins for Editor in 0.00 ms.
Mono: successfully reloaded assembly
- Completed reload, in  1.601 seconds
Domain Reload Profiling:
	ReloadAssembly (1602ms)
		BeginReloadAssembly (198ms)
			ExecutionOrderSort (0ms)
			DisableScriptedObjects (10ms)
			BackupInstance (0ms)
			ReleaseScriptingObjects (0ms)
			CreateAndSetChildDomain (50ms)
		EndReloadAssembly (1233ms)
			LoadAssemblies (153ms)
			RebuildTransferFunctionScriptingTraits (0ms)
			SetupTypeCache (353ms)
				TypeCache.Initialize (348ms)
					TypeCache.ScanAssembly (341ms)
				ResolveRequiredComponents (5ms)
			ReleaseScriptCaches (2ms)
			RebuildScriptCaches (94ms)
			SetupLoadedEditorAssemblies (553ms)
				LogAssemblyErrors (0ms)
				InitializePlatformSupportModulesInManaged (22ms)
				SetLoadedEditorAssemblies (9ms)
				RefreshPlugins (3ms)
				BeforeProcessingInitializeOnLoad (115ms)
				ProcessInitializeOnLoadAttributes (336ms)
				ProcessInitializeOnLoadMethodAttributes (54ms)
				AfterProcessingInitializeOnLoad (14ms)
				EditorAssembliesLoaded (0ms)
			ExecutionOrderSort2 (0ms)
			AwakeInstancesAfterBackupRestoration (14ms)
Platform modules already initialized, skipping
Refreshing native plugins compatible for Editor in 10.22 ms, found 3 plugins.
Preloading 0 native plugins for Editor in 0.00 ms.
Unloading 2508 Unused Serialized files (Serialized files now loaded: 0)
Unloading 21 unused Assets / (32.5 KB). Loaded Objects now: 3006.
Memory consumption went from 432.9 MB to 432.9 MB.
Total: 7.023400 ms (FindLiveObjects: 0.415600 ms CreateObjectMapping: 0.316700 ms MarkObjects: 6.239300 ms  DeleteObjects: 0.050700 ms)

AssetImportParameters requested are different than current active one (requested -> active):
  custom:video-decoder-ogg-theora: a1e56fd34408186e4bbccfd4996cb3dc -> 
  custom:container-muxer-webm: aa71ff27fc2769a1b78a27578f13a17b -> 
  custom:container-demuxer-webm: 4f35f7cbe854078d1ac9338744f61a02 -> 
  custom:video-encoder-webm-vp8: eb34c28f22e8b96e1ab97ce403110664 -> 
  custom:audio-encoder-webm-vorbis: bf7c407c2cedff20999df2af8eb42d56 -> 
  custom:framework-win-MediaFoundation: 216162199b28c13a410421893ffa2e32 -> 
  custom:container-demuxer-ogg: 62fdf1f143b41e24485cea50d1cbac27 -> 
  custom:video-decoder-webm-vp8: 9c59270c3fd7afecdb556c50c9e8de78 -> 
  custom:audio-decoder-ogg-vorbis: bf7c407c2cedff20999df2af8eb42d56 -> 
========================================================================
Received Prepare
Registering precompiled user dll's ...
Registered in 0.006503 seconds.
Begin MonoManager ReloadAssembly
Native extension for WindowsStandalone target not found
Refreshing native plugins compatible for Editor in 9.70 ms, found 3 plugins.
Preloading 0 native plugins for Editor in 0.00 ms.
Mono: successfully reloaded assembly
- Completed reload, in  1.622 seconds
Domain Reload Profiling:
	ReloadAssembly (1623ms)
		BeginReloadAssembly (229ms)
			ExecutionOrderSort (0ms)
			DisableScriptedObjects (12ms)
			BackupInstance (0ms)
			ReleaseScriptingObjects (0ms)
			CreateAndSetChildDomain (67ms)
		EndReloadAssembly (1233ms)
			LoadAssemblies (162ms)
			RebuildTransferFunctionScriptingTraits (0ms)
			SetupTypeCache (338ms)
				TypeCache.Initialize (333ms)
					TypeCache.ScanAssembly (325ms)
				ResolveRequiredComponents (5ms)
			ReleaseScriptCaches (3ms)
			RebuildScriptCaches (90ms)
			SetupLoadedEditorAssemblies (557ms)
				LogAssemblyErrors (0ms)
				InitializePlatformSupportModulesInManaged (19ms)
				SetLoadedEditorAssemblies (13ms)
				RefreshPlugins (10ms)
				BeforeProcessingInitializeOnLoad (112ms)
				ProcessInitializeOnLoadAttributes (333ms)
				ProcessInitializeOnLoadMethodAttributes (57ms)
				AfterProcessingInitializeOnLoad (14ms)
				EditorAssembliesLoaded (0ms)
			ExecutionOrderSort2 (0ms)
			AwakeInstancesAfterBackupRestoration (12ms)
Platform modules already initialized, skipping
Refreshing native plugins compatible for Editor in 7.43 ms, found 3 plugins.
Preloading 0 native plugins for Editor in 0.00 ms.
Unloading 2508 Unused Serialized files (Serialized files now loaded: 0)
Unloading 21 unused Assets / (32.5 KB). Loaded Objects now: 3009.
Memory consumption went from 432.8 MB to 432.8 MB.
Total: 7.220100 ms (FindLiveObjects: 0.541200 ms CreateObjectMapping: 0.409500 ms MarkObjects: 6.198000 ms  DeleteObjects: 0.060100 ms)

AssetImportParameters requested are different than current active one (requested -> active):
  custom:video-decoder-ogg-theora: a1e56fd34408186e4bbccfd4996cb3dc -> 
  custom:container-muxer-webm: aa71ff27fc2769a1b78a27578f13a17b -> 
  custom:container-demuxer-webm: 4f35f7cbe854078d1ac9338744f61a02 -> 
  custom:video-encoder-webm-vp8: eb34c28f22e8b96e1ab97ce403110664 -> 
  custom:audio-encoder-webm-vorbis: bf7c407c2cedff20999df2af8eb42d56 -> 
  custom:framework-win-MediaFoundation: 216162199b28c13a410421893ffa2e32 -> 
  custom:container-demuxer-ogg: 62fdf1f143b41e24485cea50d1cbac27 -> 
  custom:video-decoder-webm-vp8: 9c59270c3fd7afecdb556c50c9e8de78 -> 
  custom:audio-decoder-ogg-vorbis: bf7c407c2cedff20999df2af8eb42d56 -> 
========================================================================
Received Import Request.
  Time since last request: 2900.401695 seconds.
  path: Assets/0. Scenes/House.unity
  artifactKey: Guid(7cbf73504a28d7645b6e2cc8c3e11531) Importer(815301076,1909f56bfc062723c751e8b465ee728b)
Start importing Assets/0. Scenes/House.unity using Guid(7cbf73504a28d7645b6e2cc8c3e11531) Importer(815301076,1909f56bfc062723c751e8b465ee728b)  -> (artifact id: 'e47364ddd03da9077ffa15c3b408b938') in 0.032415 seconds 
========================================================================
Received Import Request.
  Time since last request: 1.082313 seconds.
  path: Assets/0. Scenes/Main.unity
  artifactKey: Guid(dae8fac95bd32bc4fa6138bcbc3221eb) Importer(815301076,1909f56bfc062723c751e8b465ee728b)
Start importing Assets/0. Scenes/Main.unity using Guid(dae8fac95bd32bc4fa6138bcbc3221eb) Importer(815301076,1909f56bfc062723c751e8b465ee728b)  -> (artifact id: 'dc717267f523c648c00bb20381f7d6c4') in 0.009970 seconds 
========================================================================
Received Import Request.
  Time since last request: 514.181293 seconds.
  path: Assets/Misison/Mission1/MissionUI.controller
  artifactKey: Guid(569245af3ffe8014eb058cd054e59f1b) Importer(815301076,1909f56bfc062723c751e8b465ee728b)
Start importing Assets/Misison/Mission1/MissionUI.controller using Guid(569245af3ffe8014eb058cd054e59f1b) Importer(815301076,1909f56bfc062723c751e8b465ee728b)  -> (artifact id: '5a3cf480087c9501e057128e743b7316') in 0.119181 seconds 
