Using pre-set license
Built from '2022.1/staging' branch; Version is '2022.1.24f1 (709dddfb713f) revision 7380445'; Using compiler version '192829333'; Build Type 'Release'
OS: 'Windows 10  (10.0.19044) 64bit Professional' Language: 'ko' Physical Memory: 16252 MB
BatchMode: 1, IsHumanControllingUs: 0, StartBugReporterOnCrash: 0, Is64bit: 1, IsPro: 1

COMMAND LINE ARGUMENTS:
C:\Program Files\Unity\Hub\Editor\2022.1.24f1\Editor\Unity.exe
-adb2
-batchMode
-noUpm
-name
AssetImportWorker0
-projectPath
D:/projects/2Dproject/project/2Dproject
-logFile
Logs/AssetImportWorker0.log
-srvPort
6962
Successfully changed project path to: D:/projects/2Dproject/project/2Dproject
D:/projects/2Dproject/project/2Dproject
[UnityMemory] Configuration Parameters - Can be set up in boot.config
    "memorysetup-bucket-allocator-granularity=16"
    "memorysetup-bucket-allocator-bucket-count=8"
    "memorysetup-bucket-allocator-block-size=33554432"
    "memorysetup-bucket-allocator-block-count=8"
    "memorysetup-main-allocator-block-size=16777216"
    "memorysetup-thread-allocator-block-size=16777216"
    "memorysetup-gfx-main-allocator-block-size=16777216"
    "memorysetup-gfx-thread-allocator-block-size=16777216"
    "memorysetup-cache-allocator-block-size=4194304"
    "memorysetup-typetree-allocator-block-size=2097152"
    "memorysetup-profiler-bucket-allocator-granularity=16"
    "memorysetup-profiler-bucket-allocator-bucket-count=8"
    "memorysetup-profiler-bucket-allocator-block-size=33554432"
    "memorysetup-profiler-bucket-allocator-block-count=8"
    "memorysetup-profiler-allocator-block-size=16777216"
    "memorysetup-profiler-editor-allocator-block-size=1048576"
    "memorysetup-temp-allocator-size-main=16777216"
    "memorysetup-job-temp-allocator-block-size=2097152"
    "memorysetup-job-temp-allocator-block-size-background=1048576"
    "memorysetup-job-temp-allocator-reduction-small-platforms=262144"
    "memorysetup-temp-allocator-size-background-worker=32768"
    "memorysetup-temp-allocator-size-job-worker=262144"
    "memorysetup-temp-allocator-size-preload-manager=33554432"
    "memorysetup-temp-allocator-size-nav-mesh-worker=65536"
    "memorysetup-temp-allocator-size-audio-worker=65536"
    "memorysetup-temp-allocator-size-cloud-worker=32768"
    "memorysetup-temp-allocator-size-gi-baking-worker=262144"
    "memorysetup-temp-allocator-size-gfx=262144"
Refreshing native plugins compatible for Editor in 199.63 ms, found 3 plugins.
Preloading 0 native plugins for Editor in 0.00 ms.
Initialize engine version: 2022.1.24f1 (709dddfb713f)
[Subsystems] Discovering subsystems at path C:/Program Files/Unity/Hub/Editor/2022.1.24f1/Editor/Data/Resources/UnitySubsystems
[Subsystems] Discovering subsystems at path D:/projects/2Dproject/project/2Dproject/Assets
GfxDevice: creating device client; threaded=0; jobified=0
Direct3D:
    Version:  Direct3D 11.0 [level 11.1]
    Renderer: NVIDIA GeForce RTX 3070 (ID=0x2488)
    Vendor:   NVIDIA
    VRAM:     8043 MB
    Driver:   31.0.15.1694
Initialize mono
Mono path[0] = 'C:/Program Files/Unity/Hub/Editor/2022.1.24f1/Editor/Data/Managed'
Mono path[1] = 'C:/Program Files/Unity/Hub/Editor/2022.1.24f1/Editor/Data/MonoBleedingEdge/lib/mono/unityjit-win32'
Mono config path = 'C:/Program Files/Unity/Hub/Editor/2022.1.24f1/Editor/Data/MonoBleedingEdge/etc'
Using monoOptions --debugger-agent=transport=dt_socket,embedding=1,server=y,suspend=n,address=127.0.0.1:56048
Begin MonoManager ReloadAssembly
Registering precompiled unity dll's ...
Register platform support module: C:/Program Files/Unity/Hub/Editor/2022.1.24f1/Editor/Data/PlaybackEngines/WindowsStandaloneSupport/UnityEditor.WindowsStandalone.Extensions.dll
Registered in 0.009305 seconds.
Native extension for WindowsStandalone target not found
Refreshing native plugins compatible for Editor in 216.56 ms, found 3 plugins.
Preloading 0 native plugins for Editor in 0.00 ms.
Mono: successfully reloaded assembly
- Completed reload, in  0.922 seconds
Domain Reload Profiling:
	ReloadAssembly (923ms)
		BeginReloadAssembly (84ms)
			ExecutionOrderSort (0ms)
			DisableScriptedObjects (0ms)
			BackupInstance (0ms)
			ReleaseScriptingObjects (0ms)
			CreateAndSetChildDomain (1ms)
		EndReloadAssembly (693ms)
			LoadAssemblies (81ms)
			RebuildTransferFunctionScriptingTraits (0ms)
			SetupTypeCache (144ms)
				TypeCache.Initialize (144ms)
					TypeCache.ScanAssembly (142ms)
				ResolveRequiredComponents (1ms)
			ReleaseScriptCaches (0ms)
			RebuildScriptCaches (41ms)
			SetupLoadedEditorAssemblies (432ms)
				LogAssemblyErrors (0ms)
				InitializePlatformSupportModulesInManaged (11ms)
				SetLoadedEditorAssemblies (8ms)
				RefreshPlugins (217ms)
				BeforeProcessingInitializeOnLoad (1ms)
				ProcessInitializeOnLoadAttributes (140ms)
				ProcessInitializeOnLoadMethodAttributes (54ms)
				AfterProcessingInitializeOnLoad (0ms)
				EditorAssembliesLoaded (0ms)
			ExecutionOrderSort2 (0ms)
			AwakeInstancesAfterBackupRestoration (0ms)
Platform modules already initialized, skipping
Registering precompiled user dll's ...
Registered in 0.005927 seconds.
Begin MonoManager ReloadAssembly
Native extension for WindowsStandalone target not found
Refreshing native plugins compatible for Editor in 174.20 ms, found 3 plugins.
Preloading 0 native plugins for Editor in 0.00 ms.
Mono: successfully reloaded assembly
- Completed reload, in  1.329 seconds
Domain Reload Profiling:
	ReloadAssembly (1331ms)
		BeginReloadAssembly (140ms)
			ExecutionOrderSort (0ms)
			DisableScriptedObjects (7ms)
			BackupInstance (0ms)
			ReleaseScriptingObjects (0ms)
			CreateAndSetChildDomain (22ms)
		EndReloadAssembly (1057ms)
			LoadAssemblies (104ms)
			RebuildTransferFunctionScriptingTraits (0ms)
			SetupTypeCache (244ms)
				TypeCache.Initialize (241ms)
					TypeCache.ScanAssembly (237ms)
				ResolveRequiredComponents (3ms)
			ReleaseScriptCaches (1ms)
			RebuildScriptCaches (61ms)
			SetupLoadedEditorAssemblies (586ms)
				LogAssemblyErrors (0ms)
				InitializePlatformSupportModulesInManaged (8ms)
				SetLoadedEditorAssemblies (9ms)
				RefreshPlugins (174ms)
				BeforeProcessingInitializeOnLoad (83ms)
				ProcessInitializeOnLoadAttributes (254ms)
				ProcessInitializeOnLoadMethodAttributes (46ms)
				AfterProcessingInitializeOnLoad (11ms)
				EditorAssembliesLoaded (0ms)
			ExecutionOrderSort2 (0ms)
			AwakeInstancesAfterBackupRestoration (8ms)
Platform modules already initialized, skipping
========================================================================
Worker process is ready to serve import requests
Launched and connected shader compiler UnityShaderCompiler.exe after 0.12 seconds
Refreshing native plugins compatible for Editor in 2.95 ms, found 3 plugins.
Preloading 0 native plugins for Editor in 0.00 ms.
Unloading 2512 Unused Serialized files (Serialized files now loaded: 0)
Unloading 34 unused Assets / (58.2 KB). Loaded Objects now: 2975.
Memory consumption went from 429.8 MB to 429.7 MB.
Total: 3.333500 ms (FindLiveObjects: 0.227300 ms CreateObjectMapping: 0.145200 ms MarkObjects: 2.842000 ms  DeleteObjects: 0.117200 ms)

AssetImportParameters requested are different than current active one (requested -> active):
  custom:video-decoder-ogg-theora: a1e56fd34408186e4bbccfd4996cb3dc -> 
  custom:container-muxer-webm: aa71ff27fc2769a1b78a27578f13a17b -> 
  custom:container-demuxer-webm: 4f35f7cbe854078d1ac9338744f61a02 -> 
  custom:video-encoder-webm-vp8: eb34c28f22e8b96e1ab97ce403110664 -> 
  custom:audio-encoder-webm-vorbis: bf7c407c2cedff20999df2af8eb42d56 -> 
  custom:framework-win-MediaFoundation: 216162199b28c13a410421893ffa2e32 -> 
  custom:container-demuxer-ogg: 62fdf1f143b41e24485cea50d1cbac27 -> 
  custom:video-decoder-webm-vp8: 9c59270c3fd7afecdb556c50c9e8de78 -> 
  custom:audio-decoder-ogg-vorbis: bf7c407c2cedff20999df2af8eb42d56 -> 
========================================================================
Received Import Request.
  Time since last request: 283993.487650 seconds.
  path: Assets/Pixel Heroes Pack/Sprites/Background.png
  artifactKey: Guid(29ebbe980175a1e4fb6763065ce3d139) Importer(815301076,1909f56bfc062723c751e8b465ee728b)
Start importing Assets/Pixel Heroes Pack/Sprites/Background.png using Guid(29ebbe980175a1e4fb6763065ce3d139) Importer(815301076,1909f56bfc062723c751e8b465ee728b)  -> (artifact id: '0872911b242067276b71a4c8fdc392ff') in 0.260261 seconds 
========================================================================
Received Import Request.
  Time since last request: 0.000022 seconds.
  path: Assets/Pixel Heroes Pack/Sprites
  artifactKey: Guid(32074b98ffe04694f821530acc16ad97) Importer(815301076,1909f56bfc062723c751e8b465ee728b)
Start importing Assets/Pixel Heroes Pack/Sprites using Guid(32074b98ffe04694f821530acc16ad97) Importer(815301076,1909f56bfc062723c751e8b465ee728b)  -> (artifact id: 'b21067f65822e206e631dc645db6a313') in 0.026624 seconds 
========================================================================
Received Import Request.
  Time since last request: 0.871035 seconds.
  path: Assets/SPUM
  artifactKey: Guid(255b281c3ec7f3244869427529acea96) Importer(815301076,1909f56bfc062723c751e8b465ee728b)
Start importing Assets/SPUM using Guid(255b281c3ec7f3244869427529acea96) Importer(815301076,1909f56bfc062723c751e8b465ee728b)  -> (artifact id: '3f12bade4fd7676512725acea9a5bf47') in 0.006400 seconds 
========================================================================
Received Import Request.
  Time since last request: 8.486830 seconds.
  path: Assets/SPUM/ReadMe - 1.3.2.txt
  artifactKey: Guid(79677a01d14ba42569cc5f687a0c5a18) Importer(815301076,1909f56bfc062723c751e8b465ee728b)
Start importing Assets/SPUM/ReadMe - 1.3.2.txt using Guid(79677a01d14ba42569cc5f687a0c5a18) Importer(815301076,1909f56bfc062723c751e8b465ee728b)  -> (artifact id: '0823b7130f93be986ece5a0d9e0c802e') in 0.018818 seconds 
========================================================================
Received Import Request.
  Time since last request: 41.764110 seconds.
  path: Assets/SPUM/Scene
  artifactKey: Guid(d9a27687ecfd34026a5b9b5d2cdf6377) Importer(815301076,1909f56bfc062723c751e8b465ee728b)
Start importing Assets/SPUM/Scene using Guid(d9a27687ecfd34026a5b9b5d2cdf6377) Importer(815301076,1909f56bfc062723c751e8b465ee728b)  -> (artifact id: 'a6766245593d773610e93dd89bb0b4bf') in 0.006153 seconds 
========================================================================
Received Import Request.
  Time since last request: 1.646818 seconds.
  path: Assets/SPUM/Scene/SPUM_Scene.unity
  artifactKey: Guid(ba9a45dba30244370b4169d16c9f76a8) Importer(815301076,1909f56bfc062723c751e8b465ee728b)
Start importing Assets/SPUM/Scene/SPUM_Scene.unity using Guid(ba9a45dba30244370b4169d16c9f76a8) Importer(815301076,1909f56bfc062723c751e8b465ee728b)  -> (artifact id: '55a51d9e5f455725ca3e9adbc7b2d54c') in 0.006280 seconds 
========================================================================
Received Prepare
Registering precompiled user dll's ...
Registered in 0.007127 seconds.
Begin MonoManager ReloadAssembly
Native extension for WindowsStandalone target not found
Refreshing native plugins compatible for Editor in 1.98 ms, found 3 plugins.
Preloading 0 native plugins for Editor in 0.00 ms.
Mono: successfully reloaded assembly
- Completed reload, in  1.075 seconds
Domain Reload Profiling:
	ReloadAssembly (1075ms)
		BeginReloadAssembly (162ms)
			ExecutionOrderSort (0ms)
			DisableScriptedObjects (8ms)
			BackupInstance (0ms)
			ReleaseScriptingObjects (0ms)
			CreateAndSetChildDomain (36ms)
		EndReloadAssembly (817ms)
			LoadAssemblies (115ms)
			RebuildTransferFunctionScriptingTraits (0ms)
			SetupTypeCache (223ms)
				TypeCache.Initialize (220ms)
					TypeCache.ScanAssembly (216ms)
				ResolveRequiredComponents (4ms)
			ReleaseScriptCaches (1ms)
			RebuildScriptCaches (67ms)
			SetupLoadedEditorAssemblies (382ms)
				LogAssemblyErrors (0ms)
				InitializePlatformSupportModulesInManaged (13ms)
				SetLoadedEditorAssemblies (7ms)
				RefreshPlugins (2ms)
				BeforeProcessingInitializeOnLoad (73ms)
				ProcessInitializeOnLoadAttributes (240ms)
				ProcessInitializeOnLoadMethodAttributes (35ms)
				AfterProcessingInitializeOnLoad (11ms)
				EditorAssembliesLoaded (0ms)
			ExecutionOrderSort2 (0ms)
			AwakeInstancesAfterBackupRestoration (9ms)
Platform modules already initialized, skipping
Refreshing native plugins compatible for Editor in 4.66 ms, found 3 plugins.
Preloading 0 native plugins for Editor in 0.00 ms.
Unloading 2501 Unused Serialized files (Serialized files now loaded: 0)
Unloading 21 unused Assets / (32.5 KB). Loaded Objects now: 2984.
Memory consumption went from 431.7 MB to 431.6 MB.
Total: 3.266900 ms (FindLiveObjects: 0.210500 ms CreateObjectMapping: 0.120700 ms MarkObjects: 2.910000 ms  DeleteObjects: 0.024700 ms)

AssetImportParameters requested are different than current active one (requested -> active):
  custom:video-decoder-ogg-theora: a1e56fd34408186e4bbccfd4996cb3dc -> 
  custom:container-muxer-webm: aa71ff27fc2769a1b78a27578f13a17b -> 
  custom:container-demuxer-webm: 4f35f7cbe854078d1ac9338744f61a02 -> 
  custom:video-encoder-webm-vp8: eb34c28f22e8b96e1ab97ce403110664 -> 
  custom:audio-encoder-webm-vorbis: bf7c407c2cedff20999df2af8eb42d56 -> 
  custom:framework-win-MediaFoundation: 216162199b28c13a410421893ffa2e32 -> 
  custom:container-demuxer-ogg: 62fdf1f143b41e24485cea50d1cbac27 -> 
  custom:video-decoder-webm-vp8: 9c59270c3fd7afecdb556c50c9e8de78 -> 
  custom:audio-decoder-ogg-vorbis: bf7c407c2cedff20999df2af8eb42d56 -> 
========================================================================
Received Import Request.
  Time since last request: 69.459801 seconds.
  path: Assets/Pixel Heroes Pack/Animations
  artifactKey: Guid(638d7385daa378f44974b1f1077ff238) Importer(815301076,1909f56bfc062723c751e8b465ee728b)
Start importing Assets/Pixel Heroes Pack/Animations using Guid(638d7385daa378f44974b1f1077ff238) Importer(815301076,1909f56bfc062723c751e8b465ee728b)  -> (artifact id: '8c33058cc2a1b74c7f71c8fe886f9012') in 0.007336 seconds 
========================================================================
Received Import Request.
  Time since last request: 2.566746 seconds.
  path: Assets/Pixel Heroes Pack/ColorSwap
  artifactKey: Guid(ef7b019e752384341b64bc2030715ac7) Importer(815301076,1909f56bfc062723c751e8b465ee728b)
Start importing Assets/Pixel Heroes Pack/ColorSwap using Guid(ef7b019e752384341b64bc2030715ac7) Importer(815301076,1909f56bfc062723c751e8b465ee728b)  -> (artifact id: 'cc7eab96fc6d5d453e43f5dfa9e26954') in 0.006087 seconds 
========================================================================
Received Import Request.
  Time since last request: 0.088654 seconds.
  path: Assets/Pixel Heroes Pack/ColorSwap/ColorSwap.mat
  artifactKey: Guid(1e123852ef9b32249a1f10d57a4ecaef) Importer(815301076,1909f56bfc062723c751e8b465ee728b)
Start importing Assets/Pixel Heroes Pack/ColorSwap/ColorSwap.mat using Guid(1e123852ef9b32249a1f10d57a4ecaef) Importer(815301076,1909f56bfc062723c751e8b465ee728b)  -> (artifact id: '9f485b35396c88c07e291596b0c42884') in 0.290958 seconds 
========================================================================
Received Import Request.
  Time since last request: 1.761078 seconds.
  path: Assets/Pixel Heroes Pack/Demo
  artifactKey: Guid(ad546e9aecfbe39419dda6f71114d230) Importer(815301076,1909f56bfc062723c751e8b465ee728b)
Start importing Assets/Pixel Heroes Pack/Demo using Guid(ad546e9aecfbe39419dda6f71114d230) Importer(815301076,1909f56bfc062723c751e8b465ee728b)  -> (artifact id: '5f84926985b96dc2d7258b7204d781d9') in 0.005656 seconds 
========================================================================
Received Import Request.
  Time since last request: 1.112942 seconds.
  path: Assets/Pixel Heroes Pack/Demo/Demo.unity
  artifactKey: Guid(9cfd4ab0623c1dd4db0579bc86d8ad2c) Importer(815301076,1909f56bfc062723c751e8b465ee728b)
Start importing Assets/Pixel Heroes Pack/Demo/Demo.unity using Guid(9cfd4ab0623c1dd4db0579bc86d8ad2c) Importer(815301076,1909f56bfc062723c751e8b465ee728b)  -> (artifact id: '2e861fb666fa5127fc977092ff871d16') in 0.068016 seconds 
========================================================================
Received Import Request.
  Time since last request: 3.000836 seconds.
  path: Assets/Pixel Heroes Pack/Environment
  artifactKey: Guid(382823a360e2b6e4e8e3177a7e820641) Importer(815301076,1909f56bfc062723c751e8b465ee728b)
Start importing Assets/Pixel Heroes Pack/Environment using Guid(382823a360e2b6e4e8e3177a7e820641) Importer(815301076,1909f56bfc062723c751e8b465ee728b)  -> (artifact id: '321602447bcf5429bf76d966c6f3bccf') in 0.005974 seconds 
========================================================================
Received Import Request.
  Time since last request: 0.112314 seconds.
  path: Assets/Pixel Heroes Pack/Environment/EnvironmentPalette_PixelHeroes.prefab
  artifactKey: Guid(72cc3c4cfb8b9894695a63de127b2050) Importer(815301076,1909f56bfc062723c751e8b465ee728b)
Start importing Assets/Pixel Heroes Pack/Environment/EnvironmentPalette_PixelHeroes.prefab using Guid(72cc3c4cfb8b9894695a63de127b2050) Importer(815301076,1909f56bfc062723c751e8b465ee728b)  -> (artifact id: '4cee4ece42366cf209fe20b981748cee') in 0.043400 seconds 
========================================================================
Received Import Request.
  Time since last request: 0.000022 seconds.
  path: Assets/Pixel Heroes Pack/Environment/EnvironmentTiles_3.asset
  artifactKey: Guid(c76b220f68200714a8711719239567a5) Importer(815301076,1909f56bfc062723c751e8b465ee728b)
Start importing Assets/Pixel Heroes Pack/Environment/EnvironmentTiles_3.asset using Guid(c76b220f68200714a8711719239567a5) Importer(815301076,1909f56bfc062723c751e8b465ee728b)  -> (artifact id: '93c55656ad411f5174a599a82cb0db6c') in 0.026664 seconds 
========================================================================
Received Import Request.
  Time since last request: 0.000026 seconds.
  path: Assets/Pixel Heroes Pack/Environment/EnvironmentTiles_1.asset
  artifactKey: Guid(42848a368e5eccc4bbcdc78387beab41) Importer(815301076,1909f56bfc062723c751e8b465ee728b)
Start importing Assets/Pixel Heroes Pack/Environment/EnvironmentTiles_1.asset using Guid(42848a368e5eccc4bbcdc78387beab41) Importer(815301076,1909f56bfc062723c751e8b465ee728b)  -> (artifact id: 'bf47b79955dc2a79dc95c2c45bd02413') in 0.016548 seconds 
========================================================================
Received Import Request.
  Time since last request: 8.272310 seconds.
  path: Assets/Pixel Heroes Pack/Animations/Rogue
  artifactKey: Guid(1ad57bfa950978240886bb51c1169fbe) Importer(815301076,1909f56bfc062723c751e8b465ee728b)
Start importing Assets/Pixel Heroes Pack/Animations/Rogue using Guid(1ad57bfa950978240886bb51c1169fbe) Importer(815301076,1909f56bfc062723c751e8b465ee728b)  -> (artifact id: '03d9530b8ac91a31c26079f221072f14') in 0.005946 seconds 
========================================================================
Received Import Request.
  Time since last request: 0.881169 seconds.
  path: Assets/Pixel Heroes Pack/Animations/Storm Mage
  artifactKey: Guid(5727af59a30991c4ea56c43a0f0ca4a4) Importer(815301076,1909f56bfc062723c751e8b465ee728b)
Start importing Assets/Pixel Heroes Pack/Animations/Storm Mage using Guid(5727af59a30991c4ea56c43a0f0ca4a4) Importer(815301076,1909f56bfc062723c751e8b465ee728b)  -> (artifact id: '3d44068fe063a5c80eaba01e95632193') in 0.005737 seconds 
========================================================================
Received Import Request.
  Time since last request: 0.333910 seconds.
  path: Assets/Pixel Heroes Pack/Animations/Warlock
  artifactKey: Guid(b59615028fef5254c81f157fbaec4eba) Importer(815301076,1909f56bfc062723c751e8b465ee728b)
Start importing Assets/Pixel Heroes Pack/Animations/Warlock using Guid(b59615028fef5254c81f157fbaec4eba) Importer(815301076,1909f56bfc062723c751e8b465ee728b)  -> (artifact id: 'f5ffe944a828103f49c4349e89f91923') in 0.005894 seconds 
========================================================================
Received Prepare
Registering precompiled user dll's ...
Registered in 0.007637 seconds.
Begin MonoManager ReloadAssembly
Native extension for WindowsStandalone target not found
Refreshing native plugins compatible for Editor in 3.00 ms, found 3 plugins.
Preloading 0 native plugins for Editor in 0.00 ms.
Mono: successfully reloaded assembly
- Completed reload, in  1.298 seconds
Domain Reload Profiling:
	ReloadAssembly (1299ms)
		BeginReloadAssembly (167ms)
			ExecutionOrderSort (0ms)
			DisableScriptedObjects (8ms)
			BackupInstance (0ms)
			ReleaseScriptingObjects (0ms)
			CreateAndSetChildDomain (42ms)
		EndReloadAssembly (1006ms)
			LoadAssemblies (121ms)
			RebuildTransferFunctionScriptingTraits (0ms)
			SetupTypeCache (315ms)
				TypeCache.Initialize (310ms)
					TypeCache.ScanAssembly (304ms)
				ResolveRequiredComponents (4ms)
			ReleaseScriptCaches (2ms)
			RebuildScriptCaches (73ms)
			SetupLoadedEditorAssemblies (434ms)
				LogAssemblyErrors (0ms)
				InitializePlatformSupportModulesInManaged (15ms)
				SetLoadedEditorAssemblies (10ms)
				RefreshPlugins (3ms)
				BeforeProcessingInitializeOnLoad (88ms)
				ProcessInitializeOnLoadAttributes (263ms)
				ProcessInitializeOnLoadMethodAttributes (43ms)
				AfterProcessingInitializeOnLoad (12ms)
				EditorAssembliesLoaded (0ms)
			ExecutionOrderSort2 (0ms)
			AwakeInstancesAfterBackupRestoration (14ms)
Platform modules already initialized, skipping
Refreshing native plugins compatible for Editor in 5.98 ms, found 3 plugins.
Preloading 0 native plugins for Editor in 0.00 ms.
Unloading 2501 Unused Serialized files (Serialized files now loaded: 0)
Unloading 21 unused Assets / (32.4 KB). Loaded Objects now: 3027.
Memory consumption went from 432.0 MB to 431.9 MB.
Total: 4.624100 ms (FindLiveObjects: 0.196500 ms CreateObjectMapping: 0.175800 ms MarkObjects: 4.202900 ms  DeleteObjects: 0.047300 ms)

AssetImportParameters requested are different than current active one (requested -> active):
  custom:video-decoder-ogg-theora: a1e56fd34408186e4bbccfd4996cb3dc -> 
  custom:container-muxer-webm: aa71ff27fc2769a1b78a27578f13a17b -> 
  custom:container-demuxer-webm: 4f35f7cbe854078d1ac9338744f61a02 -> 
  custom:video-encoder-webm-vp8: eb34c28f22e8b96e1ab97ce403110664 -> 
  custom:audio-encoder-webm-vorbis: bf7c407c2cedff20999df2af8eb42d56 -> 
  custom:framework-win-MediaFoundation: 216162199b28c13a410421893ffa2e32 -> 
  custom:container-demuxer-ogg: 62fdf1f143b41e24485cea50d1cbac27 -> 
  custom:video-decoder-webm-vp8: 9c59270c3fd7afecdb556c50c9e8de78 -> 
  custom:audio-decoder-ogg-vorbis: bf7c407c2cedff20999df2af8eb42d56 -> 
========================================================================
Received Import Request.
  Time since last request: 45.917392 seconds.
  path: Assets/Pixel Heroes Pack/Sprites/Druid/Druid_Attack.png
  artifactKey: Guid(8bcb03ef63ba0474e90a2ae28d6fde7c) Importer(815301076,1909f56bfc062723c751e8b465ee728b)
Start importing Assets/Pixel Heroes Pack/Sprites/Druid/Druid_Attack.png using Guid(8bcb03ef63ba0474e90a2ae28d6fde7c) Importer(815301076,1909f56bfc062723c751e8b465ee728b)  -> (artifact id: 'c01387ca1acd06b26fe885f3b92353fe') in 0.155319 seconds 
========================================================================
Received Import Request.
  Time since last request: 0.000019 seconds.
  path: Assets/Pixel Heroes Pack/Sprites/Druid/Druid_DeathNoBlood.png
  artifactKey: Guid(79edcdbe8c6d2704386943d42916f077) Importer(815301076,1909f56bfc062723c751e8b465ee728b)
Start importing Assets/Pixel Heroes Pack/Sprites/Druid/Druid_DeathNoBlood.png using Guid(79edcdbe8c6d2704386943d42916f077) Importer(815301076,1909f56bfc062723c751e8b465ee728b)  -> (artifact id: '39d03be0c0d1222b83a472a4aec89629') in 0.070364 seconds 
========================================================================
Received Import Request.
  Time since last request: 12.128010 seconds.
  path: Assets/Pixel Heroes Pack/Sprites/Alchemist/Alchemist_Attack_Blue.png
  artifactKey: Guid(5dbbd458348582a4a9c93aedd546b37b) Importer(815301076,1909f56bfc062723c751e8b465ee728b)
Start importing Assets/Pixel Heroes Pack/Sprites/Alchemist/Alchemist_Attack_Blue.png using Guid(5dbbd458348582a4a9c93aedd546b37b) Importer(815301076,1909f56bfc062723c751e8b465ee728b)  -> (artifact id: '62b4bd3572f41d2ad1115adf5085e8ab') in 0.090120 seconds 
========================================================================
Received Import Request.
  Time since last request: 0.000016 seconds.
  path: Assets/Pixel Heroes Pack/Sprites/Alchemist/Barbarian.png
  artifactKey: Guid(68fb66e3989ed3f45872b0a0a7da0d7b) Importer(815301076,1909f56bfc062723c751e8b465ee728b)
Start importing Assets/Pixel Heroes Pack/Sprites/Alchemist/Barbarian.png using Guid(68fb66e3989ed3f45872b0a0a7da0d7b) Importer(815301076,1909f56bfc062723c751e8b465ee728b)  -> (artifact id: 'e25759dea9f37743da129783df54787d') in 0.423406 seconds 
========================================================================
Received Import Request.
  Time since last request: 11.301037 seconds.
  path: Assets/Pixel Heroes Pack/Sprites/Blademaster/Blademaster_Attack.png
  artifactKey: Guid(e23ba01c70fb8ec4fae482b1178d5ed8) Importer(815301076,1909f56bfc062723c751e8b465ee728b)
Start importing Assets/Pixel Heroes Pack/Sprites/Blademaster/Blademaster_Attack.png using Guid(e23ba01c70fb8ec4fae482b1178d5ed8) Importer(815301076,1909f56bfc062723c751e8b465ee728b)  -> (artifact id: '36d521320dee2c7db0710831a31945a5') in 0.379445 seconds 
========================================================================
Received Import Request.
  Time since last request: 5.114057 seconds.
  path: Assets/Pixel Heroes Pack/Sprites/Fire Mage/Firemage_Attack.png
  artifactKey: Guid(efbf44a85cc108b4bb9dcc6bf38bb788) Importer(815301076,1909f56bfc062723c751e8b465ee728b)
Start importing Assets/Pixel Heroes Pack/Sprites/Fire Mage/Firemage_Attack.png using Guid(efbf44a85cc108b4bb9dcc6bf38bb788) Importer(815301076,1909f56bfc062723c751e8b465ee728b)  -> (artifact id: 'd000e50b8b0891d8880de1f9ca1a2cab') in 0.458454 seconds 
========================================================================
Received Import Request.
  Time since last request: 0.000027 seconds.
  path: Assets/Pixel Heroes Pack/Sprites/Fire Mage/Firemage_Explosion.png
  artifactKey: Guid(4086acd79e1c73645bbac4cdb9415326) Importer(815301076,1909f56bfc062723c751e8b465ee728b)
Start importing Assets/Pixel Heroes Pack/Sprites/Fire Mage/Firemage_Explosion.png using Guid(4086acd79e1c73645bbac4cdb9415326) Importer(815301076,1909f56bfc062723c751e8b465ee728b)  -> (artifact id: 'accc9de07483d2bca33b7f3a4efe498e') in 0.041849 seconds 
========================================================================
Received Import Request.
  Time since last request: 2.741969 seconds.
  path: Assets/Pixel Heroes Pack/Sprites/Necromancer/Necromancer_Attack.png
  artifactKey: Guid(382ea2982ff1627489888d93942f03f7) Importer(815301076,1909f56bfc062723c751e8b465ee728b)
Start importing Assets/Pixel Heroes Pack/Sprites/Necromancer/Necromancer_Attack.png using Guid(382ea2982ff1627489888d93942f03f7) Importer(815301076,1909f56bfc062723c751e8b465ee728b)  -> (artifact id: '4b6abd8f166dc5683717be39e569afc6') in 0.160505 seconds 
========================================================================
Received Import Request.
  Time since last request: 3.625135 seconds.
  path: Assets/Pixel Heroes Pack/Sprites/Priest/Priest_Attack.png
  artifactKey: Guid(74e2474a7f959fe4a9751329e5c91c5d) Importer(815301076,1909f56bfc062723c751e8b465ee728b)
Start importing Assets/Pixel Heroes Pack/Sprites/Priest/Priest_Attack.png using Guid(74e2474a7f959fe4a9751329e5c91c5d) Importer(815301076,1909f56bfc062723c751e8b465ee728b)  -> (artifact id: '38850f8e398f18efae08a2c46dbddebd') in 0.359800 seconds 
========================================================================
Received Import Request.
  Time since last request: 2.522041 seconds.
  path: Assets/Pixel Heroes Pack/Sprites/Rogue/Rogue_Attack.png
  artifactKey: Guid(13e9826193ae88a408c9959104c9a540) Importer(815301076,1909f56bfc062723c751e8b465ee728b)
Start importing Assets/Pixel Heroes Pack/Sprites/Rogue/Rogue_Attack.png using Guid(13e9826193ae88a408c9959104c9a540) Importer(815301076,1909f56bfc062723c751e8b465ee728b)  -> (artifact id: '08d7f3524578738ccccd1fb5b82a6c91') in 0.214874 seconds 
========================================================================
Received Import Request.
  Time since last request: 3.596592 seconds.
  path: Assets/Pixel Heroes Pack/Sprites/Storm Mage/StormMage.png
  artifactKey: Guid(1f6f4c2531eceb345925e308e16e6294) Importer(815301076,1909f56bfc062723c751e8b465ee728b)
Start importing Assets/Pixel Heroes Pack/Sprites/Storm Mage/StormMage.png using Guid(1f6f4c2531eceb345925e308e16e6294) Importer(815301076,1909f56bfc062723c751e8b465ee728b)  -> (artifact id: '03f6744cce1e1444a99cf21827548f07') in 0.382005 seconds 
========================================================================
Received Import Request.
  Time since last request: 3.530291 seconds.
  path: Assets/Pixel Heroes Pack/Sprites/Warlock/Warlock_Attack.png
  artifactKey: Guid(eb0f7ed4046c60442a67a7d4318cac1c) Importer(815301076,1909f56bfc062723c751e8b465ee728b)
Start importing Assets/Pixel Heroes Pack/Sprites/Warlock/Warlock_Attack.png using Guid(eb0f7ed4046c60442a67a7d4318cac1c) Importer(815301076,1909f56bfc062723c751e8b465ee728b)  -> (artifact id: 'a1ae549275ba4ca2986b2ee888bf702a') in 0.249068 seconds 
========================================================================
Received Import Request.
  Time since last request: 22.445888 seconds.
  path: Assets/SPUM/SPUM_Sprites/BodySource/Species/0_Human/Human_2.png
  artifactKey: Guid(470cfb1e4f7865c40b83d403037c90c9) Importer(815301076,1909f56bfc062723c751e8b465ee728b)
Start importing Assets/SPUM/SPUM_Sprites/BodySource/Species/0_Human/Human_2.png using Guid(470cfb1e4f7865c40b83d403037c90c9) Importer(815301076,1909f56bfc062723c751e8b465ee728b)  -> (artifact id: '64707ba3f11393cc823817abb81a99e9') in 0.028024 seconds 
========================================================================
Received Import Request.
  Time since last request: 0.000019 seconds.
  path: Assets/SPUM/SPUM_Sprites/BodySource/Species/0_Human/Human_4.png
  artifactKey: Guid(7f9c604e1b12d455cba1d0e36fbd14f9) Importer(815301076,1909f56bfc062723c751e8b465ee728b)
Start importing Assets/SPUM/SPUM_Sprites/BodySource/Species/0_Human/Human_4.png using Guid(7f9c604e1b12d455cba1d0e36fbd14f9) Importer(815301076,1909f56bfc062723c751e8b465ee728b)  -> (artifact id: '39792a08dd02bfd04cff0e99dda1d69c') in 0.028375 seconds 
========================================================================
Received Import Request.
  Time since last request: 3.328123 seconds.
  path: Assets/SPUM/SPUM_Sprites/BodySource/Species/1_Elf/Elf_2.png
  artifactKey: Guid(9319101edbfea48f58b3eb3a01e16f2a) Importer(815301076,1909f56bfc062723c751e8b465ee728b)
Start importing Assets/SPUM/SPUM_Sprites/BodySource/Species/1_Elf/Elf_2.png using Guid(9319101edbfea48f58b3eb3a01e16f2a) Importer(815301076,1909f56bfc062723c751e8b465ee728b)  -> (artifact id: '285adc0655379730b03082b6b6b44343') in 0.150338 seconds 
========================================================================
Received Prepare
Registering precompiled user dll's ...
Registered in 0.006281 seconds.
Begin MonoManager ReloadAssembly
Native extension for WindowsStandalone target not found
Refreshing native plugins compatible for Editor in 2.58 ms, found 3 plugins.
Preloading 0 native plugins for Editor in 0.00 ms.
Mono: successfully reloaded assembly
- Completed reload, in  1.321 seconds
Domain Reload Profiling:
	ReloadAssembly (1322ms)
		BeginReloadAssembly (167ms)
			ExecutionOrderSort (0ms)
			DisableScriptedObjects (8ms)
			BackupInstance (0ms)
			ReleaseScriptingObjects (0ms)
			CreateAndSetChildDomain (45ms)
		EndReloadAssembly (1034ms)
			LoadAssemblies (117ms)
			RebuildTransferFunctionScriptingTraits (0ms)
			SetupTypeCache (261ms)
				TypeCache.Initialize (257ms)
					TypeCache.ScanAssembly (251ms)
				ResolveRequiredComponents (4ms)
			ReleaseScriptCaches (2ms)
			RebuildScriptCaches (70ms)
			SetupLoadedEditorAssemblies (517ms)
				LogAssemblyErrors (0ms)
				InitializePlatformSupportModulesInManaged (19ms)
				SetLoadedEditorAssemblies (9ms)
				RefreshPlugins (3ms)
				BeforeProcessingInitializeOnLoad (118ms)
				ProcessInitializeOnLoadAttributes (311ms)
				ProcessInitializeOnLoadMethodAttributes (45ms)
				AfterProcessingInitializeOnLoad (13ms)
				EditorAssembliesLoaded (0ms)
			ExecutionOrderSort2 (0ms)
			AwakeInstancesAfterBackupRestoration (13ms)
Platform modules already initialized, skipping
Refreshing native plugins compatible for Editor in 5.91 ms, found 3 plugins.
Preloading 0 native plugins for Editor in 0.00 ms.
Unloading 2501 Unused Serialized files (Serialized files now loaded: 0)
Unloading 21 unused Assets / (32.4 KB). Loaded Objects now: 3062.
Memory consumption went from 432.1 MB to 432.1 MB.
Total: 4.387000 ms (FindLiveObjects: 0.311600 ms CreateObjectMapping: 0.271400 ms MarkObjects: 3.770000 ms  DeleteObjects: 0.032600 ms)

AssetImportParameters requested are different than current active one (requested -> active):
  custom:video-decoder-ogg-theora: a1e56fd34408186e4bbccfd4996cb3dc -> 
  custom:container-muxer-webm: aa71ff27fc2769a1b78a27578f13a17b -> 
  custom:container-demuxer-webm: 4f35f7cbe854078d1ac9338744f61a02 -> 
  custom:video-encoder-webm-vp8: eb34c28f22e8b96e1ab97ce403110664 -> 
  custom:audio-encoder-webm-vorbis: bf7c407c2cedff20999df2af8eb42d56 -> 
  custom:framework-win-MediaFoundation: 216162199b28c13a410421893ffa2e32 -> 
  custom:container-demuxer-ogg: 62fdf1f143b41e24485cea50d1cbac27 -> 
  custom:video-decoder-webm-vp8: 9c59270c3fd7afecdb556c50c9e8de78 -> 
  custom:audio-decoder-ogg-vorbis: bf7c407c2cedff20999df2af8eb42d56 -> 
========================================================================
Received Prepare
Registering precompiled user dll's ...
Registered in 0.005483 seconds.
Begin MonoManager ReloadAssembly
Native extension for WindowsStandalone target not found
Refreshing native plugins compatible for Editor in 2.89 ms, found 3 plugins.
Preloading 0 native plugins for Editor in 0.00 ms.
Mono: successfully reloaded assembly
- Completed reload, in  1.163 seconds
Domain Reload Profiling:
	ReloadAssembly (1164ms)
		BeginReloadAssembly (157ms)
			ExecutionOrderSort (0ms)
			DisableScriptedObjects (10ms)
			BackupInstance (0ms)
			ReleaseScriptingObjects (0ms)
			CreateAndSetChildDomain (39ms)
		EndReloadAssembly (893ms)
			LoadAssemblies (108ms)
			RebuildTransferFunctionScriptingTraits (0ms)
			SetupTypeCache (236ms)
				TypeCache.Initialize (232ms)
					TypeCache.ScanAssembly (226ms)
				ResolveRequiredComponents (4ms)
			ReleaseScriptCaches (2ms)
			RebuildScriptCaches (66ms)
			SetupLoadedEditorAssemblies (421ms)
				LogAssemblyErrors (0ms)
				InitializePlatformSupportModulesInManaged (15ms)
				SetLoadedEditorAssemblies (9ms)
				RefreshPlugins (3ms)
				BeforeProcessingInitializeOnLoad (86ms)
				ProcessInitializeOnLoadAttributes (251ms)
				ProcessInitializeOnLoadMethodAttributes (44ms)
				AfterProcessingInitializeOnLoad (13ms)
				EditorAssembliesLoaded (0ms)
			ExecutionOrderSort2 (0ms)
			AwakeInstancesAfterBackupRestoration (12ms)
Platform modules already initialized, skipping
Refreshing native plugins compatible for Editor in 6.06 ms, found 3 plugins.
Preloading 0 native plugins for Editor in 0.00 ms.
Unloading 2501 Unused Serialized files (Serialized files now loaded: 0)
Unloading 21 unused Assets / (32.5 KB). Loaded Objects now: 3065.
Memory consumption went from 432.1 MB to 432.1 MB.
Total: 4.980000 ms (FindLiveObjects: 0.241300 ms CreateObjectMapping: 0.314200 ms MarkObjects: 4.388400 ms  DeleteObjects: 0.034300 ms)

AssetImportParameters requested are different than current active one (requested -> active):
  custom:video-decoder-ogg-theora: a1e56fd34408186e4bbccfd4996cb3dc -> 
  custom:container-muxer-webm: aa71ff27fc2769a1b78a27578f13a17b -> 
  custom:container-demuxer-webm: 4f35f7cbe854078d1ac9338744f61a02 -> 
  custom:video-encoder-webm-vp8: eb34c28f22e8b96e1ab97ce403110664 -> 
  custom:audio-encoder-webm-vorbis: bf7c407c2cedff20999df2af8eb42d56 -> 
  custom:framework-win-MediaFoundation: 216162199b28c13a410421893ffa2e32 -> 
  custom:container-demuxer-ogg: 62fdf1f143b41e24485cea50d1cbac27 -> 
  custom:video-decoder-webm-vp8: 9c59270c3fd7afecdb556c50c9e8de78 -> 
  custom:audio-decoder-ogg-vorbis: bf7c407c2cedff20999df2af8eb42d56 -> 
========================================================================
Received Prepare
Registering precompiled user dll's ...
Registered in 0.010526 seconds.
Begin MonoManager ReloadAssembly
Native extension for WindowsStandalone target not found
Refreshing native plugins compatible for Editor in 2.54 ms, found 3 plugins.
Preloading 0 native plugins for Editor in 0.00 ms.
Mono: successfully reloaded assembly
- Completed reload, in  1.174 seconds
Domain Reload Profiling:
	ReloadAssembly (1175ms)
		BeginReloadAssembly (174ms)
			ExecutionOrderSort (0ms)
			DisableScriptedObjects (8ms)
			BackupInstance (0ms)
			ReleaseScriptingObjects (0ms)
			CreateAndSetChildDomain (44ms)
		EndReloadAssembly (883ms)
			LoadAssemblies (103ms)
			RebuildTransferFunctionScriptingTraits (0ms)
			SetupTypeCache (235ms)
				TypeCache.Initialize (231ms)
					TypeCache.ScanAssembly (225ms)
				ResolveRequiredComponents (4ms)
			ReleaseScriptCaches (1ms)
			RebuildScriptCaches (64ms)
			SetupLoadedEditorAssemblies (419ms)
				LogAssemblyErrors (0ms)
				InitializePlatformSupportModulesInManaged (15ms)
				SetLoadedEditorAssemblies (9ms)
				RefreshPlugins (3ms)
				BeforeProcessingInitializeOnLoad (83ms)
				ProcessInitializeOnLoadAttributes (257ms)
				ProcessInitializeOnLoadMethodAttributes (41ms)
				AfterProcessingInitializeOnLoad (12ms)
				EditorAssembliesLoaded (0ms)
			ExecutionOrderSort2 (0ms)
			AwakeInstancesAfterBackupRestoration (10ms)
Platform modules already initialized, skipping
Refreshing native plugins compatible for Editor in 3.94 ms, found 3 plugins.
Preloading 0 native plugins for Editor in 0.00 ms.
Unloading 2501 Unused Serialized files (Serialized files now loaded: 0)
Unloading 21 unused Assets / (32.5 KB). Loaded Objects now: 3068.
Memory consumption went from 432.1 MB to 432.0 MB.
Total: 3.312900 ms (FindLiveObjects: 0.213300 ms CreateObjectMapping: 0.172500 ms MarkObjects: 2.898500 ms  DeleteObjects: 0.027700 ms)

AssetImportParameters requested are different than current active one (requested -> active):
  custom:video-decoder-ogg-theora: a1e56fd34408186e4bbccfd4996cb3dc -> 
  custom:container-muxer-webm: aa71ff27fc2769a1b78a27578f13a17b -> 
  custom:container-demuxer-webm: 4f35f7cbe854078d1ac9338744f61a02 -> 
  custom:video-encoder-webm-vp8: eb34c28f22e8b96e1ab97ce403110664 -> 
  custom:audio-encoder-webm-vorbis: bf7c407c2cedff20999df2af8eb42d56 -> 
  custom:framework-win-MediaFoundation: 216162199b28c13a410421893ffa2e32 -> 
  custom:container-demuxer-ogg: 62fdf1f143b41e24485cea50d1cbac27 -> 
  custom:video-decoder-webm-vp8: 9c59270c3fd7afecdb556c50c9e8de78 -> 
  custom:audio-decoder-ogg-vorbis: bf7c407c2cedff20999df2af8eb42d56 -> 
========================================================================
Received Import Request.
  Time since last request: 677.824367 seconds.
  path: Assets/SPUM/Prefab/SpritePrefab.prefab
  artifactKey: Guid(d55430fd24c54d64b84d313eba553004) Importer(815301076,1909f56bfc062723c751e8b465ee728b)
Start importing Assets/SPUM/Prefab/SpritePrefab.prefab using Guid(d55430fd24c54d64b84d313eba553004) Importer(815301076,1909f56bfc062723c751e8b465ee728b)  -> (artifact id: '21156767adb8b3de60ef2f134ff4a43e') in 0.161485 seconds 
========================================================================
Received Import Request.
  Time since last request: 0.000025 seconds.
  path: Assets/SPUM/Prefab/SPUM_Manager.prefab
  artifactKey: Guid(9f2c5c25365188f4b9ace801f6cc3c6a) Importer(815301076,1909f56bfc062723c751e8b465ee728b)
Start importing Assets/SPUM/Prefab/SPUM_Manager.prefab using Guid(9f2c5c25365188f4b9ace801f6cc3c6a) Importer(815301076,1909f56bfc062723c751e8b465ee728b)  -> (artifact id: 'fdfd94e006dd96e7001fc3b2d90c4d1f') in 0.026569 seconds 
========================================================================
Received Prepare
Registering precompiled user dll's ...
Registered in 0.005392 seconds.
Begin MonoManager ReloadAssembly
Native extension for WindowsStandalone target not found
Refreshing native plugins compatible for Editor in 2.39 ms, found 3 plugins.
Preloading 0 native plugins for Editor in 0.00 ms.
Mono: successfully reloaded assembly
- Completed reload, in  1.556 seconds
Domain Reload Profiling:
	ReloadAssembly (1557ms)
		BeginReloadAssembly (273ms)
			ExecutionOrderSort (0ms)
			DisableScriptedObjects (19ms)
			BackupInstance (0ms)
			ReleaseScriptingObjects (0ms)
			CreateAndSetChildDomain (104ms)
		EndReloadAssembly (1090ms)
			LoadAssemblies (136ms)
			RebuildTransferFunctionScriptingTraits (0ms)
			SetupTypeCache (517ms)
				TypeCache.Initialize (511ms)
					TypeCache.ScanAssembly (504ms)
				ResolveRequiredComponents (6ms)
			ReleaseScriptCaches (1ms)
			RebuildScriptCaches (60ms)
			SetupLoadedEditorAssemblies (359ms)
				LogAssemblyErrors (0ms)
				InitializePlatformSupportModulesInManaged (17ms)
				SetLoadedEditorAssemblies (8ms)
				RefreshPlugins (2ms)
				BeforeProcessingInitializeOnLoad (71ms)
				ProcessInitializeOnLoadAttributes (214ms)
				ProcessInitializeOnLoadMethodAttributes (36ms)
				AfterProcessingInitializeOnLoad (10ms)
				EditorAssembliesLoaded (0ms)
			ExecutionOrderSort2 (0ms)
			AwakeInstancesAfterBackupRestoration (9ms)
Platform modules already initialized, skipping
Refreshing native plugins compatible for Editor in 3.31 ms, found 3 plugins.
Preloading 0 native plugins for Editor in 0.00 ms.
Unloading 2501 Unused Serialized files (Serialized files now loaded: 0)
Unloading 21 unused Assets / (32.5 KB). Loaded Objects now: 3071.
Memory consumption went from 432.7 MB to 432.7 MB.
Total: 3.443400 ms (FindLiveObjects: 0.199500 ms CreateObjectMapping: 0.118700 ms MarkObjects: 3.082400 ms  DeleteObjects: 0.041800 ms)

AssetImportParameters requested are different than current active one (requested -> active):
  custom:video-decoder-ogg-theora: a1e56fd34408186e4bbccfd4996cb3dc -> 
  custom:container-muxer-webm: aa71ff27fc2769a1b78a27578f13a17b -> 
  custom:container-demuxer-webm: 4f35f7cbe854078d1ac9338744f61a02 -> 
  custom:video-encoder-webm-vp8: eb34c28f22e8b96e1ab97ce403110664 -> 
  custom:audio-encoder-webm-vorbis: bf7c407c2cedff20999df2af8eb42d56 -> 
  custom:framework-win-MediaFoundation: 216162199b28c13a410421893ffa2e32 -> 
  custom:container-demuxer-ogg: 62fdf1f143b41e24485cea50d1cbac27 -> 
  custom:video-decoder-webm-vp8: 9c59270c3fd7afecdb556c50c9e8de78 -> 
  custom:audio-decoder-ogg-vorbis: bf7c407c2cedff20999df2af8eb42d56 -> 
========================================================================
Received Prepare
Registering precompiled user dll's ...
Registered in 0.005275 seconds.
Begin MonoManager ReloadAssembly
Native extension for WindowsStandalone target not found
Refreshing native plugins compatible for Editor in 2.14 ms, found 3 plugins.
Preloading 0 native plugins for Editor in 0.00 ms.
Mono: successfully reloaded assembly
- Completed reload, in  1.033 seconds
Domain Reload Profiling:
	ReloadAssembly (1034ms)
		BeginReloadAssembly (148ms)
			ExecutionOrderSort (0ms)
			DisableScriptedObjects (8ms)
			BackupInstance (0ms)
			ReleaseScriptingObjects (0ms)
			CreateAndSetChildDomain (44ms)
		EndReloadAssembly (787ms)
			LoadAssemblies (92ms)
			RebuildTransferFunctionScriptingTraits (0ms)
			SetupTypeCache (210ms)
				TypeCache.Initialize (206ms)
					TypeCache.ScanAssembly (201ms)
				ResolveRequiredComponents (4ms)
			ReleaseScriptCaches (1ms)
			RebuildScriptCaches (56ms)
			SetupLoadedEditorAssemblies (376ms)
				LogAssemblyErrors (0ms)
				InitializePlatformSupportModulesInManaged (14ms)
				SetLoadedEditorAssemblies (7ms)
				RefreshPlugins (2ms)
				BeforeProcessingInitializeOnLoad (76ms)
				ProcessInitializeOnLoadAttributes (231ms)
				ProcessInitializeOnLoadMethodAttributes (36ms)
				AfterProcessingInitializeOnLoad (10ms)
				EditorAssembliesLoaded (0ms)
			ExecutionOrderSort2 (0ms)
			AwakeInstancesAfterBackupRestoration (9ms)
Platform modules already initialized, skipping
Refreshing native plugins compatible for Editor in 3.04 ms, found 3 plugins.
Preloading 0 native plugins for Editor in 0.00 ms.
Unloading 2501 Unused Serialized files (Serialized files now loaded: 0)
Unloading 21 unused Assets / (32.5 KB). Loaded Objects now: 3074.
Memory consumption went from 432.7 MB to 432.7 MB.
Total: 3.241300 ms (FindLiveObjects: 0.267000 ms CreateObjectMapping: 0.161600 ms MarkObjects: 2.776900 ms  DeleteObjects: 0.034400 ms)

AssetImportParameters requested are different than current active one (requested -> active):
  custom:video-decoder-ogg-theora: a1e56fd34408186e4bbccfd4996cb3dc -> 
  custom:container-muxer-webm: aa71ff27fc2769a1b78a27578f13a17b -> 
  custom:container-demuxer-webm: 4f35f7cbe854078d1ac9338744f61a02 -> 
  custom:video-encoder-webm-vp8: eb34c28f22e8b96e1ab97ce403110664 -> 
  custom:audio-encoder-webm-vorbis: bf7c407c2cedff20999df2af8eb42d56 -> 
  custom:framework-win-MediaFoundation: 216162199b28c13a410421893ffa2e32 -> 
  custom:container-demuxer-ogg: 62fdf1f143b41e24485cea50d1cbac27 -> 
  custom:video-decoder-webm-vp8: 9c59270c3fd7afecdb556c50c9e8de78 -> 
  custom:audio-decoder-ogg-vorbis: bf7c407c2cedff20999df2af8eb42d56 -> 
========================================================================
Received Prepare
Registering precompiled user dll's ...
Registered in 0.005722 seconds.
Begin MonoManager ReloadAssembly
Native extension for WindowsStandalone target not found
Refreshing native plugins compatible for Editor in 2.13 ms, found 3 plugins.
Preloading 0 native plugins for Editor in 0.00 ms.
Mono: successfully reloaded assembly
- Completed reload, in  1.111 seconds
Domain Reload Profiling:
	ReloadAssembly (1112ms)
		BeginReloadAssembly (189ms)
			ExecutionOrderSort (0ms)
			DisableScriptedObjects (8ms)
			BackupInstance (0ms)
			ReleaseScriptingObjects (0ms)
			CreateAndSetChildDomain (48ms)
		EndReloadAssembly (811ms)
			LoadAssemblies (105ms)
			RebuildTransferFunctionScriptingTraits (0ms)
			SetupTypeCache (224ms)
				TypeCache.Initialize (220ms)
					TypeCache.ScanAssembly (216ms)
				ResolveRequiredComponents (4ms)
			ReleaseScriptCaches (2ms)
			RebuildScriptCaches (65ms)
			SetupLoadedEditorAssemblies (368ms)
				LogAssemblyErrors (0ms)
				InitializePlatformSupportModulesInManaged (15ms)
				SetLoadedEditorAssemblies (7ms)
				RefreshPlugins (2ms)
				BeforeProcessingInitializeOnLoad (79ms)
				ProcessInitializeOnLoadAttributes (221ms)
				ProcessInitializeOnLoadMethodAttributes (34ms)
				AfterProcessingInitializeOnLoad (9ms)
				EditorAssembliesLoaded (0ms)
			ExecutionOrderSort2 (0ms)
			AwakeInstancesAfterBackupRestoration (10ms)
Platform modules already initialized, skipping
Refreshing native plugins compatible for Editor in 5.75 ms, found 3 plugins.
Preloading 0 native plugins for Editor in 0.00 ms.
Unloading 2501 Unused Serialized files (Serialized files now loaded: 0)
Unloading 21 unused Assets / (32.5 KB). Loaded Objects now: 3077.
Memory consumption went from 432.8 MB to 432.7 MB.
Total: 4.548500 ms (FindLiveObjects: 0.293600 ms CreateObjectMapping: 0.300100 ms MarkObjects: 3.902500 ms  DeleteObjects: 0.050700 ms)

AssetImportParameters requested are different than current active one (requested -> active):
  custom:video-decoder-ogg-theora: a1e56fd34408186e4bbccfd4996cb3dc -> 
  custom:container-muxer-webm: aa71ff27fc2769a1b78a27578f13a17b -> 
  custom:container-demuxer-webm: 4f35f7cbe854078d1ac9338744f61a02 -> 
  custom:video-encoder-webm-vp8: eb34c28f22e8b96e1ab97ce403110664 -> 
  custom:audio-encoder-webm-vorbis: bf7c407c2cedff20999df2af8eb42d56 -> 
  custom:framework-win-MediaFoundation: 216162199b28c13a410421893ffa2e32 -> 
  custom:container-demuxer-ogg: 62fdf1f143b41e24485cea50d1cbac27 -> 
  custom:video-decoder-webm-vp8: 9c59270c3fd7afecdb556c50c9e8de78 -> 
  custom:audio-decoder-ogg-vorbis: bf7c407c2cedff20999df2af8eb42d56 -> 
========================================================================
Received Prepare
Registering precompiled user dll's ...
Registered in 0.007426 seconds.
Begin MonoManager ReloadAssembly
Native extension for WindowsStandalone target not found
Refreshing native plugins compatible for Editor in 3.09 ms, found 3 plugins.
Preloading 0 native plugins for Editor in 0.00 ms.
Mono: successfully reloaded assembly
- Completed reload, in  1.156 seconds
Domain Reload Profiling:
	ReloadAssembly (1157ms)
		BeginReloadAssembly (171ms)
			ExecutionOrderSort (0ms)
			DisableScriptedObjects (11ms)
			BackupInstance (0ms)
			ReleaseScriptingObjects (0ms)
			CreateAndSetChildDomain (41ms)
		EndReloadAssembly (868ms)
			LoadAssemblies (112ms)
			RebuildTransferFunctionScriptingTraits (0ms)
			SetupTypeCache (242ms)
				TypeCache.Initialize (238ms)
					TypeCache.ScanAssembly (231ms)
				ResolveRequiredComponents (4ms)
			ReleaseScriptCaches (2ms)
			RebuildScriptCaches (61ms)
			SetupLoadedEditorAssemblies (409ms)
				LogAssemblyErrors (0ms)
				InitializePlatformSupportModulesInManaged (15ms)
				SetLoadedEditorAssemblies (8ms)
				RefreshPlugins (3ms)
				BeforeProcessingInitializeOnLoad (86ms)
				ProcessInitializeOnLoadAttributes (246ms)
				ProcessInitializeOnLoadMethodAttributes (40ms)
				AfterProcessingInitializeOnLoad (11ms)
				EditorAssembliesLoaded (0ms)
			ExecutionOrderSort2 (0ms)
			AwakeInstancesAfterBackupRestoration (10ms)
Platform modules already initialized, skipping
Refreshing native plugins compatible for Editor in 6.28 ms, found 3 plugins.
Preloading 0 native plugins for Editor in 0.00 ms.
Unloading 2501 Unused Serialized files (Serialized files now loaded: 0)
Unloading 21 unused Assets / (32.6 KB). Loaded Objects now: 3080.
Memory consumption went from 432.8 MB to 432.7 MB.
Total: 3.320900 ms (FindLiveObjects: 0.294500 ms CreateObjectMapping: 0.250200 ms MarkObjects: 2.747000 ms  DeleteObjects: 0.027800 ms)

AssetImportParameters requested are different than current active one (requested -> active):
  custom:video-decoder-ogg-theora: a1e56fd34408186e4bbccfd4996cb3dc -> 
  custom:container-muxer-webm: aa71ff27fc2769a1b78a27578f13a17b -> 
  custom:container-demuxer-webm: 4f35f7cbe854078d1ac9338744f61a02 -> 
  custom:video-encoder-webm-vp8: eb34c28f22e8b96e1ab97ce403110664 -> 
  custom:audio-encoder-webm-vorbis: bf7c407c2cedff20999df2af8eb42d56 -> 
  custom:framework-win-MediaFoundation: 216162199b28c13a410421893ffa2e32 -> 
  custom:container-demuxer-ogg: 62fdf1f143b41e24485cea50d1cbac27 -> 
  custom:video-decoder-webm-vp8: 9c59270c3fd7afecdb556c50c9e8de78 -> 
  custom:audio-decoder-ogg-vorbis: bf7c407c2cedff20999df2af8eb42d56 -> 
========================================================================
Received Prepare
Registering precompiled user dll's ...
Registered in 0.005563 seconds.
Begin MonoManager ReloadAssembly
Native extension for WindowsStandalone target not found
Refreshing native plugins compatible for Editor in 2.22 ms, found 3 plugins.
Preloading 0 native plugins for Editor in 0.00 ms.
Mono: successfully reloaded assembly
- Completed reload, in  1.114 seconds
Domain Reload Profiling:
	ReloadAssembly (1115ms)
		BeginReloadAssembly (160ms)
			ExecutionOrderSort (0ms)
			DisableScriptedObjects (8ms)
			BackupInstance (0ms)
			ReleaseScriptingObjects (0ms)
			CreateAndSetChildDomain (38ms)
		EndReloadAssembly (811ms)
			LoadAssemblies (124ms)
			RebuildTransferFunctionScriptingTraits (0ms)
			SetupTypeCache (245ms)
				TypeCache.Initialize (240ms)
					TypeCache.ScanAssembly (234ms)
				ResolveRequiredComponents (5ms)
			ReleaseScriptCaches (1ms)
			RebuildScriptCaches (60ms)
			SetupLoadedEditorAssemblies (352ms)
				LogAssemblyErrors (0ms)
				InitializePlatformSupportModulesInManaged (12ms)
				SetLoadedEditorAssemblies (7ms)
				RefreshPlugins (2ms)
				BeforeProcessingInitializeOnLoad (73ms)
				ProcessInitializeOnLoadAttributes (214ms)
				ProcessInitializeOnLoadMethodAttributes (35ms)
				AfterProcessingInitializeOnLoad (9ms)
				EditorAssembliesLoaded (0ms)
			ExecutionOrderSort2 (0ms)
			AwakeInstancesAfterBackupRestoration (8ms)
Platform modules already initialized, skipping
Refreshing native plugins compatible for Editor in 5.03 ms, found 3 plugins.
Preloading 0 native plugins for Editor in 0.00 ms.
Unloading 2500 Unused Serialized files (Serialized files now loaded: 0)
Unloading 21 unused Assets / (32.5 KB). Loaded Objects now: 3083.
Memory consumption went from 432.5 MB to 432.5 MB.
Total: 5.084900 ms (FindLiveObjects: 0.242600 ms CreateObjectMapping: 0.185100 ms MarkObjects: 4.615800 ms  DeleteObjects: 0.040000 ms)

AssetImportParameters requested are different than current active one (requested -> active):
  custom:video-decoder-ogg-theora: a1e56fd34408186e4bbccfd4996cb3dc -> 
  custom:container-muxer-webm: aa71ff27fc2769a1b78a27578f13a17b -> 
  custom:container-demuxer-webm: 4f35f7cbe854078d1ac9338744f61a02 -> 
  custom:video-encoder-webm-vp8: eb34c28f22e8b96e1ab97ce403110664 -> 
  custom:audio-encoder-webm-vorbis: bf7c407c2cedff20999df2af8eb42d56 -> 
  custom:framework-win-MediaFoundation: 216162199b28c13a410421893ffa2e32 -> 
  custom:container-demuxer-ogg: 62fdf1f143b41e24485cea50d1cbac27 -> 
  custom:video-decoder-webm-vp8: 9c59270c3fd7afecdb556c50c9e8de78 -> 
  custom:audio-decoder-ogg-vorbis: bf7c407c2cedff20999df2af8eb42d56 -> 
========================================================================
Received Prepare
Registering precompiled user dll's ...
Registered in 0.007089 seconds.
Begin MonoManager ReloadAssembly
Native extension for WindowsStandalone target not found
Refreshing native plugins compatible for Editor in 2.40 ms, found 3 plugins.
Preloading 0 native plugins for Editor in 0.00 ms.
Mono: successfully reloaded assembly
- Completed reload, in  1.103 seconds
Domain Reload Profiling:
	ReloadAssembly (1104ms)
		BeginReloadAssembly (149ms)
			ExecutionOrderSort (0ms)
			DisableScriptedObjects (9ms)
			BackupInstance (0ms)
			ReleaseScriptingObjects (0ms)
			CreateAndSetChildDomain (36ms)
		EndReloadAssembly (845ms)
			LoadAssemblies (103ms)
			RebuildTransferFunctionScriptingTraits (0ms)
			SetupTypeCache (236ms)
				TypeCache.Initialize (231ms)
					TypeCache.ScanAssembly (226ms)
				ResolveRequiredComponents (5ms)
			ReleaseScriptCaches (2ms)
			RebuildScriptCaches (74ms)
			SetupLoadedEditorAssemblies (362ms)
				LogAssemblyErrors (0ms)
				InitializePlatformSupportModulesInManaged (16ms)
				SetLoadedEditorAssemblies (8ms)
				RefreshPlugins (2ms)
				BeforeProcessingInitializeOnLoad (68ms)
				ProcessInitializeOnLoadAttributes (224ms)
				ProcessInitializeOnLoadMethodAttributes (32ms)
				AfterProcessingInitializeOnLoad (12ms)
				EditorAssembliesLoaded (0ms)
			ExecutionOrderSort2 (0ms)
			AwakeInstancesAfterBackupRestoration (9ms)
Platform modules already initialized, skipping
Refreshing native plugins compatible for Editor in 4.43 ms, found 3 plugins.
Preloading 0 native plugins for Editor in 0.00 ms.
Unloading 2501 Unused Serialized files (Serialized files now loaded: 0)
Unloading 21 unused Assets / (32.6 KB). Loaded Objects now: 3086.
Memory consumption went from 432.8 MB to 432.8 MB.
Total: 2.962800 ms (FindLiveObjects: 0.204600 ms CreateObjectMapping: 0.143300 ms MarkObjects: 2.584100 ms  DeleteObjects: 0.029900 ms)

AssetImportParameters requested are different than current active one (requested -> active):
  custom:video-decoder-ogg-theora: a1e56fd34408186e4bbccfd4996cb3dc -> 
  custom:container-muxer-webm: aa71ff27fc2769a1b78a27578f13a17b -> 
  custom:container-demuxer-webm: 4f35f7cbe854078d1ac9338744f61a02 -> 
  custom:video-encoder-webm-vp8: eb34c28f22e8b96e1ab97ce403110664 -> 
  custom:audio-encoder-webm-vorbis: bf7c407c2cedff20999df2af8eb42d56 -> 
  custom:framework-win-MediaFoundation: 216162199b28c13a410421893ffa2e32 -> 
  custom:container-demuxer-ogg: 62fdf1f143b41e24485cea50d1cbac27 -> 
  custom:video-decoder-webm-vp8: 9c59270c3fd7afecdb556c50c9e8de78 -> 
  custom:audio-decoder-ogg-vorbis: bf7c407c2cedff20999df2af8eb42d56 -> 
========================================================================
Received Import Request.
  Time since last request: 15927.744542 seconds.
  path: Assets/SPUM/Prefab/AnimationSample/MagicianMan.prefab
  artifactKey: Guid(1d390444842d4404da5362601bb0f426) Importer(815301076,1909f56bfc062723c751e8b465ee728b)
Start importing Assets/SPUM/Prefab/AnimationSample/MagicianMan.prefab using Guid(1d390444842d4404da5362601bb0f426) Importer(815301076,1909f56bfc062723c751e8b465ee728b)  -> (artifact id: '5782146503cf3db2cdc311edb82be92c') in 0.119930 seconds 
========================================================================
Received Prepare
Registering precompiled user dll's ...
Registered in 0.007878 seconds.
Begin MonoManager ReloadAssembly
Native extension for WindowsStandalone target not found
Refreshing native plugins compatible for Editor in 2.55 ms, found 3 plugins.
Preloading 0 native plugins for Editor in 0.00 ms.
Mono: successfully reloaded assembly
- Completed reload, in  1.134 seconds
Domain Reload Profiling:
	ReloadAssembly (1135ms)
		BeginReloadAssembly (157ms)
			ExecutionOrderSort (0ms)
			DisableScriptedObjects (8ms)
			BackupInstance (0ms)
			ReleaseScriptingObjects (0ms)
			CreateAndSetChildDomain (43ms)
		EndReloadAssembly (863ms)
			LoadAssemblies (104ms)
			RebuildTransferFunctionScriptingTraits (0ms)
			SetupTypeCache (242ms)
				TypeCache.Initialize (238ms)
					TypeCache.ScanAssembly (234ms)
				ResolveRequiredComponents (4ms)
			ReleaseScriptCaches (2ms)
			RebuildScriptCaches (63ms)
			SetupLoadedEditorAssemblies (400ms)
				LogAssemblyErrors (0ms)
				InitializePlatformSupportModulesInManaged (16ms)
				SetLoadedEditorAssemblies (9ms)
				RefreshPlugins (3ms)
				BeforeProcessingInitializeOnLoad (84ms)
				ProcessInitializeOnLoadAttributes (238ms)
				ProcessInitializeOnLoadMethodAttributes (39ms)
				AfterProcessingInitializeOnLoad (11ms)
				EditorAssembliesLoaded (0ms)
			ExecutionOrderSort2 (0ms)
			AwakeInstancesAfterBackupRestoration (9ms)
Platform modules already initialized, skipping
Refreshing native plugins compatible for Editor in 4.95 ms, found 3 plugins.
Preloading 0 native plugins for Editor in 0.00 ms.
Unloading 2501 Unused Serialized files (Serialized files now loaded: 0)
Unloading 21 unused Assets / (32.5 KB). Loaded Objects now: 3089.
Memory consumption went from 432.8 MB to 432.8 MB.
Total: 3.016100 ms (FindLiveObjects: 0.192500 ms CreateObjectMapping: 0.104500 ms MarkObjects: 2.689400 ms  DeleteObjects: 0.028700 ms)

AssetImportParameters requested are different than current active one (requested -> active):
  custom:video-decoder-ogg-theora: a1e56fd34408186e4bbccfd4996cb3dc -> 
  custom:container-muxer-webm: aa71ff27fc2769a1b78a27578f13a17b -> 
  custom:container-demuxer-webm: 4f35f7cbe854078d1ac9338744f61a02 -> 
  custom:video-encoder-webm-vp8: eb34c28f22e8b96e1ab97ce403110664 -> 
  custom:audio-encoder-webm-vorbis: bf7c407c2cedff20999df2af8eb42d56 -> 
  custom:framework-win-MediaFoundation: 216162199b28c13a410421893ffa2e32 -> 
  custom:container-demuxer-ogg: 62fdf1f143b41e24485cea50d1cbac27 -> 
  custom:video-decoder-webm-vp8: 9c59270c3fd7afecdb556c50c9e8de78 -> 
  custom:audio-decoder-ogg-vorbis: bf7c407c2cedff20999df2af8eb42d56 -> 
========================================================================
Received Prepare
Registering precompiled user dll's ...
Registered in 0.006638 seconds.
Begin MonoManager ReloadAssembly
Native extension for WindowsStandalone target not found
Refreshing native plugins compatible for Editor in 2.27 ms, found 3 plugins.
Preloading 0 native plugins for Editor in 0.00 ms.
Mono: successfully reloaded assembly
- Completed reload, in  1.099 seconds
Domain Reload Profiling:
	ReloadAssembly (1100ms)
		BeginReloadAssembly (154ms)
			ExecutionOrderSort (0ms)
			DisableScriptedObjects (8ms)
			BackupInstance (0ms)
			ReleaseScriptingObjects (0ms)
			CreateAndSetChildDomain (39ms)
		EndReloadAssembly (838ms)
			LoadAssemblies (106ms)
			RebuildTransferFunctionScriptingTraits (0ms)
			SetupTypeCache (230ms)
				TypeCache.Initialize (226ms)
					TypeCache.ScanAssembly (221ms)
				ResolveRequiredComponents (4ms)
			ReleaseScriptCaches (1ms)
			RebuildScriptCaches (58ms)
			SetupLoadedEditorAssemblies (389ms)
				LogAssemblyErrors (0ms)
				InitializePlatformSupportModulesInManaged (15ms)
				SetLoadedEditorAssemblies (7ms)
				RefreshPlugins (2ms)
				BeforeProcessingInitializeOnLoad (79ms)
				ProcessInitializeOnLoadAttributes (235ms)
				ProcessInitializeOnLoadMethodAttributes (39ms)
				AfterProcessingInitializeOnLoad (12ms)
				EditorAssembliesLoaded (0ms)
			ExecutionOrderSort2 (0ms)
			AwakeInstancesAfterBackupRestoration (10ms)
Platform modules already initialized, skipping
Refreshing native plugins compatible for Editor in 3.59 ms, found 3 plugins.
Preloading 0 native plugins for Editor in 0.00 ms.
Unloading 2501 Unused Serialized files (Serialized files now loaded: 0)
Unloading 21 unused Assets / (32.5 KB). Loaded Objects now: 3092.
Memory consumption went from 432.8 MB to 432.8 MB.
Total: 5.245900 ms (FindLiveObjects: 0.259700 ms CreateObjectMapping: 0.262800 ms MarkObjects: 4.686000 ms  DeleteObjects: 0.036100 ms)

AssetImportParameters requested are different than current active one (requested -> active):
  custom:video-decoder-ogg-theora: a1e56fd34408186e4bbccfd4996cb3dc -> 
  custom:container-muxer-webm: aa71ff27fc2769a1b78a27578f13a17b -> 
  custom:container-demuxer-webm: 4f35f7cbe854078d1ac9338744f61a02 -> 
  custom:video-encoder-webm-vp8: eb34c28f22e8b96e1ab97ce403110664 -> 
  custom:audio-encoder-webm-vorbis: bf7c407c2cedff20999df2af8eb42d56 -> 
  custom:framework-win-MediaFoundation: 216162199b28c13a410421893ffa2e32 -> 
  custom:container-demuxer-ogg: 62fdf1f143b41e24485cea50d1cbac27 -> 
  custom:video-decoder-webm-vp8: 9c59270c3fd7afecdb556c50c9e8de78 -> 
  custom:audio-decoder-ogg-vorbis: bf7c407c2cedff20999df2af8eb42d56 -> 
========================================================================
Received Prepare
Registering precompiled user dll's ...
Registered in 0.005908 seconds.
Begin MonoManager ReloadAssembly
Native extension for WindowsStandalone target not found
Refreshing native plugins compatible for Editor in 1.99 ms, found 3 plugins.
Preloading 0 native plugins for Editor in 0.00 ms.
Mono: successfully reloaded assembly
- Completed reload, in  1.061 seconds
Domain Reload Profiling:
	ReloadAssembly (1062ms)
		BeginReloadAssembly (135ms)
			ExecutionOrderSort (0ms)
			DisableScriptedObjects (8ms)
			BackupInstance (0ms)
			ReleaseScriptingObjects (0ms)
			CreateAndSetChildDomain (33ms)
		EndReloadAssembly (821ms)
			LoadAssemblies (94ms)
			RebuildTransferFunctionScriptingTraits (0ms)
			SetupTypeCache (227ms)
				TypeCache.Initialize (224ms)
					TypeCache.ScanAssembly (220ms)
				ResolveRequiredComponents (3ms)
			ReleaseScriptCaches (2ms)
			RebuildScriptCaches (60ms)
			SetupLoadedEditorAssemblies (383ms)
				LogAssemblyErrors (0ms)
				InitializePlatformSupportModulesInManaged (15ms)
				SetLoadedEditorAssemblies (6ms)
				RefreshPlugins (2ms)
				BeforeProcessingInitializeOnLoad (82ms)
				ProcessInitializeOnLoadAttributes (225ms)
				ProcessInitializeOnLoadMethodAttributes (42ms)
				AfterProcessingInitializeOnLoad (10ms)
				EditorAssembliesLoaded (0ms)
			ExecutionOrderSort2 (0ms)
			AwakeInstancesAfterBackupRestoration (10ms)
Platform modules already initialized, skipping
Refreshing native plugins compatible for Editor in 5.16 ms, found 3 plugins.
Preloading 0 native plugins for Editor in 0.00 ms.
Unloading 2501 Unused Serialized files (Serialized files now loaded: 0)
Unloading 21 unused Assets / (32.6 KB). Loaded Objects now: 3095.
Memory consumption went from 432.8 MB to 432.8 MB.
Total: 2.972200 ms (FindLiveObjects: 0.196600 ms CreateObjectMapping: 0.130600 ms MarkObjects: 2.613700 ms  DeleteObjects: 0.030100 ms)

AssetImportParameters requested are different than current active one (requested -> active):
  custom:video-decoder-ogg-theora: a1e56fd34408186e4bbccfd4996cb3dc -> 
  custom:container-muxer-webm: aa71ff27fc2769a1b78a27578f13a17b -> 
  custom:container-demuxer-webm: 4f35f7cbe854078d1ac9338744f61a02 -> 
  custom:video-encoder-webm-vp8: eb34c28f22e8b96e1ab97ce403110664 -> 
  custom:audio-encoder-webm-vorbis: bf7c407c2cedff20999df2af8eb42d56 -> 
  custom:framework-win-MediaFoundation: 216162199b28c13a410421893ffa2e32 -> 
  custom:container-demuxer-ogg: 62fdf1f143b41e24485cea50d1cbac27 -> 
  custom:video-decoder-webm-vp8: 9c59270c3fd7afecdb556c50c9e8de78 -> 
  custom:audio-decoder-ogg-vorbis: bf7c407c2cedff20999df2af8eb42d56 -> 
========================================================================
Received Import Request.
  Time since last request: 889.374752 seconds.
  path: Assets/SPUM/Res/UI/Basic_Fill_Box.png
  artifactKey: Guid(3ac0b4e40bbf0f9449f1d7a6d2a9baba) Importer(815301076,1909f56bfc062723c751e8b465ee728b)
Start importing Assets/SPUM/Res/UI/Basic_Fill_Box.png using Guid(3ac0b4e40bbf0f9449f1d7a6d2a9baba) Importer(815301076,1909f56bfc062723c751e8b465ee728b)  -> (artifact id: 'eba681286e01fc7e884e2d4908d00193') in 0.084182 seconds 
========================================================================
Received Import Request.
  Time since last request: 0.000023 seconds.
  path: Assets/SPUM/Res/UI/img_colormap.gif
  artifactKey: Guid(6822c51151c0b4a038b02525b40c06e5) Importer(815301076,1909f56bfc062723c751e8b465ee728b)
Start importing Assets/SPUM/Res/UI/img_colormap.gif using Guid(6822c51151c0b4a038b02525b40c06e5) Importer(815301076,1909f56bfc062723c751e8b465ee728b)  -> (artifact id: '6dea76ef9ea3549f79378f31b81b9515') in 0.085592 seconds 
========================================================================
Received Import Request.
  Time since last request: 0.000026 seconds.
  path: Assets/SPUM/Res/UI/Rounded Circle.png
  artifactKey: Guid(b1e2bb5a32fee96498075a860def4696) Importer(815301076,1909f56bfc062723c751e8b465ee728b)
Start importing Assets/SPUM/Res/UI/Rounded Circle.png using Guid(b1e2bb5a32fee96498075a860def4696) Importer(815301076,1909f56bfc062723c751e8b465ee728b)  -> (artifact id: '517d8d50620b520436d8691c68c9b531') in 0.063861 seconds 
========================================================================
Received Import Request.
  Time since last request: 0.000035 seconds.
  path: Assets/SPUM/Res/UI/Square.png
  artifactKey: Guid(b325a13e94f3bac4199e75b91fa98449) Importer(815301076,1909f56bfc062723c751e8b465ee728b)
Start importing Assets/SPUM/Res/UI/Square.png using Guid(b325a13e94f3bac4199e75b91fa98449) Importer(815301076,1909f56bfc062723c751e8b465ee728b)  -> (artifact id: '32da008e1759479c243aa6ac0b19166c') in 0.066254 seconds 
========================================================================
Received Import Request.
  Time since last request: 37.313703 seconds.
  path: Assets/Resources/SPUM/SPUM_Sprites/BodySource/Species/2_Devil/Eye/Eye1.png
  artifactKey: Guid(3d547a0c564dc41babadea168612bb7f) Importer(815301076,1909f56bfc062723c751e8b465ee728b)
Start importing Assets/Resources/SPUM/SPUM_Sprites/BodySource/Species/2_Devil/Eye/Eye1.png using Guid(3d547a0c564dc41babadea168612bb7f) Importer(815301076,1909f56bfc062723c751e8b465ee728b)  -> (artifact id: 'b963fd178805a9d911cee224e8f45301') in 0.020204 seconds 
========================================================================
Received Import Request.
  Time since last request: 0.012379 seconds.
  path: Assets/Resources/SPUM/SPUM_Sprites/BodySource/Species/2_Devil/Eye/Eye4.png
  artifactKey: Guid(a2d7566aa9709406c9ea257e60687ca8) Importer(815301076,1909f56bfc062723c751e8b465ee728b)
Start importing Assets/Resources/SPUM/SPUM_Sprites/BodySource/Species/2_Devil/Eye/Eye4.png using Guid(a2d7566aa9709406c9ea257e60687ca8) Importer(815301076,1909f56bfc062723c751e8b465ee728b)  -> (artifact id: '104393d90f6856bc4cf9aae419e569c7') in 0.019606 seconds 
========================================================================
Received Import Request.
  Time since last request: 0.000015 seconds.
  path: Assets/Resources/SPUM/SPUM_Sprites/BodySource/Species/2_Devil/Eye/Eye7.png
  artifactKey: Guid(3b865ddf26b13470a89d518b17561a59) Importer(815301076,1909f56bfc062723c751e8b465ee728b)
Start importing Assets/Resources/SPUM/SPUM_Sprites/BodySource/Species/2_Devil/Eye/Eye7.png using Guid(3b865ddf26b13470a89d518b17561a59) Importer(815301076,1909f56bfc062723c751e8b465ee728b)  -> (artifact id: 'ae68734bb08f06d680d3893c4429e8d8') in 0.019937 seconds 
========================================================================
Received Import Request.
  Time since last request: 0.000021 seconds.
  path: Assets/Resources/SPUM/SPUM_Sprites/BodySource/Species/2_Devil/Eye/Eye8.png
  artifactKey: Guid(adea387524d184211b1d3be38ec30261) Importer(815301076,1909f56bfc062723c751e8b465ee728b)
Start importing Assets/Resources/SPUM/SPUM_Sprites/BodySource/Species/2_Devil/Eye/Eye8.png using Guid(adea387524d184211b1d3be38ec30261) Importer(815301076,1909f56bfc062723c751e8b465ee728b)  -> (artifact id: '8eb363543f49e7b21eb049a192e9e1b3') in 0.024121 seconds 
========================================================================
Received Import Request.
  Time since last request: 0.000023 seconds.
  path: Assets/Resources/SPUM/SPUM_Sprites/BodySource/Species/2_Devil/Eye/Eye9.png
  artifactKey: Guid(83521d388822b41b5bf43ee5f72d4c0c) Importer(815301076,1909f56bfc062723c751e8b465ee728b)
Start importing Assets/Resources/SPUM/SPUM_Sprites/BodySource/Species/2_Devil/Eye/Eye9.png using Guid(83521d388822b41b5bf43ee5f72d4c0c) Importer(815301076,1909f56bfc062723c751e8b465ee728b)  -> (artifact id: 'c5f1c1cf70141ab633bf6223331fc738') in 0.028075 seconds 
========================================================================
Received Import Request.
  Time since last request: 0.000024 seconds.
  path: Assets/Resources/SPUM/SPUM_Sprites/BodySource/Species/2_Devil/Eye/Eye16.png
  artifactKey: Guid(015301c6b6e8b4745aa2a97ebdafaeda) Importer(815301076,1909f56bfc062723c751e8b465ee728b)
Start importing Assets/Resources/SPUM/SPUM_Sprites/BodySource/Species/2_Devil/Eye/Eye16.png using Guid(015301c6b6e8b4745aa2a97ebdafaeda) Importer(815301076,1909f56bfc062723c751e8b465ee728b)  -> (artifact id: 'f3e3ec042f98535d306ebbfa1e2010e1') in 0.025698 seconds 
========================================================================
Received Import Request.
  Time since last request: 8.839131 seconds.
  path: Assets/Resources/SPUM/SPUM_Sprites/Packages/Ver121/0_Hair/Normal_Hair2.png
  artifactKey: Guid(4fd33a6638beeed4ca29d781afc6fb8a) Importer(815301076,1909f56bfc062723c751e8b465ee728b)
Start importing Assets/Resources/SPUM/SPUM_Sprites/Packages/Ver121/0_Hair/Normal_Hair2.png using Guid(4fd33a6638beeed4ca29d781afc6fb8a) Importer(815301076,1909f56bfc062723c751e8b465ee728b)  -> (artifact id: '63c5eabbbb6ac5088b7801de265956ba') in 0.025378 seconds 
========================================================================
Received Import Request.
  Time since last request: 0.000027 seconds.
  path: Assets/Resources/SPUM/SPUM_Sprites/Packages/Ver121/0_Hair/Normal_Hair11.png
  artifactKey: Guid(11e592b1fafcd784b92a43910cc736b1) Importer(815301076,1909f56bfc062723c751e8b465ee728b)
Start importing Assets/Resources/SPUM/SPUM_Sprites/Packages/Ver121/0_Hair/Normal_Hair11.png using Guid(11e592b1fafcd784b92a43910cc736b1) Importer(815301076,1909f56bfc062723c751e8b465ee728b)  -> (artifact id: '73249d06251f5934c351962fdd05fda5') in 0.027552 seconds 
========================================================================
Received Import Request.
  Time since last request: 0.000019 seconds.
  path: Assets/Resources/SPUM/SPUM_Sprites/Packages/Ver121/0_Hair/Normal_Hair5.png
  artifactKey: Guid(7e37027477a387941bdf0b128a49c474) Importer(815301076,1909f56bfc062723c751e8b465ee728b)
Start importing Assets/Resources/SPUM/SPUM_Sprites/Packages/Ver121/0_Hair/Normal_Hair5.png using Guid(7e37027477a387941bdf0b128a49c474) Importer(815301076,1909f56bfc062723c751e8b465ee728b)  -> (artifact id: 'd4684d8e2e1baad84018490a001213b1') in 0.031636 seconds 
========================================================================
Received Import Request.
  Time since last request: 0.000014 seconds.
  path: Assets/Resources/SPUM/SPUM_Sprites/Packages/Ver121/0_Hair/Normal_Hair9.png
  artifactKey: Guid(224141f741d494348afcb758c4be4f38) Importer(815301076,1909f56bfc062723c751e8b465ee728b)
Start importing Assets/Resources/SPUM/SPUM_Sprites/Packages/Ver121/0_Hair/Normal_Hair9.png using Guid(224141f741d494348afcb758c4be4f38) Importer(815301076,1909f56bfc062723c751e8b465ee728b)  -> (artifact id: 'a7a567ae807cc9aa5cb6a28ca9a65272') in 0.039148 seconds 
========================================================================
Received Import Request.
  Time since last request: 0.000020 seconds.
  path: Assets/Resources/SPUM/SPUM_Sprites/Packages/Ver121/0_Hair/Normal_Hair12.png
  artifactKey: Guid(8ccaab09cead2a44daee6bc998cbef7d) Importer(815301076,1909f56bfc062723c751e8b465ee728b)
Start importing Assets/Resources/SPUM/SPUM_Sprites/Packages/Ver121/0_Hair/Normal_Hair12.png using Guid(8ccaab09cead2a44daee6bc998cbef7d) Importer(815301076,1909f56bfc062723c751e8b465ee728b)  -> (artifact id: '82b9fedb83bda6a1c702b0306876cd4d') in 0.078271 seconds 
========================================================================
Received Import Request.
  Time since last request: 0.000036 seconds.
  path: Assets/Resources/SPUM/SPUM_Sprites/Packages/Ver121/0_Hair/Normal_Hair10.png
  artifactKey: Guid(526a63f569f45764bb83cd597474b85e) Importer(815301076,1909f56bfc062723c751e8b465ee728b)
Start importing Assets/Resources/SPUM/SPUM_Sprites/Packages/Ver121/0_Hair/Normal_Hair10.png using Guid(526a63f569f45764bb83cd597474b85e) Importer(815301076,1909f56bfc062723c751e8b465ee728b)  -> (artifact id: '8b231adbab9313601be93e03ef6f810f') in 0.024875 seconds 
========================================================================
Received Prepare
Registering precompiled user dll's ...
Registered in 0.006763 seconds.
Begin MonoManager ReloadAssembly
Native extension for WindowsStandalone target not found
Refreshing native plugins compatible for Editor in 2.50 ms, found 3 plugins.
Preloading 0 native plugins for Editor in 0.00 ms.
Mono: successfully reloaded assembly
- Completed reload, in  1.608 seconds
Domain Reload Profiling:
	ReloadAssembly (1609ms)
		BeginReloadAssembly (181ms)
			ExecutionOrderSort (0ms)
			DisableScriptedObjects (9ms)
			BackupInstance (0ms)
			ReleaseScriptingObjects (0ms)
			CreateAndSetChildDomain (39ms)
		EndReloadAssembly (1193ms)
			LoadAssemblies (135ms)
			RebuildTransferFunctionScriptingTraits (0ms)
			SetupTypeCache (568ms)
				TypeCache.Initialize (564ms)
					TypeCache.ScanAssembly (560ms)
				ResolveRequiredComponents (4ms)
			ReleaseScriptCaches (2ms)
			RebuildScriptCaches (63ms)
			SetupLoadedEditorAssemblies (402ms)
				LogAssemblyErrors (0ms)
				InitializePlatformSupportModulesInManaged (14ms)
				SetLoadedEditorAssemblies (7ms)
				RefreshPlugins (3ms)
				BeforeProcessingInitializeOnLoad (84ms)
				ProcessInitializeOnLoadAttributes (242ms)
				ProcessInitializeOnLoadMethodAttributes (41ms)
				AfterProcessingInitializeOnLoad (11ms)
				EditorAssembliesLoaded (0ms)
			ExecutionOrderSort2 (0ms)
			AwakeInstancesAfterBackupRestoration (10ms)
Platform modules already initialized, skipping
Refreshing native plugins compatible for Editor in 3.70 ms, found 3 plugins.
Preloading 0 native plugins for Editor in 0.00 ms.
Unloading 2501 Unused Serialized files (Serialized files now loaded: 0)
Unloading 21 unused Assets / (32.5 KB). Loaded Objects now: 3131.
Memory consumption went from 432.8 MB to 432.8 MB.
Total: 3.803900 ms (FindLiveObjects: 0.219200 ms CreateObjectMapping: 0.120700 ms MarkObjects: 3.428500 ms  DeleteObjects: 0.033900 ms)

AssetImportParameters requested are different than current active one (requested -> active):
  custom:video-decoder-ogg-theora: a1e56fd34408186e4bbccfd4996cb3dc -> 
  custom:container-muxer-webm: aa71ff27fc2769a1b78a27578f13a17b -> 
  custom:container-demuxer-webm: 4f35f7cbe854078d1ac9338744f61a02 -> 
  custom:video-encoder-webm-vp8: eb34c28f22e8b96e1ab97ce403110664 -> 
  custom:audio-encoder-webm-vorbis: bf7c407c2cedff20999df2af8eb42d56 -> 
  custom:framework-win-MediaFoundation: 216162199b28c13a410421893ffa2e32 -> 
  custom:container-demuxer-ogg: 62fdf1f143b41e24485cea50d1cbac27 -> 
  custom:video-decoder-webm-vp8: 9c59270c3fd7afecdb556c50c9e8de78 -> 
  custom:audio-decoder-ogg-vorbis: bf7c407c2cedff20999df2af8eb42d56 -> 
========================================================================
Received Import Request.
  Time since last request: 382.611316 seconds.
  path: Assets/Resources/SPUM/SPUM_Sprites/Items/0_Hair
  artifactKey: Guid(84c5172f44fce401fb380d00041a4ecc) Importer(815301076,1909f56bfc062723c751e8b465ee728b)
Start importing Assets/Resources/SPUM/SPUM_Sprites/Items/0_Hair using Guid(84c5172f44fce401fb380d00041a4ecc) Importer(815301076,1909f56bfc062723c751e8b465ee728b)  -> (artifact id: '6e8407ca23812dce0431aa8433946d47') in 0.006411 seconds 
========================================================================
Received Import Request.
  Time since last request: 0.102621 seconds.
  path: Assets/Resources/SPUM/SPUM_Sprites/Items/0_Hair/Hair_1.png
  artifactKey: Guid(97dd5eff083df4f76985e690e6d60a23) Importer(815301076,1909f56bfc062723c751e8b465ee728b)
Start importing Assets/Resources/SPUM/SPUM_Sprites/Items/0_Hair/Hair_1.png using Guid(97dd5eff083df4f76985e690e6d60a23) Importer(815301076,1909f56bfc062723c751e8b465ee728b)  -> (artifact id: 'a4aa5ca35d289a8869a52b60542f1b57') in 0.070126 seconds 
========================================================================
Received Import Request.
  Time since last request: 0.000023 seconds.
  path: Assets/Resources/SPUM/SPUM_Sprites/Items/0_Hair/Hair_6.png
  artifactKey: Guid(f63083452d68c460db811918d4f6f323) Importer(815301076,1909f56bfc062723c751e8b465ee728b)
Start importing Assets/Resources/SPUM/SPUM_Sprites/Items/0_Hair/Hair_6.png using Guid(f63083452d68c460db811918d4f6f323) Importer(815301076,1909f56bfc062723c751e8b465ee728b)  -> (artifact id: '101ab8093222e648481f54473f6ba31e') in 0.016153 seconds 
========================================================================
Received Import Request.
  Time since last request: 0.000015 seconds.
  path: Assets/Resources/SPUM/SPUM_Sprites/Items/0_Hair/Hair_7.png
  artifactKey: Guid(287a5844c9fe94dfb88f04f7f90586d0) Importer(815301076,1909f56bfc062723c751e8b465ee728b)
Start importing Assets/Resources/SPUM/SPUM_Sprites/Items/0_Hair/Hair_7.png using Guid(287a5844c9fe94dfb88f04f7f90586d0) Importer(815301076,1909f56bfc062723c751e8b465ee728b)  -> (artifact id: '5dbbaefe3dd6f8f267811825a395fcb0') in 0.015895 seconds 
========================================================================
Received Import Request.
  Time since last request: 0.000019 seconds.
  path: Assets/Resources/SPUM/SPUM_Sprites/Items/0_Hair/Hair_8.png
  artifactKey: Guid(e5b88e17b8b03471cac1ec6c79715e0f) Importer(815301076,1909f56bfc062723c751e8b465ee728b)
Start importing Assets/Resources/SPUM/SPUM_Sprites/Items/0_Hair/Hair_8.png using Guid(e5b88e17b8b03471cac1ec6c79715e0f) Importer(815301076,1909f56bfc062723c751e8b465ee728b)  -> (artifact id: '7b5d0f858b5595423e42bed126f4ce38') in 0.018954 seconds 
========================================================================
Received Import Request.
  Time since last request: 0.000021 seconds.
  path: Assets/Resources/SPUM/SPUM_Sprites/Items/0_Hair/Hair_4.png
  artifactKey: Guid(9926b97e63b2b4f0bb0aaddb7c8d3dee) Importer(815301076,1909f56bfc062723c751e8b465ee728b)
Start importing Assets/Resources/SPUM/SPUM_Sprites/Items/0_Hair/Hair_4.png using Guid(9926b97e63b2b4f0bb0aaddb7c8d3dee) Importer(815301076,1909f56bfc062723c751e8b465ee728b)  -> (artifact id: '81cd357eb19c2814f19a9165b8e1d66a') in 0.016647 seconds 
========================================================================
Received Import Request.
  Time since last request: 322.970019 seconds.
  path: Assets/Resources/SPUM/SPUM_Sprites/Items/1_FaceHair/FaceHair_2.png
  artifactKey: Guid(4e39e7d359fbf409494893b8bf1da5a1) Importer(815301076,1909f56bfc062723c751e8b465ee728b)
Start importing Assets/Resources/SPUM/SPUM_Sprites/Items/1_FaceHair/FaceHair_2.png using Guid(4e39e7d359fbf409494893b8bf1da5a1) Importer(815301076,1909f56bfc062723c751e8b465ee728b)  -> (artifact id: '386ad490e344ce20106cd60a76ac961f') in 0.032718 seconds 
========================================================================
Received Import Request.
  Time since last request: 0.000028 seconds.
  path: Assets/Resources/SPUM/SPUM_Sprites/Items/1_FaceHair/FaceHair_5.png
  artifactKey: Guid(47f83f5f607874a4f92479d1797b9d1e) Importer(815301076,1909f56bfc062723c751e8b465ee728b)
Start importing Assets/Resources/SPUM/SPUM_Sprites/Items/1_FaceHair/FaceHair_5.png using Guid(47f83f5f607874a4f92479d1797b9d1e) Importer(815301076,1909f56bfc062723c751e8b465ee728b)  -> (artifact id: '150bf0e7447b9378774f76734acba0c5') in 0.016768 seconds 
========================================================================
Received Import Request.
  Time since last request: 0.000028 seconds.
  path: Assets/Resources/SPUM/SPUM_Sprites/Items/1_FaceHair/FaceHair_3.png
  artifactKey: Guid(37f88f4c290f444ff8434e7b094bee9e) Importer(815301076,1909f56bfc062723c751e8b465ee728b)
Start importing Assets/Resources/SPUM/SPUM_Sprites/Items/1_FaceHair/FaceHair_3.png using Guid(37f88f4c290f444ff8434e7b094bee9e) Importer(815301076,1909f56bfc062723c751e8b465ee728b)  -> (artifact id: '80056e8a33ef0aab1db6af03e8e021c0') in 0.015077 seconds 
========================================================================
Received Import Request.
  Time since last request: 0.000021 seconds.
  path: Assets/Resources/SPUM/SPUM_Sprites/Items/1_FaceHair/FaceHair_4.png
  artifactKey: Guid(d484783c32cb54f49abc6b47e9a18b51) Importer(815301076,1909f56bfc062723c751e8b465ee728b)
Start importing Assets/Resources/SPUM/SPUM_Sprites/Items/1_FaceHair/FaceHair_4.png using Guid(d484783c32cb54f49abc6b47e9a18b51) Importer(815301076,1909f56bfc062723c751e8b465ee728b)  -> (artifact id: '05728f443642effc8621bd9150d7890a') in 0.018978 seconds 
========================================================================
Received Import Request.
  Time since last request: 3.277465 seconds.
  path: Assets/Resources/SPUM/SPUM_Sprites/Items/Shoulder/Shoulder_2.png
  artifactKey: Guid(7623443be1662423d90d43593557fc89) Importer(815301076,1909f56bfc062723c751e8b465ee728b)
Start importing Assets/Resources/SPUM/SPUM_Sprites/Items/Shoulder/Shoulder_2.png using Guid(7623443be1662423d90d43593557fc89) Importer(815301076,1909f56bfc062723c751e8b465ee728b)  -> (artifact id: '2842d2db635e80c112b7092e0f2945e4') in 0.014587 seconds 
========================================================================
Received Import Request.
  Time since last request: 0.000018 seconds.
  path: Assets/Resources/SPUM/SPUM_Sprites/Items/Shoulder/Shoulder_3.png
  artifactKey: Guid(cf7af8a1b9be54e4cb4b739cf3dddda3) Importer(815301076,1909f56bfc062723c751e8b465ee728b)
Start importing Assets/Resources/SPUM/SPUM_Sprites/Items/Shoulder/Shoulder_3.png using Guid(cf7af8a1b9be54e4cb4b739cf3dddda3) Importer(815301076,1909f56bfc062723c751e8b465ee728b)  -> (artifact id: '320f2ca8335eb4621724c721cbf1e572') in 0.019387 seconds 
========================================================================
Received Import Request.
  Time since last request: 0.000029 seconds.
  path: Assets/Resources/SPUM/SPUM_Sprites/Items/Shoulder/Shoulder_5.png
  artifactKey: Guid(4165e112d3e4047d7a6335a0dc0c8c49) Importer(815301076,1909f56bfc062723c751e8b465ee728b)
Start importing Assets/Resources/SPUM/SPUM_Sprites/Items/Shoulder/Shoulder_5.png using Guid(4165e112d3e4047d7a6335a0dc0c8c49) Importer(815301076,1909f56bfc062723c751e8b465ee728b)  -> (artifact id: 'f5734a3b845a64ecebcd63905dc25e04') in 0.026771 seconds 
========================================================================
Received Import Request.
  Time since last request: 123.825486 seconds.
  path: Assets/Resources/SPUM/SPUM_Sprites/Items/2_Cloth
  artifactKey: Guid(57677b23c98d74ea78d0d8413d473526) Importer(815301076,1909f56bfc062723c751e8b465ee728b)
Start importing Assets/Resources/SPUM/SPUM_Sprites/Items/2_Cloth using Guid(57677b23c98d74ea78d0d8413d473526) Importer(815301076,1909f56bfc062723c751e8b465ee728b)  -> (artifact id: '751b73bcdeeb77d233f35411af013a2e') in 0.006879 seconds 
========================================================================
Received Import Request.
  Time since last request: 0.017814 seconds.
  path: Assets/Resources/SPUM/SPUM_Sprites/Items/2_Cloth/Cloth_1.png
  artifactKey: Guid(deb413cebdc864517b43b7beaa19d2a5) Importer(815301076,1909f56bfc062723c751e8b465ee728b)
Start importing Assets/Resources/SPUM/SPUM_Sprites/Items/2_Cloth/Cloth_1.png using Guid(deb413cebdc864517b43b7beaa19d2a5) Importer(815301076,1909f56bfc062723c751e8b465ee728b)  -> (artifact id: 'f51d49fc5a0b413f0c5e9dacb507dacf') in 0.040214 seconds 
========================================================================
Received Import Request.
  Time since last request: 0.000023 seconds.
  path: Assets/Resources/SPUM/SPUM_Sprites/Items/2_Cloth/Cloth_6.png
  artifactKey: Guid(e58444fb66d4648758da6a91ccbd3fe9) Importer(815301076,1909f56bfc062723c751e8b465ee728b)
Start importing Assets/Resources/SPUM/SPUM_Sprites/Items/2_Cloth/Cloth_6.png using Guid(e58444fb66d4648758da6a91ccbd3fe9) Importer(815301076,1909f56bfc062723c751e8b465ee728b)  -> (artifact id: '657c2e03489b888fefe9e9b8e99e734b') in 0.034841 seconds 
========================================================================
Received Import Request.
  Time since last request: 0.000022 seconds.
  path: Assets/Resources/SPUM/SPUM_Sprites/Items/2_Cloth/Cloth_8.png
  artifactKey: Guid(8e0564280a4e94fe9ab922abf53543db) Importer(815301076,1909f56bfc062723c751e8b465ee728b)
Start importing Assets/Resources/SPUM/SPUM_Sprites/Items/2_Cloth/Cloth_8.png using Guid(8e0564280a4e94fe9ab922abf53543db) Importer(815301076,1909f56bfc062723c751e8b465ee728b)  -> (artifact id: '9858f54758f38548fb9cd06c0fb32a33') in 0.023996 seconds 
========================================================================
Received Import Request.
  Time since last request: 0.000021 seconds.
  path: Assets/Resources/SPUM/SPUM_Sprites/Items/2_Cloth/Cloth_10.png
  artifactKey: Guid(4f75ae73445284b5393c219fadb2dc65) Importer(815301076,1909f56bfc062723c751e8b465ee728b)
Start importing Assets/Resources/SPUM/SPUM_Sprites/Items/2_Cloth/Cloth_10.png using Guid(4f75ae73445284b5393c219fadb2dc65) Importer(815301076,1909f56bfc062723c751e8b465ee728b)  -> (artifact id: 'e218a7ded68b4ea7f5241e403c6aa2ea') in 0.020539 seconds 
========================================================================
Received Import Request.
  Time since last request: 0.000025 seconds.
  path: Assets/Resources/SPUM/SPUM_Sprites/Items/2_Cloth/Cloth_11.png
  artifactKey: Guid(9dc3a3dbad727427780451ecc1627898) Importer(815301076,1909f56bfc062723c751e8b465ee728b)
Start importing Assets/Resources/SPUM/SPUM_Sprites/Items/2_Cloth/Cloth_11.png using Guid(9dc3a3dbad727427780451ecc1627898) Importer(815301076,1909f56bfc062723c751e8b465ee728b)  -> (artifact id: '24d724a8f116d13c8f02d624f8731d36') in 0.050332 seconds 
========================================================================
Received Import Request.
  Time since last request: 0.000029 seconds.
  path: Assets/Resources/SPUM/SPUM_Sprites/Items/2_Cloth/Cloth_9.png
  artifactKey: Guid(02da32778b3134ca7bdaa2b2d96911a5) Importer(815301076,1909f56bfc062723c751e8b465ee728b)
Start importing Assets/Resources/SPUM/SPUM_Sprites/Items/2_Cloth/Cloth_9.png using Guid(02da32778b3134ca7bdaa2b2d96911a5) Importer(815301076,1909f56bfc062723c751e8b465ee728b)  -> (artifact id: 'b3d472f04f12961c5038ce4ae70676bb') in 0.017661 seconds 
========================================================================
Received Import Request.
  Time since last request: 0.000021 seconds.
  path: Assets/Resources/SPUM/SPUM_Sprites/Items/2_Cloth/Cloth_7.png
  artifactKey: Guid(06c8d7c33ccef4cf39e374e33835e970) Importer(815301076,1909f56bfc062723c751e8b465ee728b)
Start importing Assets/Resources/SPUM/SPUM_Sprites/Items/2_Cloth/Cloth_7.png using Guid(06c8d7c33ccef4cf39e374e33835e970) Importer(815301076,1909f56bfc062723c751e8b465ee728b)  -> (artifact id: '9f9b705236eae32ebd35924b150fa894') in 0.020500 seconds 
========================================================================
Received Import Request.
  Time since last request: 0.000017 seconds.
  path: Assets/Resources/SPUM/SPUM_Sprites/Items/2_Cloth/Cloth_5.png
  artifactKey: Guid(7a18280193ba94224b27d6dedc9fa979) Importer(815301076,1909f56bfc062723c751e8b465ee728b)
Start importing Assets/Resources/SPUM/SPUM_Sprites/Items/2_Cloth/Cloth_5.png using Guid(7a18280193ba94224b27d6dedc9fa979) Importer(815301076,1909f56bfc062723c751e8b465ee728b)  -> (artifact id: '083cdf974c6800a8ec6f76b141e7f851') in 0.019304 seconds 
========================================================================
Received Import Request.
  Time since last request: 264.880955 seconds.
  path: Assets/Resources/SPUM/SPUM_Sprites/Items/5_Armor
  artifactKey: Guid(f2583471cc8294dc9a2edd3c000e822b) Importer(815301076,1909f56bfc062723c751e8b465ee728b)
Start importing Assets/Resources/SPUM/SPUM_Sprites/Items/5_Armor using Guid(f2583471cc8294dc9a2edd3c000e822b) Importer(815301076,1909f56bfc062723c751e8b465ee728b)  -> (artifact id: '5745359a01290d745cbbeb0e4f936d0f') in 0.006970 seconds 
========================================================================
Received Import Request.
  Time since last request: 0.701206 seconds.
  path: Assets/Resources/SPUM/SPUM_Sprites/Items/4_Helmet
  artifactKey: Guid(2bc33fd19dee64c33b58b97fd58bf978) Importer(815301076,1909f56bfc062723c751e8b465ee728b)
Start importing Assets/Resources/SPUM/SPUM_Sprites/Items/4_Helmet using Guid(2bc33fd19dee64c33b58b97fd58bf978) Importer(815301076,1909f56bfc062723c751e8b465ee728b)  -> (artifact id: '2b3cc7776fd4fc7752527256342531cb') in 0.021536 seconds 
========================================================================
Received Import Request.
  Time since last request: 0.986098 seconds.
  path: Assets/Resources/SPUM/SPUM_Sprites/Items/6_Weapons
  artifactKey: Guid(d2f731c2787904c2d8674ffb17ac5cd4) Importer(815301076,1909f56bfc062723c751e8b465ee728b)
Start importing Assets/Resources/SPUM/SPUM_Sprites/Items/6_Weapons using Guid(d2f731c2787904c2d8674ffb17ac5cd4) Importer(815301076,1909f56bfc062723c751e8b465ee728b)  -> (artifact id: '006b137634002ce693ed154ef97d3a8b') in 0.005631 seconds 
========================================================================
Received Import Request.
  Time since last request: 0.984111 seconds.
  path: Assets/Resources/SPUM/SPUM_Sprites/Items/5_Armor/Armor_1.png
  artifactKey: Guid(1810f09d324df46289d58e432045bcd1) Importer(815301076,1909f56bfc062723c751e8b465ee728b)
Start importing Assets/Resources/SPUM/SPUM_Sprites/Items/5_Armor/Armor_1.png using Guid(1810f09d324df46289d58e432045bcd1) Importer(815301076,1909f56bfc062723c751e8b465ee728b)  -> (artifact id: '74f1e4c54809252237bea25406e34203') in 0.029569 seconds 
========================================================================
Received Import Request.
  Time since last request: 0.000022 seconds.
  path: Assets/Resources/SPUM/SPUM_Sprites/Items/5_Armor/Armor_6.png
  artifactKey: Guid(8ada8c9e757cf49d8a0418a5be86796a) Importer(815301076,1909f56bfc062723c751e8b465ee728b)
Start importing Assets/Resources/SPUM/SPUM_Sprites/Items/5_Armor/Armor_6.png using Guid(8ada8c9e757cf49d8a0418a5be86796a) Importer(815301076,1909f56bfc062723c751e8b465ee728b)  -> (artifact id: '97611f2975f21c2276e16520dae3645a') in 0.020053 seconds 
========================================================================
Received Import Request.
  Time since last request: 0.000036 seconds.
  path: Assets/Resources/SPUM/SPUM_Sprites/Items/5_Armor/Armor_4.png
  artifactKey: Guid(1416614edddf54e2bb98c61ab32dc586) Importer(815301076,1909f56bfc062723c751e8b465ee728b)
Start importing Assets/Resources/SPUM/SPUM_Sprites/Items/5_Armor/Armor_4.png using Guid(1416614edddf54e2bb98c61ab32dc586) Importer(815301076,1909f56bfc062723c751e8b465ee728b)  -> (artifact id: 'dd2aadd004e267d38001cb059e3b1c02') in 0.024588 seconds 
========================================================================
Received Import Request.
  Time since last request: 0.000033 seconds.
  path: Assets/Resources/SPUM/SPUM_Sprites/Items/5_Armor/Armor_5.png
  artifactKey: Guid(304386aad927e4d3281f05c505bb4f54) Importer(815301076,1909f56bfc062723c751e8b465ee728b)
Start importing Assets/Resources/SPUM/SPUM_Sprites/Items/5_Armor/Armor_5.png using Guid(304386aad927e4d3281f05c505bb4f54) Importer(815301076,1909f56bfc062723c751e8b465ee728b)  -> (artifact id: '173a65c7734eb0a489767b6a3057f879') in 0.016025 seconds 
========================================================================
Received Import Request.
  Time since last request: 0.000017 seconds.
  path: Assets/Resources/SPUM/SPUM_Sprites/Items/5_Armor/Armor_3.png
  artifactKey: Guid(fbddd4306af2b47458c43097d5b91f87) Importer(815301076,1909f56bfc062723c751e8b465ee728b)
Start importing Assets/Resources/SPUM/SPUM_Sprites/Items/5_Armor/Armor_3.png using Guid(fbddd4306af2b47458c43097d5b91f87) Importer(815301076,1909f56bfc062723c751e8b465ee728b)  -> (artifact id: '6b22ad1765859a467edce87a74c4213e') in 0.021829 seconds 
========================================================================
Received Import Request.
  Time since last request: 0.000018 seconds.
  path: Assets/Resources/SPUM/SPUM_Sprites/Items/5_Armor/Armor_8.png
  artifactKey: Guid(61f60bf66a0684be3b448f6e237a3f12) Importer(815301076,1909f56bfc062723c751e8b465ee728b)
Start importing Assets/Resources/SPUM/SPUM_Sprites/Items/5_Armor/Armor_8.png using Guid(61f60bf66a0684be3b448f6e237a3f12) Importer(815301076,1909f56bfc062723c751e8b465ee728b)  -> (artifact id: 'c7071677b0faba11ba770283e84b9e7f') in 0.023738 seconds 
========================================================================
Received Import Request.
  Time since last request: 54.168628 seconds.
  path: Assets/Resources/SPUM/SPUM_Sprites/Items/3_Pant
  artifactKey: Guid(817d8c682aaed43a4a924738fdf061a1) Importer(815301076,1909f56bfc062723c751e8b465ee728b)
Start importing Assets/Resources/SPUM/SPUM_Sprites/Items/3_Pant using Guid(817d8c682aaed43a4a924738fdf061a1) Importer(815301076,1909f56bfc062723c751e8b465ee728b)  -> (artifact id: '1b4b26d07e7a7dcfba13aeb4972b42b2') in 0.006292 seconds 
========================================================================
Received Import Request.
  Time since last request: 1.060917 seconds.
  path: Assets/Resources/SPUM/SPUM_Sprites/Items/3_Pant/Foot_1.png
  artifactKey: Guid(4f4d6264408da453a8511876ebec8ae3) Importer(815301076,1909f56bfc062723c751e8b465ee728b)
Start importing Assets/Resources/SPUM/SPUM_Sprites/Items/3_Pant/Foot_1.png using Guid(4f4d6264408da453a8511876ebec8ae3) Importer(815301076,1909f56bfc062723c751e8b465ee728b)  -> (artifact id: '923adc952774d94a87d42cce05cc384b') in 0.025183 seconds 
Editor requested this worker to shutdown with reason: Scaling down because of idle timeout
AssetImportWorker is now disconnected from the server
Process exiting
Exiting without the bug reporter. Application will terminate with return code 0