Using pre-set license
Built from '2022.1/staging' branch; Version is '2022.1.24f1 (709dddfb713f) revision 7380445'; Using compiler version '192829333'; Build Type 'Release'
OS: 'Windows 10  (10.0.19044) 64bit Professional' Language: 'ko' Physical Memory: 16252 MB
BatchMode: 1, IsHumanControllingUs: 0, StartBugReporterOnCrash: 0, Is64bit: 1, IsPro: 1

COMMAND LINE ARGUMENTS:
C:\Program Files\Unity\Hub\Editor\2022.1.24f1\Editor\Unity.exe
-adb2
-batchMode
-noUpm
-name
AssetImportWorker7
-projectPath
D:/projects/2Dproject/project/2Dproject
-logFile
Logs/AssetImportWorker7.log
-srvPort
6962
Successfully changed project path to: D:/projects/2Dproject/project/2Dproject
D:/projects/2Dproject/project/2Dproject
[UnityMemory] Configuration Parameters - Can be set up in boot.config
    "memorysetup-bucket-allocator-granularity=16"
    "memorysetup-bucket-allocator-bucket-count=8"
    "memorysetup-bucket-allocator-block-size=33554432"
    "memorysetup-bucket-allocator-block-count=8"
    "memorysetup-main-allocator-block-size=16777216"
    "memorysetup-thread-allocator-block-size=16777216"
    "memorysetup-gfx-main-allocator-block-size=16777216"
    "memorysetup-gfx-thread-allocator-block-size=16777216"
    "memorysetup-cache-allocator-block-size=4194304"
    "memorysetup-typetree-allocator-block-size=2097152"
    "memorysetup-profiler-bucket-allocator-granularity=16"
    "memorysetup-profiler-bucket-allocator-bucket-count=8"
    "memorysetup-profiler-bucket-allocator-block-size=33554432"
    "memorysetup-profiler-bucket-allocator-block-count=8"
    "memorysetup-profiler-allocator-block-size=16777216"
    "memorysetup-profiler-editor-allocator-block-size=1048576"
    "memorysetup-temp-allocator-size-main=16777216"
    "memorysetup-job-temp-allocator-block-size=2097152"
    "memorysetup-job-temp-allocator-block-size-background=1048576"
    "memorysetup-job-temp-allocator-reduction-small-platforms=262144"
    "memorysetup-temp-allocator-size-background-worker=32768"
    "memorysetup-temp-allocator-size-job-worker=262144"
    "memorysetup-temp-allocator-size-preload-manager=33554432"
    "memorysetup-temp-allocator-size-nav-mesh-worker=65536"
    "memorysetup-temp-allocator-size-audio-worker=65536"
    "memorysetup-temp-allocator-size-cloud-worker=32768"
    "memorysetup-temp-allocator-size-gi-baking-worker=262144"
    "memorysetup-temp-allocator-size-gfx=262144"
Refreshing native plugins compatible for Editor in 194.42 ms, found 3 plugins.
Preloading 0 native plugins for Editor in 0.00 ms.
Initialize engine version: 2022.1.24f1 (709dddfb713f)
[Subsystems] Discovering subsystems at path C:/Program Files/Unity/Hub/Editor/2022.1.24f1/Editor/Data/Resources/UnitySubsystems
[Subsystems] Discovering subsystems at path D:/projects/2Dproject/project/2Dproject/Assets
GfxDevice: creating device client; threaded=0; jobified=0
Direct3D:
    Version:  Direct3D 11.0 [level 11.1]
    Renderer: NVIDIA GeForce RTX 3070 (ID=0x2488)
    Vendor:   NVIDIA
    VRAM:     8043 MB
    Driver:   31.0.15.1694
Initialize mono
Mono path[0] = 'C:/Program Files/Unity/Hub/Editor/2022.1.24f1/Editor/Data/Managed'
Mono path[1] = 'C:/Program Files/Unity/Hub/Editor/2022.1.24f1/Editor/Data/MonoBleedingEdge/lib/mono/unityjit-win32'
Mono config path = 'C:/Program Files/Unity/Hub/Editor/2022.1.24f1/Editor/Data/MonoBleedingEdge/etc'
Using monoOptions --debugger-agent=transport=dt_socket,embedding=1,server=y,suspend=n,address=127.0.0.1:56476
Begin MonoManager ReloadAssembly
Registering precompiled unity dll's ...
Register platform support module: C:/Program Files/Unity/Hub/Editor/2022.1.24f1/Editor/Data/PlaybackEngines/WindowsStandaloneSupport/UnityEditor.WindowsStandalone.Extensions.dll
Registered in 0.008990 seconds.
Native extension for WindowsStandalone target not found
Refreshing native plugins compatible for Editor in 167.75 ms, found 3 plugins.
Preloading 0 native plugins for Editor in 0.00 ms.
Mono: successfully reloaded assembly
- Completed reload, in  0.822 seconds
Domain Reload Profiling:
	ReloadAssembly (823ms)
		BeginReloadAssembly (88ms)
			ExecutionOrderSort (0ms)
			DisableScriptedObjects (0ms)
			BackupInstance (0ms)
			ReleaseScriptingObjects (0ms)
			CreateAndSetChildDomain (1ms)
		EndReloadAssembly (595ms)
			LoadAssemblies (86ms)
			RebuildTransferFunctionScriptingTraits (0ms)
			SetupTypeCache (126ms)
				TypeCache.Initialize (125ms)
					TypeCache.ScanAssembly (124ms)
				ResolveRequiredComponents (1ms)
			ReleaseScriptCaches (0ms)
			RebuildScriptCaches (32ms)
			SetupLoadedEditorAssemblies (377ms)
				LogAssemblyErrors (0ms)
				InitializePlatformSupportModulesInManaged (10ms)
				SetLoadedEditorAssemblies (7ms)
				RefreshPlugins (168ms)
				BeforeProcessingInitializeOnLoad (1ms)
				ProcessInitializeOnLoadAttributes (140ms)
				ProcessInitializeOnLoadMethodAttributes (50ms)
				AfterProcessingInitializeOnLoad (0ms)
				EditorAssembliesLoaded (0ms)
			ExecutionOrderSort2 (0ms)
			AwakeInstancesAfterBackupRestoration (0ms)
Platform modules already initialized, skipping
Registering precompiled user dll's ...
Registered in 0.005738 seconds.
Begin MonoManager ReloadAssembly
Native extension for WindowsStandalone target not found
Refreshing native plugins compatible for Editor in 149.27 ms, found 3 plugins.
Preloading 0 native plugins for Editor in 0.00 ms.
Mono: successfully reloaded assembly
- Completed reload, in  1.177 seconds
Domain Reload Profiling:
	ReloadAssembly (1178ms)
		BeginReloadAssembly (135ms)
			ExecutionOrderSort (0ms)
			DisableScriptedObjects (6ms)
			BackupInstance (0ms)
			ReleaseScriptingObjects (0ms)
			CreateAndSetChildDomain (22ms)
		EndReloadAssembly (920ms)
			LoadAssemblies (102ms)
			RebuildTransferFunctionScriptingTraits (0ms)
			SetupTypeCache (223ms)
				TypeCache.Initialize (220ms)
					TypeCache.ScanAssembly (216ms)
				ResolveRequiredComponents (3ms)
			ReleaseScriptCaches (1ms)
			RebuildScriptCaches (53ms)
			SetupLoadedEditorAssemblies (491ms)
				LogAssemblyErrors (0ms)
				InitializePlatformSupportModulesInManaged (5ms)
				SetLoadedEditorAssemblies (7ms)
				RefreshPlugins (149ms)
				BeforeProcessingInitializeOnLoad (68ms)
				ProcessInitializeOnLoadAttributes (217ms)
				ProcessInitializeOnLoadMethodAttributes (36ms)
				AfterProcessingInitializeOnLoad (9ms)
				EditorAssembliesLoaded (0ms)
			ExecutionOrderSort2 (0ms)
			AwakeInstancesAfterBackupRestoration (6ms)
Platform modules already initialized, skipping
========================================================================
Worker process is ready to serve import requests
Launched and connected shader compiler UnityShaderCompiler.exe after 0.10 seconds
Refreshing native plugins compatible for Editor in 2.57 ms, found 3 plugins.
Preloading 0 native plugins for Editor in 0.00 ms.
Unloading 2512 Unused Serialized files (Serialized files now loaded: 0)
Unloading 34 unused Assets / (58.2 KB). Loaded Objects now: 2977.
Memory consumption went from 429.9 MB to 429.9 MB.
Total: 3.135200 ms (FindLiveObjects: 0.212200 ms CreateObjectMapping: 0.118800 ms MarkObjects: 2.725500 ms  DeleteObjects: 0.077700 ms)

AssetImportParameters requested are different than current active one (requested -> active):
  custom:video-decoder-ogg-theora: a1e56fd34408186e4bbccfd4996cb3dc -> 
  custom:container-muxer-webm: aa71ff27fc2769a1b78a27578f13a17b -> 
  custom:container-demuxer-webm: 4f35f7cbe854078d1ac9338744f61a02 -> 
  custom:video-encoder-webm-vp8: eb34c28f22e8b96e1ab97ce403110664 -> 
  custom:audio-encoder-webm-vorbis: bf7c407c2cedff20999df2af8eb42d56 -> 
  custom:framework-win-MediaFoundation: 216162199b28c13a410421893ffa2e32 -> 
  custom:container-demuxer-ogg: 62fdf1f143b41e24485cea50d1cbac27 -> 
  custom:video-decoder-webm-vp8: 9c59270c3fd7afecdb556c50c9e8de78 -> 
  custom:audio-decoder-ogg-vorbis: bf7c407c2cedff20999df2af8eb42d56 -> 
========================================================================
Received Import Request.
  Time since last request: 302953.615224 seconds.
  path: Assets/Resources/SPUM/SPUM_Sprites/Items/3_Pant/Foot_3.png
  artifactKey: Guid(c8a4db297c0ce4a38abd3c1d2da37e98) Importer(815301076,1909f56bfc062723c751e8b465ee728b)
Start importing Assets/Resources/SPUM/SPUM_Sprites/Items/3_Pant/Foot_3.png using Guid(c8a4db297c0ce4a38abd3c1d2da37e98) Importer(815301076,1909f56bfc062723c751e8b465ee728b)  -> (artifact id: 'c54da9ad1c0986a04fa5bca2d7cc328d') in 0.123383 seconds 
========================================================================
Received Import Request.
  Time since last request: 7100.288414 seconds.
  path: Assets/ElvGames/Temple - Rogue Adventure/Tiles/RA_Temple_1.asset
  artifactKey: Guid(577c5fc91f7c1d445aed0328e890b208) Importer(815301076,1909f56bfc062723c751e8b465ee728b)
Start importing Assets/ElvGames/Temple - Rogue Adventure/Tiles/RA_Temple_1.asset using Guid(577c5fc91f7c1d445aed0328e890b208) Importer(815301076,1909f56bfc062723c751e8b465ee728b)  -> (artifact id: 'b0e3f40a3a37319e24ee296f387d10ae') in 0.146002 seconds 
========================================================================
Received Import Request.
  Time since last request: 0.000103 seconds.
  path: Assets/ElvGames/Temple - Rogue Adventure/Tiles/RA_Temple_64.asset
  artifactKey: Guid(2345b3eda83116840a7e7750066b4a05) Importer(815301076,1909f56bfc062723c751e8b465ee728b)
Start importing Assets/ElvGames/Temple - Rogue Adventure/Tiles/RA_Temple_64.asset using Guid(2345b3eda83116840a7e7750066b4a05) Importer(815301076,1909f56bfc062723c751e8b465ee728b)  -> (artifact id: 'ffafa89aec9a2e8014d64440de7ecc6e') in 0.015038 seconds 
========================================================================
Received Import Request.
  Time since last request: 0.000029 seconds.
  path: Assets/ElvGames/Temple - Rogue Adventure/Tiles/RA_Temple_24.asset
  artifactKey: Guid(38f0cf70eb1478f4c9d0dc4153c9aa0b) Importer(815301076,1909f56bfc062723c751e8b465ee728b)
Start importing Assets/ElvGames/Temple - Rogue Adventure/Tiles/RA_Temple_24.asset using Guid(38f0cf70eb1478f4c9d0dc4153c9aa0b) Importer(815301076,1909f56bfc062723c751e8b465ee728b)  -> (artifact id: 'd7d9e1645b50bbff4564931e1163245f') in 0.014886 seconds 
========================================================================
Received Import Request.
  Time since last request: 0.000025 seconds.
  path: Assets/ElvGames/Temple - Rogue Adventure/Tiles/RA_Temple_43.asset
  artifactKey: Guid(4d050d84f122d594c96cd11e3f92fb3d) Importer(815301076,1909f56bfc062723c751e8b465ee728b)
Start importing Assets/ElvGames/Temple - Rogue Adventure/Tiles/RA_Temple_43.asset using Guid(4d050d84f122d594c96cd11e3f92fb3d) Importer(815301076,1909f56bfc062723c751e8b465ee728b)  -> (artifact id: '6d3660fcb2c2b3a5ed2392320a5eea6d') in 0.013105 seconds 
========================================================================
Received Import Request.
  Time since last request: 0.000020 seconds.
  path: Assets/ElvGames/Temple - Rogue Adventure/Tiles/RA_Temple_82.asset
  artifactKey: Guid(c09910362cee95949a16740f33ea97e2) Importer(815301076,1909f56bfc062723c751e8b465ee728b)
Start importing Assets/ElvGames/Temple - Rogue Adventure/Tiles/RA_Temple_82.asset using Guid(c09910362cee95949a16740f33ea97e2) Importer(815301076,1909f56bfc062723c751e8b465ee728b)  -> (artifact id: '76e10edf86bf482f4fa963f4fb5ffa07') in 0.010491 seconds 
========================================================================
Received Import Request.
  Time since last request: 0.000040 seconds.
  path: Assets/ElvGames/Temple - Rogue Adventure/Tiles/RA_Temple_5.asset
  artifactKey: Guid(f4980045fc1aada4d89237e64c7b6cc5) Importer(815301076,1909f56bfc062723c751e8b465ee728b)
Start importing Assets/ElvGames/Temple - Rogue Adventure/Tiles/RA_Temple_5.asset using Guid(f4980045fc1aada4d89237e64c7b6cc5) Importer(815301076,1909f56bfc062723c751e8b465ee728b)  -> (artifact id: 'bf0f9864757ccb53f7d543b67c5daba8') in 0.011051 seconds 
========================================================================
Received Import Request.
  Time since last request: 0.000026 seconds.
  path: Assets/ElvGames/Temple - Rogue Adventure/Tiles/RA_Temple_42.asset
  artifactKey: Guid(e2a501c6e3e55484995191a59b726ca8) Importer(815301076,1909f56bfc062723c751e8b465ee728b)
Start importing Assets/ElvGames/Temple - Rogue Adventure/Tiles/RA_Temple_42.asset using Guid(e2a501c6e3e55484995191a59b726ca8) Importer(815301076,1909f56bfc062723c751e8b465ee728b)  -> (artifact id: 'b242b2e897e803df92c5c2827ef769b0') in 0.012414 seconds 
========================================================================
Received Import Request.
  Time since last request: 0.000022 seconds.
  path: Assets/ElvGames/Temple - Rogue Adventure/Tiles/RA_Temple_25.asset
  artifactKey: Guid(24bafdeb67e04894f8634038ad5716e1) Importer(815301076,1909f56bfc062723c751e8b465ee728b)
Start importing Assets/ElvGames/Temple - Rogue Adventure/Tiles/RA_Temple_25.asset using Guid(24bafdeb67e04894f8634038ad5716e1) Importer(815301076,1909f56bfc062723c751e8b465ee728b)  -> (artifact id: 'a87675b9b4bbc25bdc801eb7fa67937d') in 0.014970 seconds 
========================================================================
Received Import Request.
  Time since last request: 0.000016 seconds.
  path: Assets/ElvGames/Temple - Rogue Adventure/Tiles/RA_Temple_35.asset
  artifactKey: Guid(70d7a271cbc8e124ca68b60998178a3a) Importer(815301076,1909f56bfc062723c751e8b465ee728b)
Start importing Assets/ElvGames/Temple - Rogue Adventure/Tiles/RA_Temple_35.asset using Guid(70d7a271cbc8e124ca68b60998178a3a) Importer(815301076,1909f56bfc062723c751e8b465ee728b)  -> (artifact id: '486f52b93402a0e34f2725fa53539f97') in 0.010088 seconds 
========================================================================
Received Import Request.
  Time since last request: 0.000016 seconds.
  path: Assets/ElvGames/Temple - Rogue Adventure/Tiles/RA_Temple_80.asset
  artifactKey: Guid(8fa1ff4c84e623943aee1a5595c0219c) Importer(815301076,1909f56bfc062723c751e8b465ee728b)
Start importing Assets/ElvGames/Temple - Rogue Adventure/Tiles/RA_Temple_80.asset using Guid(8fa1ff4c84e623943aee1a5595c0219c) Importer(815301076,1909f56bfc062723c751e8b465ee728b)  -> (artifact id: '592bd7656e28e0128709801b1d31bbc7') in 0.012323 seconds 
========================================================================
Received Import Request.
  Time since last request: 0.000017 seconds.
  path: Assets/ElvGames/Temple - Rogue Adventure/Tiles/RA_Temple_26.asset
  artifactKey: Guid(be796895a87bd95448e7d93f97eb77bf) Importer(815301076,1909f56bfc062723c751e8b465ee728b)
Start importing Assets/ElvGames/Temple - Rogue Adventure/Tiles/RA_Temple_26.asset using Guid(be796895a87bd95448e7d93f97eb77bf) Importer(815301076,1909f56bfc062723c751e8b465ee728b)  -> (artifact id: '59ea86ba5d1fe62ecdc5df4b2f8fdc8f') in 0.013753 seconds 
========================================================================
Received Import Request.
  Time since last request: 0.000024 seconds.
  path: Assets/ElvGames/Temple - Rogue Adventure/Tiles/RA_Temple_87.asset
  artifactKey: Guid(e4e87067740f5a342918e1374c21c0d5) Importer(815301076,1909f56bfc062723c751e8b465ee728b)
Start importing Assets/ElvGames/Temple - Rogue Adventure/Tiles/RA_Temple_87.asset using Guid(e4e87067740f5a342918e1374c21c0d5) Importer(815301076,1909f56bfc062723c751e8b465ee728b)  -> (artifact id: '41db43f071e233852bae0205d941ac0f') in 0.012939 seconds 
========================================================================
Received Import Request.
  Time since last request: 0.000028 seconds.
  path: Assets/ElvGames/Temple - Rogue Adventure/Tiles/RA_Temple_54.asset
  artifactKey: Guid(a711029955d2a564789c5fa6cee7b2a1) Importer(815301076,1909f56bfc062723c751e8b465ee728b)
Start importing Assets/ElvGames/Temple - Rogue Adventure/Tiles/RA_Temple_54.asset using Guid(a711029955d2a564789c5fa6cee7b2a1) Importer(815301076,1909f56bfc062723c751e8b465ee728b)  -> (artifact id: '431bd59cba6c7faed9152fbee5216c35') in 0.014549 seconds 
========================================================================
Received Import Request.
  Time since last request: 0.000015 seconds.
  path: Assets/ElvGames/Temple - Rogue Adventure/Tiles/RA_Temple_2.asset
  artifactKey: Guid(b7e63ac28d65ec34bb935fa6ba9bd37c) Importer(815301076,1909f56bfc062723c751e8b465ee728b)
Start importing Assets/ElvGames/Temple - Rogue Adventure/Tiles/RA_Temple_2.asset using Guid(b7e63ac28d65ec34bb935fa6ba9bd37c) Importer(815301076,1909f56bfc062723c751e8b465ee728b)  -> (artifact id: 'be4051f335b3fe2c41835ea18612a25c') in 0.013129 seconds 
========================================================================
Received Import Request.
  Time since last request: 0.000017 seconds.
  path: Assets/ElvGames/Temple - Rogue Adventure/Tiles/RA_Temple_85.asset
  artifactKey: Guid(1df983549c36ce4459a3cecfee20d3d4) Importer(815301076,1909f56bfc062723c751e8b465ee728b)
Start importing Assets/ElvGames/Temple - Rogue Adventure/Tiles/RA_Temple_85.asset using Guid(1df983549c36ce4459a3cecfee20d3d4) Importer(815301076,1909f56bfc062723c751e8b465ee728b)  -> (artifact id: 'add945927fa2b0cde6eb34a596709e38') in 0.013228 seconds 
========================================================================
Received Import Request.
  Time since last request: 0.000021 seconds.
  path: Assets/ElvGames/Temple - Rogue Adventure/Tiles/RA_Temple_39.asset
  artifactKey: Guid(86219f0d0c7aa8e4b86e340cd7e7db22) Importer(815301076,1909f56bfc062723c751e8b465ee728b)
Start importing Assets/ElvGames/Temple - Rogue Adventure/Tiles/RA_Temple_39.asset using Guid(86219f0d0c7aa8e4b86e340cd7e7db22) Importer(815301076,1909f56bfc062723c751e8b465ee728b)  -> (artifact id: 'cbc167b832f23320b79d920272faeaa0') in 0.012868 seconds 
========================================================================
Received Import Request.
  Time since last request: 0.000023 seconds.
  path: Assets/ElvGames/Temple - Rogue Adventure/Tiles/RA_Temple_41.asset
  artifactKey: Guid(18f6994253360d74a919bf1a5a968f53) Importer(815301076,1909f56bfc062723c751e8b465ee728b)
Start importing Assets/ElvGames/Temple - Rogue Adventure/Tiles/RA_Temple_41.asset using Guid(18f6994253360d74a919bf1a5a968f53) Importer(815301076,1909f56bfc062723c751e8b465ee728b)  -> (artifact id: 'a747d369634c6d4f08b5f4a2c2201f29') in 0.014193 seconds 
========================================================================
Received Import Request.
  Time since last request: 0.000026 seconds.
  path: Assets/ElvGames/Temple - Rogue Adventure/Tiles/RA_Temple_62.asset
  artifactKey: Guid(1be43229b2390354e82c45d28b416ce3) Importer(815301076,1909f56bfc062723c751e8b465ee728b)
Start importing Assets/ElvGames/Temple - Rogue Adventure/Tiles/RA_Temple_62.asset using Guid(1be43229b2390354e82c45d28b416ce3) Importer(815301076,1909f56bfc062723c751e8b465ee728b)  -> (artifact id: '581b06faae159f0beab9d6183fefd332') in 0.013986 seconds 
========================================================================
Received Import Request.
  Time since last request: 0.000025 seconds.
  path: Assets/ElvGames/Temple - Rogue Adventure/Tiles/RA_Temple_100.asset
  artifactKey: Guid(ea4f293f557d2a4479132516307d7606) Importer(815301076,1909f56bfc062723c751e8b465ee728b)
Start importing Assets/ElvGames/Temple - Rogue Adventure/Tiles/RA_Temple_100.asset using Guid(ea4f293f557d2a4479132516307d7606) Importer(815301076,1909f56bfc062723c751e8b465ee728b)  -> (artifact id: '82aa1f4e8fe2dd54c8c129e927601df9') in 0.013978 seconds 
========================================================================
Received Import Request.
  Time since last request: 0.000029 seconds.
  path: Assets/ElvGames/Temple - Rogue Adventure/Tiles/RA_Temple_103.asset
  artifactKey: Guid(535a9555343f0df479b53edaa3727108) Importer(815301076,1909f56bfc062723c751e8b465ee728b)
Start importing Assets/ElvGames/Temple - Rogue Adventure/Tiles/RA_Temple_103.asset using Guid(535a9555343f0df479b53edaa3727108) Importer(815301076,1909f56bfc062723c751e8b465ee728b)  -> (artifact id: '5a682e19f3f90c571edbf9739f5d938a') in 0.012313 seconds 
========================================================================
Received Import Request.
  Time since last request: 0.000028 seconds.
  path: Assets/ElvGames/Temple - Rogue Adventure/Tiles/RA_Temple_109.asset
  artifactKey: Guid(acebf8b21131ce84c81d9564f14473c5) Importer(815301076,1909f56bfc062723c751e8b465ee728b)
Start importing Assets/ElvGames/Temple - Rogue Adventure/Tiles/RA_Temple_109.asset using Guid(acebf8b21131ce84c81d9564f14473c5) Importer(815301076,1909f56bfc062723c751e8b465ee728b)  -> (artifact id: '469cf41984295ca9b00d0aae40ac2ebf') in 0.013859 seconds 
========================================================================
Received Import Request.
  Time since last request: 0.000021 seconds.
  path: Assets/ElvGames/Temple - Rogue Adventure/Tiles/RA_Temple_116.asset
  artifactKey: Guid(9c69ebb2d20ac6c4097df540f584b0f7) Importer(815301076,1909f56bfc062723c751e8b465ee728b)
Start importing Assets/ElvGames/Temple - Rogue Adventure/Tiles/RA_Temple_116.asset using Guid(9c69ebb2d20ac6c4097df540f584b0f7) Importer(815301076,1909f56bfc062723c751e8b465ee728b)  -> (artifact id: '593036aea1482bda8d474709d8013da0') in 0.013069 seconds 
========================================================================
Received Import Request.
  Time since last request: 0.000018 seconds.
  path: Assets/ElvGames/Temple - Rogue Adventure/Tiles/RA_Temple_121.asset
  artifactKey: Guid(c12b26ea3c4268d4ca26faac94bfcb28) Importer(815301076,1909f56bfc062723c751e8b465ee728b)
Start importing Assets/ElvGames/Temple - Rogue Adventure/Tiles/RA_Temple_121.asset using Guid(c12b26ea3c4268d4ca26faac94bfcb28) Importer(815301076,1909f56bfc062723c751e8b465ee728b)  -> (artifact id: '55cd11244f144f11d885b6692453ef82') in 0.014626 seconds 
========================================================================
Received Import Request.
  Time since last request: 0.000024 seconds.
  path: Assets/ElvGames/Temple - Rogue Adventure/Tiles/RA_Temple_123.asset
  artifactKey: Guid(f38d650cfcdf9cc479daec58c2d433f9) Importer(815301076,1909f56bfc062723c751e8b465ee728b)
Start importing Assets/ElvGames/Temple - Rogue Adventure/Tiles/RA_Temple_123.asset using Guid(f38d650cfcdf9cc479daec58c2d433f9) Importer(815301076,1909f56bfc062723c751e8b465ee728b)  -> (artifact id: '23ecd391e86af44a6e3213e9901c3fb8') in 0.013131 seconds 
========================================================================
Received Import Request.
  Time since last request: 0.000019 seconds.
  path: Assets/ElvGames/Temple - Rogue Adventure/Tiles/RA_Temple_111.asset
  artifactKey: Guid(0e3f1d6e58847464cbb5d1ee7a63a7d4) Importer(815301076,1909f56bfc062723c751e8b465ee728b)
Start importing Assets/ElvGames/Temple - Rogue Adventure/Tiles/RA_Temple_111.asset using Guid(0e3f1d6e58847464cbb5d1ee7a63a7d4) Importer(815301076,1909f56bfc062723c751e8b465ee728b)  -> (artifact id: '780fe3275966ad25251adc909ca95a32') in 0.022392 seconds 
========================================================================
Received Import Request.
  Time since last request: 0.000028 seconds.
  path: Assets/ElvGames/Temple - Rogue Adventure/Tiles/RA_Temple_118.asset
  artifactKey: Guid(a64de39799bb58d48a319ae097229114) Importer(815301076,1909f56bfc062723c751e8b465ee728b)
Start importing Assets/ElvGames/Temple - Rogue Adventure/Tiles/RA_Temple_118.asset using Guid(a64de39799bb58d48a319ae097229114) Importer(815301076,1909f56bfc062723c751e8b465ee728b)  -> (artifact id: '95141b9e55d4c66f7edbcb5794455180') in 0.017801 seconds 
========================================================================
Received Import Request.
  Time since last request: 0.000021 seconds.
  path: Assets/ElvGames/Temple - Rogue Adventure/Tiles/RA_Temple_91.asset
  artifactKey: Guid(9e0d06c1090a41c4d876fd4a64e4868a) Importer(815301076,1909f56bfc062723c751e8b465ee728b)
Start importing Assets/ElvGames/Temple - Rogue Adventure/Tiles/RA_Temple_91.asset using Guid(9e0d06c1090a41c4d876fd4a64e4868a) Importer(815301076,1909f56bfc062723c751e8b465ee728b)  -> (artifact id: 'b67ef51f78eb77fa89378f890d880c20') in 0.017566 seconds 
========================================================================
Received Import Request.
  Time since last request: 0.000029 seconds.
  path: Assets/ElvGames/Temple - Rogue Adventure/Tiles/RA_Temple_27.asset
  artifactKey: Guid(7a4fcba90f9e2b24d88b7f446bc62ed4) Importer(815301076,1909f56bfc062723c751e8b465ee728b)
Start importing Assets/ElvGames/Temple - Rogue Adventure/Tiles/RA_Temple_27.asset using Guid(7a4fcba90f9e2b24d88b7f446bc62ed4) Importer(815301076,1909f56bfc062723c751e8b465ee728b)  -> (artifact id: '1d1a1fda357f3a5c098d7d5ee5efa2fb') in 0.014354 seconds 
========================================================================
Received Import Request.
  Time since last request: 0.000034 seconds.
  path: Assets/ElvGames/Temple - Rogue Adventure/Tiles/RA_Temple_69.asset
  artifactKey: Guid(3751caa1d5c441444b9d65afc5173423) Importer(815301076,1909f56bfc062723c751e8b465ee728b)
Start importing Assets/ElvGames/Temple - Rogue Adventure/Tiles/RA_Temple_69.asset using Guid(3751caa1d5c441444b9d65afc5173423) Importer(815301076,1909f56bfc062723c751e8b465ee728b)  -> (artifact id: '0f0cba1c238f614fb586c52c1a510137') in 0.013958 seconds 
========================================================================
Received Import Request.
  Time since last request: 0.000025 seconds.
  path: Assets/ElvGames/Temple - Rogue Adventure/Tiles/RA_Temple_9.asset
  artifactKey: Guid(be21b3862955bc44a9ab56ebc8da92ae) Importer(815301076,1909f56bfc062723c751e8b465ee728b)
Start importing Assets/ElvGames/Temple - Rogue Adventure/Tiles/RA_Temple_9.asset using Guid(be21b3862955bc44a9ab56ebc8da92ae) Importer(815301076,1909f56bfc062723c751e8b465ee728b)  -> (artifact id: '2e996fede405f4239ac8c7efc5f756c8') in 0.013605 seconds 
========================================================================
Received Import Request.
  Time since last request: 0.000019 seconds.
  path: Assets/ElvGames/Temple - Rogue Adventure/Tiles/RA_Temple_78.asset
  artifactKey: Guid(00f90416bc143f7459065ee63144d495) Importer(815301076,1909f56bfc062723c751e8b465ee728b)
Start importing Assets/ElvGames/Temple - Rogue Adventure/Tiles/RA_Temple_78.asset using Guid(00f90416bc143f7459065ee63144d495) Importer(815301076,1909f56bfc062723c751e8b465ee728b)  -> (artifact id: '315a2859b687c8f3d565b19c91bbc49e') in 0.013760 seconds 
========================================================================
Received Import Request.
  Time since last request: 0.000023 seconds.
  path: Assets/ElvGames/Temple - Rogue Adventure/Tiles/RA_Temple_17.asset
  artifactKey: Guid(5ab5805ec19a071499b9a10750a39bc0) Importer(815301076,1909f56bfc062723c751e8b465ee728b)
Start importing Assets/ElvGames/Temple - Rogue Adventure/Tiles/RA_Temple_17.asset using Guid(5ab5805ec19a071499b9a10750a39bc0) Importer(815301076,1909f56bfc062723c751e8b465ee728b)  -> (artifact id: 'd30c1e0cbe3b4b5bc71102f9cbe2725d') in 0.014124 seconds 
========================================================================
Received Import Request.
  Time since last request: 0.000020 seconds.
  path: Assets/ElvGames/Temple - Rogue Adventure/Tiles/RA_Temple_74.asset
  artifactKey: Guid(5d8f5849b34775a4fa385ebc419968b6) Importer(815301076,1909f56bfc062723c751e8b465ee728b)
Start importing Assets/ElvGames/Temple - Rogue Adventure/Tiles/RA_Temple_74.asset using Guid(5d8f5849b34775a4fa385ebc419968b6) Importer(815301076,1909f56bfc062723c751e8b465ee728b)  -> (artifact id: '6fd1e83e653cf4438ec87fe240a13e99') in 0.015884 seconds 
========================================================================
Received Import Request.
  Time since last request: 0.000022 seconds.
  path: Assets/ElvGames/Temple - Rogue Adventure/Tiles/RA_Temple_46.asset
  artifactKey: Guid(9017cc036f829b54cbd7b2539fdaa9ba) Importer(815301076,1909f56bfc062723c751e8b465ee728b)
Start importing Assets/ElvGames/Temple - Rogue Adventure/Tiles/RA_Temple_46.asset using Guid(9017cc036f829b54cbd7b2539fdaa9ba) Importer(815301076,1909f56bfc062723c751e8b465ee728b)  -> (artifact id: '061e56dabafe7537b827d52cdfc35b3f') in 0.013448 seconds 
========================================================================
Received Import Request.
  Time since last request: 0.000027 seconds.
  path: Assets/ElvGames/Temple - Rogue Adventure/Tiles/RA_Temple_32.asset
  artifactKey: Guid(9be7516625fd2fe4281f62ac54afe5f3) Importer(815301076,1909f56bfc062723c751e8b465ee728b)
Start importing Assets/ElvGames/Temple - Rogue Adventure/Tiles/RA_Temple_32.asset using Guid(9be7516625fd2fe4281f62ac54afe5f3) Importer(815301076,1909f56bfc062723c751e8b465ee728b)  -> (artifact id: 'e8b1e553d3787e29398db53ccb032a4f') in 0.013503 seconds 
========================================================================
Received Import Request.
  Time since last request: 0.000023 seconds.
  path: Assets/ElvGames/Temple - Rogue Adventure/Tiles/RA_Temple_21.asset
  artifactKey: Guid(a7c1c846b3568714d866958abf4fa2fd) Importer(815301076,1909f56bfc062723c751e8b465ee728b)
Start importing Assets/ElvGames/Temple - Rogue Adventure/Tiles/RA_Temple_21.asset using Guid(a7c1c846b3568714d866958abf4fa2fd) Importer(815301076,1909f56bfc062723c751e8b465ee728b)  -> (artifact id: 'd3d8d8bb59a6537e2207f216099dc662') in 0.012554 seconds 
========================================================================
Received Import Request.
  Time since last request: 0.000022 seconds.
  path: Assets/ElvGames/Temple - Rogue Adventure/Tiles/RA_Temple_92.asset
  artifactKey: Guid(1cfd0bc4567ce304f81968df34b6d1fb) Importer(815301076,1909f56bfc062723c751e8b465ee728b)
Start importing Assets/ElvGames/Temple - Rogue Adventure/Tiles/RA_Temple_92.asset using Guid(1cfd0bc4567ce304f81968df34b6d1fb) Importer(815301076,1909f56bfc062723c751e8b465ee728b)  -> (artifact id: '9283afb6a8ff88f01e7bc2d1ff725467') in 0.014375 seconds 
========================================================================
Received Import Request.
  Time since last request: 0.000022 seconds.
  path: Assets/ElvGames/Temple - Rogue Adventure/Tiles/RA_Temple_98.asset
  artifactKey: Guid(fbd815270136b874f9395c2f0321b8f7) Importer(815301076,1909f56bfc062723c751e8b465ee728b)
Start importing Assets/ElvGames/Temple - Rogue Adventure/Tiles/RA_Temple_98.asset using Guid(fbd815270136b874f9395c2f0321b8f7) Importer(815301076,1909f56bfc062723c751e8b465ee728b)  -> (artifact id: 'a27084a9e4d8d491de5efe88507882ba') in 0.014993 seconds 
========================================================================
Received Import Request.
  Time since last request: 0.000024 seconds.
  path: Assets/ElvGames/Temple - Rogue Adventure/Tiles/RA_Temple_107.asset
  artifactKey: Guid(a1c578ce3be67434b9e64d1f89025179) Importer(815301076,1909f56bfc062723c751e8b465ee728b)
Start importing Assets/ElvGames/Temple - Rogue Adventure/Tiles/RA_Temple_107.asset using Guid(a1c578ce3be67434b9e64d1f89025179) Importer(815301076,1909f56bfc062723c751e8b465ee728b)  -> (artifact id: 'd717ef12f099b637b2e189d377a7752b') in 0.012353 seconds 
========================================================================
Received Import Request.
  Time since last request: 0.000021 seconds.
  path: Assets/ElvGames/Temple - Rogue Adventure/Tiles/RA_Temple_50.asset
  artifactKey: Guid(33c7ba916afac1743a6672ccd38b0a2d) Importer(815301076,1909f56bfc062723c751e8b465ee728b)
Start importing Assets/ElvGames/Temple - Rogue Adventure/Tiles/RA_Temple_50.asset using Guid(33c7ba916afac1743a6672ccd38b0a2d) Importer(815301076,1909f56bfc062723c751e8b465ee728b)  -> (artifact id: '51b77ef34fcbcfebe2065d4e4b98f7a5') in 0.012561 seconds 
========================================================================
Received Import Request.
  Time since last request: 0.000030 seconds.
  path: Assets/ElvGames/Temple - Rogue Adventure/Tiles/RA_Temple_84.asset
  artifactKey: Guid(20901e36f0748f94aa5cb409d8beb629) Importer(815301076,1909f56bfc062723c751e8b465ee728b)
Start importing Assets/ElvGames/Temple - Rogue Adventure/Tiles/RA_Temple_84.asset using Guid(20901e36f0748f94aa5cb409d8beb629) Importer(815301076,1909f56bfc062723c751e8b465ee728b)  -> (artifact id: 'affe1c14f6c6ecf9ed988ff41305ed7a') in 0.013237 seconds 
========================================================================
Received Import Request.
  Time since last request: 0.000018 seconds.
  path: Assets/ElvGames/Temple - Rogue Adventure/Tiles/RA_Temple_45.asset
  artifactKey: Guid(5c7f86ad3b9bc05408d2bbdafe4b6571) Importer(815301076,1909f56bfc062723c751e8b465ee728b)
Start importing Assets/ElvGames/Temple - Rogue Adventure/Tiles/RA_Temple_45.asset using Guid(5c7f86ad3b9bc05408d2bbdafe4b6571) Importer(815301076,1909f56bfc062723c751e8b465ee728b)  -> (artifact id: '7502122f854d85bbaa7c5dcf8cf965f0') in 0.013304 seconds 
========================================================================
Received Import Request.
  Time since last request: 0.000024 seconds.
  path: Assets/ElvGames/Temple - Rogue Adventure/Tiles/RA_Temple_31.asset
  artifactKey: Guid(d7fc5d455dc580249a99aa4e01316a6a) Importer(815301076,1909f56bfc062723c751e8b465ee728b)
Start importing Assets/ElvGames/Temple - Rogue Adventure/Tiles/RA_Temple_31.asset using Guid(d7fc5d455dc580249a99aa4e01316a6a) Importer(815301076,1909f56bfc062723c751e8b465ee728b)  -> (artifact id: '77244199aaa2798b56b8dfd71d0c059c') in 0.015317 seconds 
========================================================================
Received Import Request.
  Time since last request: 0.000016 seconds.
  path: Assets/ElvGames/Temple - Rogue Adventure/Tiles/RA_Temple_12.asset
  artifactKey: Guid(071d09b1600463a448e980f7b8d7c4a9) Importer(815301076,1909f56bfc062723c751e8b465ee728b)
Start importing Assets/ElvGames/Temple - Rogue Adventure/Tiles/RA_Temple_12.asset using Guid(071d09b1600463a448e980f7b8d7c4a9) Importer(815301076,1909f56bfc062723c751e8b465ee728b)  -> (artifact id: '6472fc45b27ff9e22463b3b6093931a7') in 0.013123 seconds 
========================================================================
Received Import Request.
  Time since last request: 0.000029 seconds.
  path: Assets/ElvGames/Temple - Rogue Adventure/Tiles/RA_Temple_68.asset
  artifactKey: Guid(1b987d90ab609cc4999eb2c96f4cee93) Importer(815301076,1909f56bfc062723c751e8b465ee728b)
Start importing Assets/ElvGames/Temple - Rogue Adventure/Tiles/RA_Temple_68.asset using Guid(1b987d90ab609cc4999eb2c96f4cee93) Importer(815301076,1909f56bfc062723c751e8b465ee728b)  -> (artifact id: 'e219705e71c6cf9e1f73cfbab66ab1d9') in 0.015780 seconds 
========================================================================
Received Import Request.
  Time since last request: 0.000024 seconds.
  path: Assets/ElvGames/Temple - Rogue Adventure/Tiles/RA_Temple_16.asset
  artifactKey: Guid(6079785a43c5953489dd543fd62ae501) Importer(815301076,1909f56bfc062723c751e8b465ee728b)
Start importing Assets/ElvGames/Temple - Rogue Adventure/Tiles/RA_Temple_16.asset using Guid(6079785a43c5953489dd543fd62ae501) Importer(815301076,1909f56bfc062723c751e8b465ee728b)  -> (artifact id: '69c2adb0bc407eb4d8f9e90f0492864c') in 0.013449 seconds 
========================================================================
Received Import Request.
  Time since last request: 0.000027 seconds.
  path: Assets/ElvGames/Temple - Rogue Adventure/Tiles/RA_Temple_70.asset
  artifactKey: Guid(996179d6206197a47ae8c9aefbf7ef94) Importer(815301076,1909f56bfc062723c751e8b465ee728b)
Start importing Assets/ElvGames/Temple - Rogue Adventure/Tiles/RA_Temple_70.asset using Guid(996179d6206197a47ae8c9aefbf7ef94) Importer(815301076,1909f56bfc062723c751e8b465ee728b)  -> (artifact id: '3249287488695a643c17950dee48b8e7') in 0.013274 seconds 
========================================================================
Received Import Request.
  Time since last request: 0.000015 seconds.
  path: Assets/ElvGames/Temple - Rogue Adventure/Tiles/RA_Temple_77.asset
  artifactKey: Guid(c188a163d6e9c374d9270364d90fe000) Importer(815301076,1909f56bfc062723c751e8b465ee728b)
Start importing Assets/ElvGames/Temple - Rogue Adventure/Tiles/RA_Temple_77.asset using Guid(c188a163d6e9c374d9270364d90fe000) Importer(815301076,1909f56bfc062723c751e8b465ee728b)  -> (artifact id: 'ea6dbb9d5e298161bd63d93344e43c39') in 0.013679 seconds 
========================================================================
Received Import Request.
  Time since last request: 0.000058 seconds.
  path: Assets/ElvGames/Temple - Rogue Adventure/Tiles/RA_Temple_86.asset
  artifactKey: Guid(1812171fab83e8d45a30c6e0fee54d22) Importer(815301076,1909f56bfc062723c751e8b465ee728b)
Start importing Assets/ElvGames/Temple - Rogue Adventure/Tiles/RA_Temple_86.asset using Guid(1812171fab83e8d45a30c6e0fee54d22) Importer(815301076,1909f56bfc062723c751e8b465ee728b)  -> (artifact id: '2d1cf265ead33fa904f4ebdde168c07a') in 0.011244 seconds 
========================================================================
Received Import Request.
  Time since last request: 0.000022 seconds.
  path: Assets/ElvGames/Temple - Rogue Adventure/Tiles/RA_Temple_61.asset
  artifactKey: Guid(bb4ec7fc7719c9c4bb76e48979b2db69) Importer(815301076,1909f56bfc062723c751e8b465ee728b)
Start importing Assets/ElvGames/Temple - Rogue Adventure/Tiles/RA_Temple_61.asset using Guid(bb4ec7fc7719c9c4bb76e48979b2db69) Importer(815301076,1909f56bfc062723c751e8b465ee728b)  -> (artifact id: '0a3aab77d31b36c4aa5a8122d6c98c13') in 0.013370 seconds 
========================================================================
Received Import Request.
  Time since last request: 0.000026 seconds.
  path: Assets/ElvGames/Temple - Rogue Adventure/Tiles/RA_Temple_96.asset
  artifactKey: Guid(06c5716105a892c449fa268893e366df) Importer(815301076,1909f56bfc062723c751e8b465ee728b)
Start importing Assets/ElvGames/Temple - Rogue Adventure/Tiles/RA_Temple_96.asset using Guid(06c5716105a892c449fa268893e366df) Importer(815301076,1909f56bfc062723c751e8b465ee728b)  -> (artifact id: 'da1b32e6140a673cd751e566b3c1724f') in 0.013931 seconds 
========================================================================
Received Import Request.
  Time since last request: 0.000022 seconds.
  path: Assets/ElvGames/Temple - Rogue Adventure/Tiles/RA_Temple_95.asset
  artifactKey: Guid(ce61e0750692cbd468d0fd404075e3cd) Importer(815301076,1909f56bfc062723c751e8b465ee728b)
Start importing Assets/ElvGames/Temple - Rogue Adventure/Tiles/RA_Temple_95.asset using Guid(ce61e0750692cbd468d0fd404075e3cd) Importer(815301076,1909f56bfc062723c751e8b465ee728b)  -> (artifact id: 'bc9a294f364984d610a0fb1c80bd4ce7') in 0.014853 seconds 
========================================================================
Received Import Request.
  Time since last request: 0.000023 seconds.
  path: Assets/ElvGames/Temple - Rogue Adventure/Tiles/RA_Temple_52.asset
  artifactKey: Guid(88bb8f8fa06d3b94ea782ba3d48d6b9f) Importer(815301076,1909f56bfc062723c751e8b465ee728b)
Start importing Assets/ElvGames/Temple - Rogue Adventure/Tiles/RA_Temple_52.asset using Guid(88bb8f8fa06d3b94ea782ba3d48d6b9f) Importer(815301076,1909f56bfc062723c751e8b465ee728b)  -> (artifact id: 'eb5fffab2839441c494f5a25c50a3d45') in 0.014448 seconds 
========================================================================
Received Import Request.
  Time since last request: 0.000023 seconds.
  path: Assets/ElvGames/Temple - Rogue Adventure/Tiles/RA_Temple_60.asset
  artifactKey: Guid(769d8e1feac585b49acddae454163820) Importer(815301076,1909f56bfc062723c751e8b465ee728b)
Start importing Assets/ElvGames/Temple - Rogue Adventure/Tiles/RA_Temple_60.asset using Guid(769d8e1feac585b49acddae454163820) Importer(815301076,1909f56bfc062723c751e8b465ee728b)  -> (artifact id: '55454fd6f83970342c2da1ddb029c5c8') in 0.014772 seconds 
========================================================================
Received Import Request.
  Time since last request: 0.000029 seconds.
  path: Assets/ElvGames/Temple - Rogue Adventure/Tiles/RA_Temple_104.asset
  artifactKey: Guid(e0de477fbf680c24487b113dfe838ae0) Importer(815301076,1909f56bfc062723c751e8b465ee728b)
Start importing Assets/ElvGames/Temple - Rogue Adventure/Tiles/RA_Temple_104.asset using Guid(e0de477fbf680c24487b113dfe838ae0) Importer(815301076,1909f56bfc062723c751e8b465ee728b)  -> (artifact id: 'c678d0698002b3435381a1665b97eb5a') in 0.018890 seconds 
========================================================================
Received Import Request.
  Time since last request: 0.000031 seconds.
  path: Assets/ElvGames/Temple - Rogue Adventure/Tiles/RA_Temple_47.asset
  artifactKey: Guid(c339cd2aea0a4c84fadea11f75dd087b) Importer(815301076,1909f56bfc062723c751e8b465ee728b)
Start importing Assets/ElvGames/Temple - Rogue Adventure/Tiles/RA_Temple_47.asset using Guid(c339cd2aea0a4c84fadea11f75dd087b) Importer(815301076,1909f56bfc062723c751e8b465ee728b)  -> (artifact id: 'aafede6f810aebc55b173108e908faaf') in 0.014171 seconds 
========================================================================
Received Import Request.
  Time since last request: 0.000019 seconds.
  path: Assets/ElvGames/Temple - Rogue Adventure/Tiles/RA_Temple_6.asset
  artifactKey: Guid(a66ce773728b1844892f20fb29fdaf13) Importer(815301076,1909f56bfc062723c751e8b465ee728b)
Start importing Assets/ElvGames/Temple - Rogue Adventure/Tiles/RA_Temple_6.asset using Guid(a66ce773728b1844892f20fb29fdaf13) Importer(815301076,1909f56bfc062723c751e8b465ee728b)  -> (artifact id: 'f6fcb2fa3a659b30b7bc804dd4ad05a5') in 0.021487 seconds 
========================================================================
Received Import Request.
  Time since last request: 0.000020 seconds.
  path: Assets/ElvGames/Temple - Rogue Adventure/Tiles/RA_Temple_14.asset
  artifactKey: Guid(ed7fd67f7d8dc8440ae06d37d9e74b3d) Importer(815301076,1909f56bfc062723c751e8b465ee728b)
Start importing Assets/ElvGames/Temple - Rogue Adventure/Tiles/RA_Temple_14.asset using Guid(ed7fd67f7d8dc8440ae06d37d9e74b3d) Importer(815301076,1909f56bfc062723c751e8b465ee728b)  -> (artifact id: '8d88e186cbac0f05de54652fc695e5a0') in 0.015999 seconds 
========================================================================
Received Import Request.
  Time since last request: 0.000059 seconds.
  path: Assets/ElvGames/Temple - Rogue Adventure/Tiles/RA_Temple_117.asset
  artifactKey: Guid(625f289e839474240881f317a1d1c730) Importer(815301076,1909f56bfc062723c751e8b465ee728b)
Start importing Assets/ElvGames/Temple - Rogue Adventure/Tiles/RA_Temple_117.asset using Guid(625f289e839474240881f317a1d1c730) Importer(815301076,1909f56bfc062723c751e8b465ee728b)  -> (artifact id: 'aebc8cbe4259022d9c4b29567212a673') in 0.020968 seconds 
========================================================================
Received Import Request.
  Time since last request: 0.000019 seconds.
  path: Assets/ElvGames/Temple - Rogue Adventure/Tiles/RA_Temple_13.asset
  artifactKey: Guid(b844b23fd0c1d4f40bd12a8ae83043f7) Importer(815301076,1909f56bfc062723c751e8b465ee728b)
Start importing Assets/ElvGames/Temple - Rogue Adventure/Tiles/RA_Temple_13.asset using Guid(b844b23fd0c1d4f40bd12a8ae83043f7) Importer(815301076,1909f56bfc062723c751e8b465ee728b)  -> (artifact id: '98a2b551530888af5b89fe7759d9a86d') in 0.014597 seconds 
========================================================================
Received Import Request.
  Time since last request: 0.000033 seconds.
  path: Assets/ElvGames/Temple - Rogue Adventure/Tiles/RA_Temple_102.asset
  artifactKey: Guid(cc1a5962ec918dc47b9f8d407c64d7db) Importer(815301076,1909f56bfc062723c751e8b465ee728b)
Start importing Assets/ElvGames/Temple - Rogue Adventure/Tiles/RA_Temple_102.asset using Guid(cc1a5962ec918dc47b9f8d407c64d7db) Importer(815301076,1909f56bfc062723c751e8b465ee728b)  -> (artifact id: 'f3b403acdc8e820db120d78813981eeb') in 0.012434 seconds 
========================================================================
Received Import Request.
  Time since last request: 0.040599 seconds.
  path: Assets/ElvGames/Temple - Rogue Adventure/Sprites/RA_Temple_Animation01.png
  artifactKey: Guid(56e329b205de7b04fb6092b61cbead24) Importer(815301076,1909f56bfc062723c751e8b465ee728b)
Start importing Assets/ElvGames/Temple - Rogue Adventure/Sprites/RA_Temple_Animation01.png using Guid(56e329b205de7b04fb6092b61cbead24) Importer(815301076,1909f56bfc062723c751e8b465ee728b)  -> (artifact id: '1378012e6bd3c0be8e2248b713f6a03e') in 0.253890 seconds 
========================================================================
Received Import Request.
  Time since last request: 0.000035 seconds.
  path: Assets/ElvGames/Temple - Rogue Adventure/Sprites/RA_Temple_Objects.png
  artifactKey: Guid(db6e0748426850f4883d382da27873dc) Importer(815301076,1909f56bfc062723c751e8b465ee728b)
Start importing Assets/ElvGames/Temple - Rogue Adventure/Sprites/RA_Temple_Objects.png using Guid(db6e0748426850f4883d382da27873dc) Importer(815301076,1909f56bfc062723c751e8b465ee728b)  -> (artifact id: '4e23ce414ba88eeab93bf1f986b61ceb') in 0.226170 seconds 
Editor requested this worker to shutdown with reason: Scaling down because of idle timeout
AssetImportWorker is now disconnected from the server
Process exiting
Exiting without the bug reporter. Application will terminate with return code 0